#
# A fatal error has been detected by the Java Runtime Environment:
#
#  EXCEPTION_ACCESS_VIOLATION (0xc0000005) at pc=0x00007ffc9975a4c9, pid=17404, tid=0x00000000000034c4
#
# JRE version: Java(TM) SE Runtime Environment (8.0_381) (build 1.8.0_381-b09)
# Java VM: Java HotSpot(TM) 64-Bit Server VM (25.381-b09 mixed mode windows-amd64 compressed oops)
# Problematic frame:
# C  [lwjgl_opengl.dll+0xa4c9]
#
# Failed to write core dump. Minidumps are not enabled by default on client versions of Windows
#
# If you would like to submit a bug report, please visit:
#   http://bugreport.java.com/bugreport/crash.jsp
# The crash happened outside the Java Virtual Machine in native code.
# See problematic frame for where to report the bug.
#

---------------  T H R E A D  ---------------

Current thread (0x0000025ab00c9800):  JavaThread "main" [_thread_in_native, id=13508, stack(0x0000007d03100000,0x0000007d03200000)]

siginfo: ExceptionCode=0xc0000005, reading address 0x0000000000000130

Registers:
RAX=0x0000025acac28150, RBX=0x0000025ac831acd0, RCX=0x0000000000000000, RDX=0x0000007d031ff020
RSP=0x0000007d031fef88, RBP=0x0000007d031ff010, RSI=0x0000000000000000, RDI=0x0000025ab1af83fd
R8 =0x0000000000000004, R9 =0x0000000000000004, R10=0x0000025ab1b0a002, R11=0x00007ffc234ad640
R12=0x0000000000000000, R13=0x0000025ac831acc8, R14=0x0000007d031ff048, R15=0x0000025ab00c9800
RIP=0x00007ffc9975a4c9, EFLAGS=0x0000000000010202

Top of Stack: (sp=0x0000007d031fef88)
0x0000007d031fef88:   0000025ab1b0a02e 0000025ab1af83fd
0x0000007d031fef98:   0000025ab1b09d25 0000025ac831acd0
0x0000007d031fefa8:   0000007d031ff010 0000000000000000
0x0000007d031fefb8:   0000025a00000000 0000007d031ff100
0x0000007d031fefc8:   0000025ab1b09ce2 0000007d031fefd0
0x0000007d031fefd8:   0000025ac831acc8 0000007d031ff048
0x0000007d031fefe8:   0000025ac8342d00 0000000000000000
0x0000007d031feff8:   0000025ac831acd0 0000000000000000
0x0000007d031ff008:   0000007d031ff030 0000007d031ff090
0x0000007d031ff018:   0000025ab1af83fd 00000007819f43f0
0x0000007d031ff028:   0000025ab1b02df8 0000000700000000
0x0000007d031ff038:   0000000700000000 0000000700000000
0x0000007d031ff048:   0000000700000000 0000007d031ff050
0x0000007d031ff058:   0000025ac8155140 0000007d031ff100
0x0000007d031ff068:   0000025ac81552e8 0000000000000000
0x0000007d031ff078:   0000025ac8155268 0000007d031ff030 

Instructions: (pc=0x00007ffc9975a4c9)
0x00007ffc9975a4a9:   cc cc cc cc cc cc cc 48 8b 01 0f 28 cb f3 0f 10
0x00007ffc9975a4b9:   5c 24 30 0f 28 c2 f3 0f 10 54 24 28 48 8b 48 18
0x00007ffc9975a4c9:   48 ff a1 30 01 00 00 48 8b 01 0f 28 cb f2 0f 10
0x00007ffc9975a4d9:   5c 24 30 0f 28 c2 f2 0f 10 54 24 28 48 8b 48 18 


Register to memory mapping:

RAX=0x0000025acac28150 is an unknown value
RBX={method} {0x0000025ac831acd8} 'glColor4f' '(FFFF)V' in 'org/lwjgl/opengl/GL11'
RCX=0x0000000000000000 is an unknown value
RDX=0x0000007d031ff020 is pointing into the stack for thread: 0x0000025ab00c9800
RSP=0x0000007d031fef88 is pointing into the stack for thread: 0x0000025ab00c9800
RBP=0x0000007d031ff010 is pointing into the stack for thread: 0x0000025ab00c9800
RSI=0x0000000000000000 is an unknown value
RDI=0x0000025ab1af83fd is at code_begin+2301 in an Interpreter codelet
invoke return entry points  [0x0000025ab1af7b00, 0x0000025ab1af84e0]  2528 bytes
R8 =0x0000000000000004 is an unknown value
R9 =0x0000000000000004 is an unknown value
R10=0x0000025ab1b0a002 is at code_begin+962 in an Interpreter codelet
method entry point (kind = native)  [0x0000025ab1b09c40, 0x0000025ab1b0a6e0]  2720 bytes
R11=0x00007ffc234ad640 is an unknown value
R12=0x0000000000000000 is an unknown value
R13=0x0000025ac831acc8 is pointing into metadata
R14=0x0000007d031ff048 is pointing into the stack for thread: 0x0000025ab00c9800
R15=0x0000025ab00c9800 is a thread


Stack: [0x0000007d03100000,0x0000007d03200000],  sp=0x0000007d031fef88,  free space=1019k
Native frames: (J=compiled Java code, j=interpreted, Vv=VM code, C=native code)
C  [lwjgl_opengl.dll+0xa4c9]

Java frames: (J=compiled Java code, j=interpreted, Vv=VM code)
j  org.lwjgl.opengl.GL11.glColor4f(FFFF)V+0
j  pkgSlRenderer.slRenderEngine.renderCircle([F[F)V+32
j  pkgSlRenderer.slRenderEngine.render()V+29
j  pkgDriver.csc133Driver.main([Ljava/lang/String;)V+30
v  ~StubRoutines::call_stub

---------------  P R O C E S S  ---------------

Java Threads: ( => current thread )
  0x0000025aca84f000 JavaThread "Service Thread" daemon [_thread_blocked, id=17428, stack(0x0000007d04400000,0x0000007d04500000)]
  0x0000025aca7b5800 JavaThread "C1 CompilerThread3" daemon [_thread_blocked, id=23120, stack(0x0000007d04300000,0x0000007d04400000)]
  0x0000025aca7b5000 JavaThread "C2 CompilerThread2" daemon [_thread_blocked, id=11740, stack(0x0000007d04200000,0x0000007d04300000)]
  0x0000025aca7ac000 JavaThread "C2 CompilerThread1" daemon [_thread_blocked, id=18660, stack(0x0000007d04100000,0x0000007d04200000)]
  0x0000025aca7a7000 JavaThread "C2 CompilerThread0" daemon [_thread_blocked, id=32148, stack(0x0000007d04000000,0x0000007d04100000)]
  0x0000025aca7a5800 JavaThread "Monitor Ctrl-Break" daemon [_thread_in_native, id=10216, stack(0x0000007d03f00000,0x0000007d04000000)]
  0x0000025ac87dd800 JavaThread "Attach Listener" daemon [_thread_blocked, id=32684, stack(0x0000007d03e00000,0x0000007d03f00000)]
  0x0000025ac87dc800 JavaThread "Signal Dispatcher" daemon [_thread_blocked, id=9932, stack(0x0000007d03d00000,0x0000007d03e00000)]
  0x0000025ac87b2800 JavaThread "Finalizer" daemon [_thread_blocked, id=21140, stack(0x0000007d03c00000,0x0000007d03d00000)]
  0x0000025ac87ac000 JavaThread "Reference Handler" daemon [_thread_blocked, id=27748, stack(0x0000007d03b00000,0x0000007d03c00000)]
=>0x0000025ab00c9800 JavaThread "main" [_thread_in_native, id=13508, stack(0x0000007d03100000,0x0000007d03200000)]

Other Threads:
  0x0000025ac8780800 VMThread [stack: 0x0000007d03a00000,0x0000007d03b00000] [id=24348]
  0x0000025aca904000 WatcherThread [stack: 0x0000007d04500000,0x0000007d04600000] [id=22824]

VM state:not at safepoint (normal execution)

VM Mutex/Monitor currently owned by a thread: None

heap address: 0x0000000702800000, size: 3032 MB, Compressed Oops mode: Zero based, Oop shift amount: 3
Narrow klass base: 0x0000000000000000, Narrow klass shift: 3
Compressed class space size: 1073741824 Address: 0x00000007c0000000

Heap:
 PSYoungGen      total 56832K, used 13856K [0x0000000780d80000, 0x0000000784c80000, 0x00000007c0000000)
  eden space 49152K, 28% used [0x0000000780d80000,0x0000000781b08068,0x0000000783d80000)
  from space 7680K, 0% used [0x0000000784500000,0x0000000784500000,0x0000000784c80000)
  to   space 7680K, 0% used [0x0000000783d80000,0x0000000783d80000,0x0000000784500000)
 ParOldGen       total 130048K, used 0K [0x0000000702800000, 0x000000070a700000, 0x0000000780d80000)
  object space 130048K, 0% used [0x0000000702800000,0x0000000702800000,0x000000070a700000)
 Metaspace       used 6828K, capacity 7064K, committed 7296K, reserved 1056768K
  class space    used 699K, capacity 788K, committed 896K, reserved 1048576K

Card table byte_map: [0x0000025ac0eb0000,0x0000025ac14a0000] byte_map_base: 0x0000025abd69c000

Marking Bits: (ParMarkBitMap*) 0x00007ffc23aa6040
 Begin Bits: [0x0000025ac18a0000, 0x0000025ac4800000)
 End Bits:   [0x0000025ac4800000, 0x0000025ac7760000)

Polling page: 0x0000025ab0280000

CodeCache: size=245760Kb used=2726Kb max_used=2726Kb free=243033Kb
 bounds [0x0000025ab1af0000, 0x0000025ab1da0000, 0x0000025ac0af0000]
 total_blobs=1453 nmethods=533 adapters=833
 compilation: enabled

Compilation events (10 events):
Event: 0.772 Thread 0x0000025aca7a7000 nmethod 522% 0x0000025ab1d99010 code [0x0000025ab1d99160, 0x0000025ab1d99ab8]
Event: 0.774 Thread 0x0000025aca7b5800  528       3       sun.misc.FileURLMapper::getPath (141 bytes)
Event: 0.774 Thread 0x0000025aca7ac000 nmethod 526 0x0000025ab1d94ad0 code [0x0000025ab1d94c20, 0x0000025ab1d94e98]
Event: 0.775 Thread 0x0000025aca7b5800 nmethod 528 0x0000025ab1d97110 code [0x0000025ab1d973c0, 0x0000025ab1d98840]
Event: 0.776 Thread 0x0000025aca7b5800  529       3       java.lang.StringBuffer::<init> (6 bytes)
Event: 0.776 Thread 0x0000025aca7b5800 nmethod 529 0x0000025ab1d9b150 code [0x0000025ab1d9b2c0, 0x0000025ab1d9b578]
Event: 0.776 Thread 0x0000025aca7b5800  530       1       java.net.URLClassLoader::access$000 (5 bytes)
Event: 0.776 Thread 0x0000025aca7b5800 nmethod 530 0x0000025ab1d94750 code [0x0000025ab1d948a0, 0x0000025ab1d94998]
Event: 0.779 Thread 0x0000025aca7b5800  533       1       java.lang.Integer::toUnsignedLong (7 bytes)
Event: 0.779 Thread 0x0000025aca7b5800 nmethod 533 0x0000025ab1d9aad0 code [0x0000025ab1d9ac20, 0x0000025ab1d9ad18]

GC Heap History (0 events):
No events

Deoptimization events (2 events):
Event: 0.421 Thread 0x0000025ab00c9800 Uncommon trap: reason=unstable_if action=reinterpret pc=0x0000025ab1cbe6b8 method=java.lang.String.indexOf([CII[CIII)I @ 3
Event: 0.770 Thread 0x0000025ab00c9800 Uncommon trap: reason=null_check action=make_not_entrant pc=0x0000025ab1c0ad84 method=java.lang.String.equals(Ljava/lang/Object;)Z @ 8

Classes redefined (0 events):
No events

Internal exceptions (10 events):
Event: 0.769 Thread 0x0000025ab00c9800 Exception <a 'java/security/PrivilegedActionException'> (0x0000000781a54c98) thrown at [C:\jenkins\workspace\8-2-build-windows-x64-cygwin-sans-NAS\jdk8u381\237\hotspot\src\share\vm\prims\jvm.cpp, line 1513]
Event: 0.769 Thread 0x0000025ab00c9800 Exception <a 'java/security/PrivilegedActionException'> (0x0000000781a5c728) thrown at [C:\jenkins\workspace\8-2-build-windows-x64-cygwin-sans-NAS\jdk8u381\237\hotspot\src\share\vm\prims\jvm.cpp, line 1513]
Event: 0.769 Thread 0x0000025ab00c9800 Exception <a 'java/security/PrivilegedActionException'> (0x0000000781a5cb20) thrown at [C:\jenkins\workspace\8-2-build-windows-x64-cygwin-sans-NAS\jdk8u381\237\hotspot\src\share\vm\prims\jvm.cpp, line 1513]
Event: 0.770 Thread 0x0000025ab00c9800 Implicit null exception at 0x0000025ab1c0ab95 to 0x0000025ab1c0ad75
Event: 0.774 Thread 0x0000025ab00c9800 Exception <a 'java/security/PrivilegedActionException'> (0x0000000781a7a418) thrown at [C:\jenkins\workspace\8-2-build-windows-x64-cygwin-sans-NAS\jdk8u381\237\hotspot\src\share\vm\prims\jvm.cpp, line 1513]
Event: 0.774 Thread 0x0000025ab00c9800 Exception <a 'java/security/PrivilegedActionException'> (0x0000000781a7a810) thrown at [C:\jenkins\workspace\8-2-build-windows-x64-cygwin-sans-NAS\jdk8u381\237\hotspot\src\share\vm\prims\jvm.cpp, line 1513]
Event: 0.775 Thread 0x0000025ab00c9800 Exception <a 'java/security/PrivilegedActionException'> (0x0000000781a841a8) thrown at [C:\jenkins\workspace\8-2-build-windows-x64-cygwin-sans-NAS\jdk8u381\237\hotspot\src\share\vm\prims\jvm.cpp, line 1513]
Event: 0.775 Thread 0x0000025ab00c9800 Exception <a 'java/security/PrivilegedActionException'> (0x0000000781a845a0) thrown at [C:\jenkins\workspace\8-2-build-windows-x64-cygwin-sans-NAS\jdk8u381\237\hotspot\src\share\vm\prims\jvm.cpp, line 1513]
Event: 0.778 Thread 0x0000025ab00c9800 Exception <a 'java/security/PrivilegedActionException'> (0x0000000781aacd20) thrown at [C:\jenkins\workspace\8-2-build-windows-x64-cygwin-sans-NAS\jdk8u381\237\hotspot\src\share\vm\prims\jvm.cpp, line 1513]
Event: 0.778 Thread 0x0000025ab00c9800 Exception <a 'java/security/PrivilegedActionException'> (0x0000000781aad118) thrown at [C:\jenkins\workspace\8-2-build-windows-x64-cygwin-sans-NAS\jdk8u381\237\hotspot\src\share\vm\prims\jvm.cpp, line 1513]

Events (10 events):
Event: 0.773 loading class org/lwjgl/system/MemoryManage$StdlibAllocator
Event: 0.773 loading class org/lwjgl/system/MemoryManage$StdlibAllocator done
Event: 0.775 loading class org/lwjgl/system/MemoryManage$DebugAllocator
Event: 0.775 loading class org/lwjgl/system/MemoryManage$DebugAllocator done
Event: 0.776 loading class org/lwjgl/system/libc/LibCStdlib
Event: 0.776 loading class org/lwjgl/system/libc/LibCStdlib done
Event: 0.777 loading class org/lwjgl/opengl/GL$1
Event: 0.777 loading class org/lwjgl/opengl/GL$1 done
Event: 0.778 loading class org/lwjgl/system/SharedLibrary$Delegate
Event: 0.778 loading class org/lwjgl/system/SharedLibrary$Delegate done


Dynamic libraries:
0x00007ff62d0e0000 - 0x00007ff62d12a000 	C:\Program Files\Java\jdk-1.8\bin\java.exe
0x00007ffcd04b0000 - 0x00007ffcd06c7000 	C:\WINDOWS\SYSTEM32\ntdll.dll
0x00007ffccf8d0000 - 0x00007ffccf994000 	C:\WINDOWS\System32\KERNEL32.DLL
0x00007ffccda40000 - 0x00007ffccdded000 	C:\WINDOWS\System32\KERNELBASE.dll
0x00007ffccf9a0000 - 0x00007ffccfa52000 	C:\WINDOWS\System32\ADVAPI32.dll
0x00007ffcced20000 - 0x00007ffccedc7000 	C:\WINDOWS\System32\msvcrt.dll
0x00007ffcd0160000 - 0x00007ffcd0209000 	C:\WINDOWS\System32\sechost.dll
0x00007ffccd8f0000 - 0x00007ffccd918000 	C:\WINDOWS\System32\bcrypt.dll
0x00007ffccf490000 - 0x00007ffccf5a4000 	C:\WINDOWS\System32\RPCRT4.dll
0x00007ffcd0220000 - 0x00007ffcd03ce000 	C:\WINDOWS\System32\USER32.dll
0x00007ffccdee0000 - 0x00007ffccdf06000 	C:\WINDOWS\System32\win32u.dll
0x00007ffcceed0000 - 0x00007ffcceef9000 	C:\WINDOWS\System32\GDI32.dll
0x00007ffccd920000 - 0x00007ffccda39000 	C:\WINDOWS\System32\gdi32full.dll
0x00007ffccdf10000 - 0x00007ffccdfaa000 	C:\WINDOWS\System32\msvcp_win.dll
0x00007ffccd7d0000 - 0x00007ffccd8e1000 	C:\WINDOWS\System32\ucrtbase.dll
0x00007ffcaeb70000 - 0x00007ffcaee03000 	C:\WINDOWS\WinSxS\amd64_microsoft.windows.common-controls_6595b64144ccf1df_6.0.22621.3672_none_2713b9d173822955\COMCTL32.dll
0x00007ffcd0430000 - 0x00007ffcd0461000 	C:\WINDOWS\System32\IMM32.DLL
0x00007ffcaca80000 - 0x00007ffcaca9b000 	C:\Program Files\Java\jdk-1.8\jre\bin\vcruntime140.dll
0x00007ffcc8060000 - 0x00007ffcc806c000 	C:\Program Files\Java\jdk-1.8\jre\bin\vcruntime140_1.dll
0x00007ffc9a1d0000 - 0x00007ffc9a25e000 	C:\Program Files\Java\jdk-1.8\jre\bin\msvcp140.dll
0x00007ffc23270000 - 0x00007ffc23b20000 	C:\Program Files\Java\jdk-1.8\jre\bin\server\jvm.dll
0x00007ffcd0210000 - 0x00007ffcd0218000 	C:\WINDOWS\System32\PSAPI.DLL
0x00007ffcc5830000 - 0x00007ffcc583a000 	C:\WINDOWS\SYSTEM32\VERSION.dll
0x00007ffcb5490000 - 0x00007ffcb5499000 	C:\WINDOWS\SYSTEM32\WSOCK32.dll
0x00007ffcc59e0000 - 0x00007ffcc5a14000 	C:\WINDOWS\SYSTEM32\WINMM.dll
0x00007ffccfff0000 - 0x00007ffcd0061000 	C:\WINDOWS\System32\WS2_32.dll
0x00007ffccc780000 - 0x00007ffccc798000 	C:\WINDOWS\SYSTEM32\kernel.appcore.dll
0x00007ffcaca70000 - 0x00007ffcaca80000 	C:\Program Files\Java\jdk-1.8\jre\bin\verify.dll
0x00007ffcac9b0000 - 0x00007ffcac9db000 	C:\Program Files\Java\jdk-1.8\jre\bin\java.dll
0x00007ffca0d10000 - 0x00007ffca0d44000 	C:\Program Files\Java\jdk-1.8\jre\bin\instrument.dll
0x00007ffc9a5a0000 - 0x00007ffc9a5b8000 	C:\Program Files\Java\jdk-1.8\jre\bin\zip.dll
0x00007ffcce4b0000 - 0x00007ffcced17000 	C:\WINDOWS\System32\SHELL32.dll
0x00007ffccb700000 - 0x00007ffccbfff000 	C:\WINDOWS\SYSTEM32\windows.storage.dll
0x00007ffccf0e0000 - 0x00007ffccf46e000 	C:\WINDOWS\System32\combase.dll
0x00007ffccb5c0000 - 0x00007ffccb6ff000 	C:\WINDOWS\SYSTEM32\wintypes.dll
0x00007ffccedd0000 - 0x00007ffcceec9000 	C:\WINDOWS\System32\SHCORE.dll
0x00007ffccf860000 - 0x00007ffccf8be000 	C:\WINDOWS\System32\shlwapi.dll
0x00007ffccd700000 - 0x00007ffccd727000 	C:\WINDOWS\SYSTEM32\profapi.dll
0x00007ffc9a430000 - 0x00007ffc9a44a000 	C:\Program Files\JetBrains\IntelliJ IDEA 2024.2.1\bin\breakgen64.dll
0x00007ffc9a410000 - 0x00007ffc9a42c000 	C:\Program Files\Java\jdk-1.8\jre\bin\net.dll
0x00007ffcccc40000 - 0x00007ffcccca9000 	C:\WINDOWS\system32\mswsock.dll
0x00007ffc9a1b0000 - 0x00007ffc9a1c3000 	C:\Program Files\Java\jdk-1.8\jre\bin\nio.dll
0x00007ffc9a130000 - 0x00007ffc9a1ab000 	C:\Users\Owner\AppData\Local\Temp\lwjgl_Owner\3.3.3+5\x64\lwjgl.dll
0x00007ffc7e8c0000 - 0x00007ffc7e942000 	C:\Users\Owner\AppData\Local\Temp\lwjgl_Owner\3.3.3+5\x64\glfw.dll
0x00007ffc9a0e0000 - 0x00007ffc9a126000 	C:\WINDOWS\SYSTEM32\dinput8.dll
0x00007ffc9a020000 - 0x00007ffc9a031000 	C:\WINDOWS\SYSTEM32\xinput1_4.dll
0x00007ffccd3c0000 - 0x00007ffccd3ec000 	C:\WINDOWS\SYSTEM32\DEVOBJ.dll
0x00007ffccd3f0000 - 0x00007ffccd43e000 	C:\WINDOWS\SYSTEM32\cfgmgr32.dll
0x00007ffccaf10000 - 0x00007ffccaf3b000 	C:\WINDOWS\SYSTEM32\dwmapi.dll
0x00007ffc9f560000 - 0x00007ffc9f773000 	C:\WINDOWS\SYSTEM32\inputhost.dll
0x00007ffcc9f80000 - 0x00007ffcca0b3000 	C:\WINDOWS\SYSTEM32\CoreMessaging.dll
0x00007ffccacd0000 - 0x00007ffccad81000 	C:\WINDOWS\system32\uxtheme.dll
0x00007ffcce350000 - 0x00007ffcce4ae000 	C:\WINDOWS\System32\MSCTF.dll
0x00007ffccde60000 - 0x00007ffccdedb000 	C:\WINDOWS\System32\bcryptPrimitives.dll
0x00007ffccce40000 - 0x00007ffccce4c000 	C:\WINDOWS\SYSTEM32\CRYPTBASE.DLL
0x00007ffc9f1c0000 - 0x00007ffc9f2c0000 	C:\WINDOWS\SYSTEM32\opengl32.dll
0x00007ffcb64e0000 - 0x00007ffcb650d000 	C:\WINDOWS\SYSTEM32\GLU32.dll
0x00007ffccadc0000 - 0x00007ffccadf7000 	C:\WINDOWS\SYSTEM32\dxcore.dll
0x00007ffcabbe0000 - 0x00007ffcabc29000 	C:\WINDOWS\SYSTEM32\directxdatabasehelper.dll
0x00007ffccf7b0000 - 0x00007ffccf860000 	C:\WINDOWS\System32\clbcatq.dll
0x00007ffc22400000 - 0x00007ffc2326e000 	C:\WINDOWS\System32\DriverStore\FileRepository\iigd_dch_base.inf_amd64_5cd48d8408c0e5b5\ig9icd64.dll
0x00007ffccae00000 - 0x00007ffccaef7000 	C:\WINDOWS\SYSTEM32\dxgi.dll
0x00007ffc790c0000 - 0x00007ffc791a1000 	C:\WINDOWS\System32\DriverStore\FileRepository\iigd_dch_base.inf_amd64_5cd48d8408c0e5b5\igdgmm64.dll
0x00007ffc9ad80000 - 0x00007ffc9ccb9000 	C:\WINDOWS\System32\DriverStore\FileRepository\iigd_dch_base.inf_amd64_5cd48d8408c0e5b5\igc64.dll
0x00007ffccd6b0000 - 0x00007ffccd6fd000 	C:\WINDOWS\SYSTEM32\powrprof.dll
0x00007ffccd690000 - 0x00007ffccd6a3000 	C:\WINDOWS\SYSTEM32\UMPDC.dll
0x00007ffcac370000 - 0x00007ffcac4b3000 	C:\WINDOWS\SYSTEM32\textinputframework.dll
0x00007ffcce1f0000 - 0x00007ffcce2c7000 	C:\WINDOWS\System32\OLEAUT32.dll
0x00007ffcad010000 - 0x00007ffcad37d000 	C:\WINDOWS\SYSTEM32\CoreUIComponents.dll
0x00007ffcb3920000 - 0x00007ffcb3989000 	C:\WINDOWS\system32\Oleacc.dll
0x00007ffc99750000 - 0x00007ffc997ae000 	C:\Users\Owner\AppData\Local\Temp\lwjgl_Owner\3.3.3+5\x64\lwjgl_opengl.dll
0x00007ffccb130000 - 0x00007ffccb362000 	C:\WINDOWS\SYSTEM32\dbghelp.dll

VM Arguments:
jvm_args: -javaagent:C:\Program Files\JetBrains\IntelliJ IDEA 2024.2.1\lib\idea_rt.jar=52626:C:\Program Files\JetBrains\IntelliJ IDEA 2024.2.1\bin -Dfile.encoding=UTF-8 
java_command: pkgDriver.csc133Driver
java_class_path (initial): C:\Program Files\Java\jdk-1.8\jre\lib\charsets.jar;C:\Program Files\Java\jdk-1.8\jre\lib\deploy.jar;C:\Program Files\Java\jdk-1.8\jre\lib\ext\access-bridge-64.jar;C:\Program Files\Java\jdk-1.8\jre\lib\ext\cldrdata.jar;C:\Program Files\Java\jdk-1.8\jre\lib\ext\dnsns.jar;C:\Program Files\Java\jdk-1.8\jre\lib\ext\jaccess.jar;C:\Program Files\Java\jdk-1.8\jre\lib\ext\jfxrt.jar;C:\Program Files\Java\jdk-1.8\jre\lib\ext\localedata.jar;C:\Program Files\Java\jdk-1.8\jre\lib\ext\nashorn.jar;C:\Program Files\Java\jdk-1.8\jre\lib\ext\sunec.jar;C:\Program Files\Java\jdk-1.8\jre\lib\ext\sunjce_provider.jar;C:\Program Files\Java\jdk-1.8\jre\lib\ext\sunmscapi.jar;C:\Program Files\Java\jdk-1.8\jre\lib\ext\sunpkcs11.jar;C:\Program Files\Java\jdk-1.8\jre\lib\ext\zipfs.jar;C:\Program Files\Java\jdk-1.8\jre\lib\javaws.jar;C:\Program Files\Java\jdk-1.8\jre\lib\jce.jar;C:\Program Files\Java\jdk-1.8\jre\lib\jfr.jar;C:\Program Files\Java\jdk-1.8\jre\lib\jfxswt.jar;C:\Program Files\Java\jdk-1.8\jre\lib\jsse.jar;C:\Program Files\Java\jdk-1.8\jre\lib\management-agent.jar;C:\Program Files\Java\jdk-1.8\jre\lib\plugin.jar;C:\Program Files\Java\jdk-1.8\jre\lib\resources.jar;C:\Program Files\Java\jdk-1.8\jre\lib\rt.jar;C:\Users\Owner\IdeaProjects\Circles\out\production\classes;C:\Users\Owner\.gradle\caches\modules-2\files-2.1\org.lwjgl\lwjgl-assimp\3.3.3\c2c34011cbda30ed8cf98bc5cbf97b49afe5279a\lwjgl-assimp-3.3.3.jar;C:\Users\Owner\.gradle\caches\modules-2\files-2.1\org.lwjgl\lwjgl-cuda\3.3.3\e2de3beeba3e4c826317e31519a40f0585160acf\lwjgl-cuda-3.3.3.jar;C:\Users\Owner\.gradle\caches\modules-2\files-2.1\org.lwjgl\lwjgl-freetype\3.3.3\a0db6c84a8becc8ca05f9dbfa985edc348a824c7\lwjgl-freetype-3.3.3.jar;C:\Users\Owner\.gradle\caches\modules-2\files-2.1\org.lwjgl\lwjgl-glfw\3.3.3\efa1eb78c5ccd840e9f329717109b5e892d72f8e\lwjgl-glfw-3.3.3.jar;C:\Users\Owner\.gradle\caches\modules-2\files-2.1\org.lwjgl\lwjgl-hwloc\3.3.3\68333a022d5842b7bff95c70e4c3e1b2f126e783\lwjgl-hwloc-3.3.3.
Launcher Type: SUN_STANDARD

Environment Variables:
PATH=C:\Program Files (x86)\Common Files\Oracle\Java\javapath;C:\Program Files (x86)\Intel\Intel(R) Management Engine Components\iCLS\;C:\Program Files\Intel\Intel(R) Management Engine Components\iCLS\;C:\windows\system32;C:\windows;C:\windows\System32\Wbem;C:\windows\System32\WindowsPowerShell\v1.0\;C:\windows\System32\OpenSSH\;C:\Program Files (x86)\Intel\Intel(R) Management Engine Components\DAL;C:\Program Files\Intel\Intel(R) Management Engine Components\DAL;C:\Program Files (x86)\Intel\Intel(R) Management Engine Components\IPT;C:\Program Files\Intel\Intel(R) Management Engine Components\IPT;C:\Program Files (x86)\NVIDIA Corporation\PhysX\Common;C:\Program Files\Intel\WiFi\bin\;C:\Program Files\Common Files\Intel\WirelessCommon\;C:\WINDOWS\system32;C:\WINDOWS;C:\WINDOWS\System32\Wbem;C:\WINDOWS\System32\WindowsPowerShell\v1.0\;C:\WINDOWS\System32\OpenSSH\;C:\Program Files\PuTTY\;C:\Program Files\nodejs\;C:\Program Files\Git\cmd;C:\Users\Owner\AppData\Local\Microsoft\WindowsApps;;C:\Users\Owner\Desktop\Microsoft VS Code\bin;C:\Users\Owner\AppData\Roaming\npm
USERNAME=Owner
OS=Windows_NT
PROCESSOR_IDENTIFIER=Intel64 Family 6 Model 142 Stepping 10, GenuineIntel



---------------  S Y S T E M  ---------------

OS: Windows 11 , 64 bit Build 22621 (10.0.22621.3958)

CPU:total 8 (initial active 8) (4 cores per cpu, 2 threads per core) family 6 model 142 stepping 10, cmov, cx8, fxsr, mmx, sse, sse2, sse3, ssse3, sse4.1, sse4.2, popcnt, avx, avx2, aes, clmul, erms, 3dnowpref, lzcnt, ht, tsc, tscinvbit, bmi1, bmi2, adx

Memory: 4k page, physical 12413092k(3420460k free), swap 14313636k(2466020k free)

vm_info: Java HotSpot(TM) 64-Bit Server VM (25.381-b09) for windows-amd64 JRE (1.8.0_381-b09), built on Jun 14 2023 13:50:38 by "java_re" with MS VC++ 17.1 (VS2022)

time: Mon Oct  7 12:43:38 2024
timezone: Pacific Daylight Time
elapsed time: 0.830231 seconds (0d 0h 0m 0s)

