#
# A fatal error has been detected by the Java Runtime Environment:
#
#  EXCEPTION_ACCESS_VIOLATION (0xc0000005) at pc=0x00007ffc9fcbc5b9, pid=23200, tid=12108
#
# JRE version: OpenJDK Runtime Environment Corretto-19.0.2.7.1 (19.0.2+7) (build 19.0.2+7-FR)
# Java VM: OpenJDK 64-Bit Server VM Corretto-19.0.2.7.1 (19.0.2+7-FR, mixed mode, sharing, tiered, compressed oops, compressed class ptrs, g1 gc, windows-amd64)
# Problematic frame:
# C  [lwjgl_opengl.dll+0xc5b9]
#
# No core dump will be written. Minidumps are not enabled by default on client versions of Windows
#
# If you would like to submit a bug report, please visit:
#   https://github.com/corretto/corretto-19/issues/
# The crash happened outside the Java Virtual Machine in native code.
# See problematic frame for where to report the bug.
#

---------------  S U M M A R Y ------------

Command Line: -javaagent:C:\Program Files\JetBrains\IntelliJ IDEA 2024.2.1\lib\idea_rt.jar=60921:C:\Program Files\JetBrains\IntelliJ IDEA 2024.2.1\bin -Dfile.encoding=UTF-8 -Dsun.stdout.encoding=UTF-8 -Dsun.stderr.encoding=UTF-8 pkgDriver.csc133Driver

Host: Intel(R) Core(TM) i7-8550U CPU @ 1.80GHz, 8 cores, 11G,  Windows 11 , 64 bit Build 22621 (10.0.22621.3958)
Time: Tue Oct  8 21:31:11 2024 Pacific Daylight Time elapsed time: 0.551530 seconds (0d 0h 0m 0s)

---------------  T H R E A D  ---------------

Current thread (0x00000138ab931830):  JavaThread "main" [_thread_in_native, id=12108, stack(0x0000002223900000,0x0000002223a00000)]

Stack: [0x0000002223900000,0x0000002223a00000],  sp=0x00000022239feee8,  free space=1019k
Native frames: (J=compiled Java code, j=interpreted, Vv=VM code, C=native code)
C  [lwjgl_opengl.dll+0xc5b9]

Java frames: (J=compiled Java code, j=interpreted, Vv=VM code)
j  org.lwjgl.opengl.GL11C.glClearColor(FFFF)V+0
j  org.lwjgl.opengl.GL11.glClearColor(FFFF)V+4
j  pkgSlRenderer.slRenderEngine.initOpenGL(LpkgSlUtils/slWindowManager;)V+16
j  pkgDriver.csc133Driver.main([Ljava/lang/String;)V+27
v  ~StubRoutines::call_stub 0x00000138bb04100e

siginfo: EXCEPTION_ACCESS_VIOLATION (0xc0000005), reading address 0x0000000000000070


Registers:
RAX=0x00000138d1114fc0, RBX=0x00000138cd1257c0, RCX=0x0000000000000000, RDX=0x00000022239fef90
RSP=0x00000022239feee8, RBP=0x00000022239fef80, RSI=0x0000000000000000, RDI=0x00000138bb05b796
R8 =0x0000000000000002, R9 =0x0000000000000002, R10=0x00000138bb05f92e, R11=0x000000074df97398
R12=0x0000000000000000, R13=0x00000138cd1257b8, R14=0x00000022239fefb8, R15=0x00000138ab931830
RIP=0x00007ffc9fcbc5b9, EFLAGS=0x0000000000010206


Register to memory mapping:

RIP=0x00007ffc9fcbc5b9 lwjgl_opengl.dll
RAX=0x00000138d1114fc0 points into unknown readable memory: 0x0000000000000000 | 00 00 00 00 00 00 00 00
RBX={method} {0x00000138cd1257c8} 'glClearColor' '(FFFF)V' in 'org/lwjgl/opengl/GL11C'
RCX=0x0 is NULL
RDX=0x00000022239fef90 is pointing into the stack for thread: 0x00000138ab931830
RSP=0x00000022239feee8 is pointing into the stack for thread: 0x00000138ab931830
RBP=0x00000022239fef80 is pointing into the stack for thread: 0x00000138ab931830
RSI=0x0 is NULL
RDI=0x00000138bb05b796 is at code_begin+1110 in an Interpreter codelet
return entry points  [0x00000138bb05b340, 0x00000138bb05be20]  2784 bytes
R8 =0x0000000000000002 is an unknown value
R9 =0x0000000000000002 is an unknown value
R10=0x00000138bb05f92e is at code_begin+1006 in an Interpreter codelet
method entry point (kind = native)  [0x00000138bb05f540, 0x00000138bb060050]  2832 bytes
R11=0x000000074df97398 is an oop: java.lang.Class 
{0x000000074df97398} - klass: 'java/lang/Class'
 - ---- fields (total size 116 words):
 - private volatile transient 'classRedefinedCount' 'I' @12  0
 - abstract internal 'klass' 'J' @16  34376606224 (1016210 8)
 - abstract internal 'array_klass' 'J' @24  0 (0 0)
 - abstract internal 'oop_size' 'I' @32  116 (74)
 - abstract internal 'static_oop_field_count' 'I' @36  0
 - private volatile transient 'cachedConstructor' 'Ljava/lang/reflect/Constructor;' @40  NULL (0)
 - private transient 'name' 'Ljava/lang/String;' @44  "org.lwjgl.opengl.GL11C"{0x000000074df97748} (e9bf2ee9)
 - private transient 'module' 'Ljava/lang/Module;' @48  a 'java/lang/Module'{0x000000074e554b30} (e9caa966)
 - private final 'classLoader' 'Ljava/lang/ClassLoader;' @52  a 'jdk/internal/loader/ClassLoaders$AppClassLoader'{0x000000074e554970} (e9caa92e)
 - private transient 'classData' 'Ljava/lang/Object;' @56  NULL (0)
 - private transient 'packageName' 'Ljava/lang/String;' @60  "org.lwjgl.opengl"{0x000000074dee18d8} (e9bdc31b)
 - private final 'componentType' 'Ljava/lang/Class;' @64  NULL (0)
 - private volatile transient 'reflectionData' 'Ljava/lang/ref/SoftReference;' @68  NULL (0)
 - private volatile transient 'genericInfo' 'Lsun/reflect/generics/repository/ClassRepository;' @72  NULL (0)
 - private volatile transient 'enumConstants' '[Ljava/lang/Object;' @76  NULL (0)
 - private volatile transient 'enumConstantDirectory' 'Ljava/util/Map;' @80  NULL (0)
 - private volatile transient 'annotationData' 'Ljava/lang/Class$AnnotationData;' @84  NULL (0)
 - private volatile transient 'annotationType' 'Lsun/reflect/annotation/AnnotationType;' @88  NULL (0)
 - transient 'classValueMap' 'Ljava/lang/ClassValue$ClassValueMap;' @92  NULL (0)
 - abstract internal 'protection_domain' 'Ljava/lang/Object;' @96  a 'java/security/ProtectionDomain'{0x000000074def5048} (e9bdea09)
 - abstract internal 'signers_name' 'Ljava/lang/Object;' @100  NULL (0)
 - abstract internal 'source_file' 'Ljava/lang/Object;' @104  NULL (0)
 - signature: Lorg/lwjgl/opengl/GL11C;
 - ---- static fields (0):
 - public static final 'GL_NEVER' 'I' @112  512 (200)
 - public static final 'GL_LESS' 'I' @116  513 (201)
 - public static final 'GL_EQUAL' 'I' @120  514 (202)
 - public static final 'GL_LEQUAL' 'I' @124  515 (203)
 - public static final 'GL_GREATER' 'I' @128  516 (204)
 - public static final 'GL_NOTEQUAL' 'I' @132  517 (205)
 - public static final 'GL_GEQUAL' 'I' @136  518 (206)
 - public static final 'GL_ALWAYS' 'I' @140  519 (207)
 - public static final 'GL_DEPTH_BUFFER_BIT' 'I' @144  256 (100)
 - public static final 'GL_STENCIL_BUFFER_BIT' 'I' @148  1024 (400)
 - public static final 'GL_COLOR_BUFFER_BIT' 'I' @152  16384 (4000)
 - public static final 'GL_POINTS' 'I' @156  0
 - public static final 'GL_LINES' 'I' @160  1
 - public static final 'GL_LINE_LOOP' 'I' @164  2
 - public static final 'GL_LINE_STRIP' 'I' @168  3
 - public static final 'GL_TRIANGLES' 'I' @172  4
 - public static final 'GL_TRIANGLE_STRIP' 'I' @176  5
 - public static final 'GL_TRIANGLE_FAN' 'I' @180  6
 - public static final 'GL_QUADS' 'I' @184  7
 - public static final 'GL_ZERO' 'I' @188  0
 - public static final 'GL_ONE' 'I' @192  1
 - public static final 'GL_SRC_COLOR' 'I' @196  768 (300)
 - public static final 'GL_ONE_MINUS_SRC_COLOR' 'I' @200  769 (301)
 - public static final 'GL_SRC_ALPHA' 'I' @204  770 (302)
 - public static final 'GL_ONE_MINUS_SRC_ALPHA' 'I' @208  771 (303)
 - public static final 'GL_DST_ALPHA' 'I' @212  772 (304)
 - public static final 'GL_ONE_MINUS_DST_ALPHA' 'I' @216  773 (305)
 - public static final 'GL_DST_COLOR' 'I' @220  774 (306)
 - public static final 'GL_ONE_MINUS_DST_COLOR' 'I' @224  775 (307)
 - public static final 'GL_SRC_ALPHA_SATURATE' 'I' @228  776 (308)
 - public static final 'GL_TRUE' 'I' @232  1
 - public static final 'GL_FALSE' 'I' @236  0
 - public static final 'GL_BYTE' 'I' @240  5120 (1400)
 - public static final 'GL_UNSIGNED_BYTE' 'I' @244  5121 (1401)
 - public static final 'GL_SHORT' 'I' @248  5122 (1402)
 - public static final 'GL_UNSIGNED_SHORT' 'I' @252  5123 (1403)
 - public static final 'GL_INT' 'I' @256  5124 (1404)
 - public static final 'GL_UNSIGNED_INT' 'I' @260  5125 (1405)
 - public static final 'GL_FLOAT' 'I' @264  5126 (1406)
 - public static final 'GL_DOUBLE' 'I' @268  5130 (140a)
 - public static final 'GL_NONE' 'I' @272  0
 - public static final 'GL_FRONT_LEFT' 'I' @276  1024 (400)
 - public static final 'GL_FRONT_RIGHT' 'I' @280  1025 (401)
 - public static final 'GL_BACK_LEFT' 'I' @284  1026 (402)
 - public static final 'GL_BACK_RIGHT' 'I' @288  1027 (403)
 - public static final 'GL_FRONT' 'I' @292  1028 (404)
 - public static final 'GL_BACK' 'I' @296  1029 (405)
 - public static final 'GL_LEFT' 'I' @300  1030 (406)
 - public static final 'GL_RIGHT' 'I' @304  1031 (407)
 - public static final 'GL_FRONT_AND_BACK' 'I' @308  1032 (408)
 - public static final 'GL_NO_ERROR' 'I' @312  0
 - public static final 'GL_INVALID_ENUM' 'I' @316  1280 (500)
 - public static final 'GL_INVALID_VALUE' 'I' @320  1281 (501)
 - public static final 'GL_INVALID_OPERATION' 'I' @324  1282 (502)
 - public static final 'GL_STACK_OVERFLOW' 'I' @328  1283 (503)
 - public static final 'GL_STACK_UNDERFLOW' 'I' @332  1284 (504)
 - public static final 'GL_OUT_OF_MEMORY' 'I' @336  1285 (505)
 - public static final 'GL_CW' 'I' @340  2304 (900)
 - public static final 'GL_CCW' 'I' @344  2305 (901)
 - public static final 'GL_POINT_SIZE' 'I' @348  2833 (b11)
 - public static final 'GL_POINT_SIZE_RANGE' 'I' @352  2834 (b12)
 - public static final 'GL_POINT_SIZE_GRANULARITY' 'I' @356  2835 (b13)
 - public static final 'GL_LINE_SMOOTH' 'I' @360  2848 (b20)
 - public static final 'GL_LINE_WIDTH' 'I' @364  2849 (b21)
 - public static final 'GL_LINE_WIDTH_RANGE' 'I' @368  2850 (b22)
 - public static final 'GL_LINE_WIDTH_GRANULARITY' 'I' @372  2851 (b23)
 - public static final 'GL_POLYGON_MODE' 'I' @376  2880 (b40)
 - public static final 'GL_POLYGON_SMOOTH' 'I' @380  2881 (b41)
 - public static final 'GL_CULL_FACE' 'I' @384  2884 (b44)
 - public static final 'GL_CULL_FACE_MODE' 'I' @388  2885 (b45)
 - public static final 'GL_FRONT_FACE' 'I' @392  2886 (b46)
 - public static final 'GL_DEPTH_RANGE' 'I' @396  2928 (b70)
 - public static final 'GL_DEPTH_TEST' 'I' @400  2929 (b71)
 - public static final 'GL_DEPTH_WRITEMASK' 'I' @404  2930 (b72)
 - public static final 'GL_DEPTH_CLEAR_VALUE' 'I' @408  2931 (b73)
 - public static final 'GL_DEPTH_FUNC' 'I' @412  2932 (b74)
 - public static final 'GL_STENCIL_TEST' 'I' @416  2960 (b90)
 - public static final 'GL_STENCIL_CLEAR_VALUE' 'I' @420  2961 (b91)
 - public static final 'GL_STENCIL_FUNC' 'I' @424  2962 (b92)
 - public static final 'GL_STENCIL_VALUE_MASK' 'I' @428  2963 (b93)
 - public static final 'GL_STENCIL_FAIL' 'I' @432  2964 (b94)
 - public static final 'GL_STENCIL_PASS_DEPTH_FAIL' 'I' @436  2965 (b95)
 - public static final 'GL_STENCIL_PASS_DEPTH_PASS' 'I' @440  2966 (b96)
 - public static final 'GL_STENCIL_REF' 'I' @444  2967 (b97)
 - public static final 'GL_STENCIL_WRITEMASK' 'I' @448  2968 (b98)
 - public static final 'GL_VIEWPORT' 'I' @452  2978 (ba2)
 - public static final 'GL_DITHER' 'I' @456  3024 (bd0)
 - public static final 'GL_BLEND_DST' 'I' @460  3040 (be0)
 - public static final 'GL_BLEND_SRC' 'I' @464  3041 (be1)
 - public static final 'GL_BLEND' 'I' @468  3042 (be2)
 - public static final 'GL_LOGIC_OP_MODE' 'I' @472  3056 (bf0)
 - public static final 'GL_COLOR_LOGIC_OP' 'I' @476  3058 (bf2)
 - public static final 'GL_DRAW_BUFFER' 'I' @480  3073 (c01)
 - public static final 'GL_READ_BUFFER' 'I' @484  3074 (c02)
 - public static final 'GL_SCISSOR_BOX' 'I' @488  3088 (c10)
 - public static final 'GL_SCISSOR_TEST' 'I' @492  3089 (c11)
 - public static final 'GL_COLOR_CLEAR_VALUE' 'I' @496  3106 (c22)
 - public static final 'GL_COLOR_WRITEMASK' 'I' @500  3107 (c23)
 - public static final 'GL_DOUBLEBUFFER' 'I' @504  3122 (c32)
 - public static final 'GL_STEREO' 'I' @508  3123 (c33)
 - public static final 'GL_LINE_SMOOTH_HINT' 'I' @512  3154 (c52)
 - public static final 'GL_POLYGON_SMOOTH_HINT' 'I' @516  3155 (c53)
 - public static final 'GL_UNPACK_SWAP_BYTES' 'I' @520  3312 (cf0)
 - public static final 'GL_UNPACK_LSB_FIRST' 'I' @524  3313 (cf1)
 - public static final 'GL_UNPACK_ROW_LENGTH' 'I' @528  3314 (cf2)
 - public static final 'GL_UNPACK_SKIP_ROWS' 'I' @532  3315 (cf3)
 - public static final 'GL_UNPACK_SKIP_PIXELS' 'I' @536  3316 (cf4)
 - public static final 'GL_UNPACK_ALIGNMENT' 'I' @540  3317 (cf5)
 - public static final 'GL_PACK_SWAP_BYTES' 'I' @544  3328 (d00)
 - public static final 'GL_PACK_LSB_FIRST' 'I' @548  3329 (d01)
 - public static final 'GL_PACK_ROW_LENGTH' 'I' @552  3330 (d02)
 - public static final 'GL_PACK_SKIP_ROWS' 'I' @556  3331 (d03)
 - public static final 'GL_PACK_SKIP_PIXELS' 'I' @560  3332 (d04)
 - public static final 'GL_PACK_ALIGNMENT' 'I' @564  3333 (d05)
 - public static final 'GL_MAX_TEXTURE_SIZE' 'I' @568  3379 (d33)
 - public static final 'GL_MAX_VIEWPORT_DIMS' 'I' @572  3386 (d3a)
 - public static final 'GL_SUBPIXEL_BITS' 'I' @576  3408 (d50)
 - public static final 'GL_TEXTURE_1D' 'I' @580  3552 (de0)
 - public static final 'GL_TEXTURE_2D' 'I' @584  3553 (de1)
 - public static final 'GL_TEXTURE_WIDTH' 'I' @588  4096 (1000)
 - public static final 'GL_TEXTURE_HEIGHT' 'I' @592  4097 (1001)
 - public static final 'GL_TEXTURE_INTERNAL_FORMAT' 'I' @596  4099 (1003)
 - public static final 'GL_TEXTURE_BORDER_COLOR' 'I' @600  4100 (1004)
 - public static final 'GL_DONT_CARE' 'I' @604  4352 (1100)
 - public static final 'GL_FASTEST' 'I' @608  4353 (1101)
 - public static final 'GL_NICEST' 'I' @612  4354 (1102)
 - public static final 'GL_CLEAR' 'I' @616  5376 (1500)
 - public static final 'GL_AND' 'I' @620  5377 (1501)
 - public static final 'GL_AND_REVERSE' 'I' @624  5378 (1502)
 - public static final 'GL_COPY' 'I' @628  5379 (1503)
 - public static final 'GL_AND_INVERTED' 'I' @632  5380 (1504)
 - public static final 'GL_NOOP' 'I' @636  5381 (1505)
 - public static final 'GL_XOR' 'I' @640  5382 (1506)
 - public static final 'GL_OR' 'I' @644  5383 (1507)
 - public static final 'GL_NOR' 'I' @648  5384 (1508)
 - public static final 'GL_EQUIV' 'I' @652  5385 (1509)
 - public static final 'GL_INVERT' 'I' @656  5386 (150a)
 - public static final 'GL_OR_REVERSE' 'I' @660  5387 (150b)
 - public static final 'GL_COPY_INVERTED' 'I' @664  5388 (150c)
 - public static final 'GL_OR_INVERTED' 'I' @668  5389 (150d)
 - public static final 'GL_NAND' 'I' @672  5390 (150e)
 - public static final 'GL_SET' 'I' @676  5391 (150f)
 - public static final 'GL_TEXTURE' 'I' @680  5890 (1702)
 - public static final 'GL_COLOR' 'I' @684  6144 (1800)
 - public static final 'GL_DEPTH' 'I' @688  6145 (1801)
 - public static final 'GL_STENCIL' 'I' @692  6146 (1802)
 - public static final 'GL_STENCIL_INDEX' 'I' @696  6401 (1901)
 - public static final 'GL_DEPTH_COMPONENT' 'I' @700  6402 (1902)
 - public static final 'GL_RED' 'I' @704  6403 (1903)
 - public static final 'GL_GREEN' 'I' @708  6404 (1904)
 - public static final 'GL_BLUE' 'I' @712  6405 (1905)
 - public static final 'GL_ALPHA' 'I' @716  6406 (1906)
 - public static final 'GL_RGB' 'I' @720  6407 (1907)
 - public static final 'GL_RGBA' 'I' @724  6408 (1908)
 - public static final 'GL_POINT' 'I' @728  6912 (1b00)
 - public static final 'GL_LINE' 'I' @732  6913 (1b01)
 - public static final 'GL_FILL' 'I' @736  6914 (1b02)
 - public static final 'GL_KEEP' 'I' @740  7680 (1e00)
 - public static final 'GL_REPLACE' 'I' @744  7681 (1e01)
 - public static final 'GL_INCR' 'I' @748  7682 (1e02)
 - public static final 'GL_DECR' 'I' @752  7683 (1e03)
 - public static final 'GL_VENDOR' 'I' @756  7936 (1f00)
 - public static final 'GL_RENDERER' 'I' @760  7937 (1f01)
 - public static final 'GL_VERSION' 'I' @764  7938 (1f02)
 - public static final 'GL_EXTENSIONS' 'I' @768  7939 (1f03)
 - public static final 'GL_NEAREST' 'I' @772  9728 (2600)
 - public static final 'GL_LINEAR' 'I' @776  9729 (2601)
 - public static final 'GL_NEAREST_MIPMAP_NEAREST' 'I' @780  9984 (2700)
 - public static final 'GL_LINEAR_MIPMAP_NEAREST' 'I' @784  9985 (2701)
 - public static final 'GL_NEAREST_MIPMAP_LINEAR' 'I' @788  9986 (2702)
 - public static final 'GL_LINEAR_MIPMAP_LINEAR' 'I' @792  9987 (2703)
 - public static final 'GL_TEXTURE_MAG_FILTER' 'I' @796  10240 (2800)
 - public static final 'GL_TEXTURE_MIN_FILTER' 'I' @800  10241 (2801)
 - public static final 'GL_TEXTURE_WRAP_S' 'I' @804  10242 (2802)
 - public static final 'GL_TEXTURE_WRAP_T' 'I' @808  10243 (2803)
 - public static final 'GL_REPEAT' 'I' @812  10497 (2901)
 - public static final 'GL_POLYGON_OFFSET_FACTOR' 'I' @816  32824 (8038)
 - public static final 'GL_POLYGON_OFFSET_UNITS' 'I' @820  10752 (2a00)
 - public static final 'GL_POLYGON_OFFSET_POINT' 'I' @824  10753 (2a01)
 - public static final 'GL_POLYGON_OFFSET_LINE' 'I' @828  10754 (2a02)
 - public static final 'GL_POLYGON_OFFSET_FILL' 'I' @832  32823 (8037)
 - public static final 'GL_R3_G3_B2' 'I' @836  10768 (2a10)
 - public static final 'GL_RGB4' 'I' @840  32847 (804f)
 - public static final 'GL_RGB5' 'I' @844  32848 (8050)
 - public static final 'GL_RGB8' 'I' @848  32849 (8051)
 - public static final 'GL_RGB10' 'I' @852  32850 (8052)
 - public static final 'GL_RGB12' 'I' @856  32851 (8053)
 - public static final 'GL_RGB16' 'I' @860  32852 (8054)
 - public static final 'GL_RGBA2' 'I' @864  32853 (8055)
 - public static final 'GL_RGBA4' 'I' @868  32854 (8056)
 - public static final 'GL_RGB5_A1' 'I' @872  32855 (8057)
 - public static final 'GL_RGBA8' 'I' @876  32856 (8058)
 - public static final 'GL_RGB10_A2' 'I' @880  32857 (8059)
 - public static final 'GL_RGBA12' 'I' @884  32858 (805a)
 - public static final 'GL_RGBA16' 'I' @888  32859 (805b)
 - public static final 'GL_TEXTURE_RED_SIZE' 'I' @892  32860 (805c)
 - public static final 'GL_TEXTURE_GREEN_SIZE' 'I' @896  32861 (805d)
 - public static final 'GL_TEXTURE_BLUE_SIZE' 'I' @900  32862 (805e)
 - public static final 'GL_TEXTURE_ALPHA_SIZE' 'I' @904  32863 (805f)
 - public static final 'GL_PROXY_TEXTURE_1D' 'I' @908  32867 (8063)
 - public static final 'GL_PROXY_TEXTURE_2D' 'I' @912  32868 (8064)
 - public static final 'GL_TEXTURE_BINDING_1D' 'I' @916  32872 (8068)
 - public static final 'GL_TEXTURE_BINDING_2D' 'I' @920  32873 (8069)
 - public static final 'GL_VERTEX_ARRAY' 'I' @924  32884 (8074)
R12=0x0 is NULL
R13=0x00000138cd1257b8 is pointing into metadata
R14=0x00000022239fefb8 is pointing into the stack for thread: 0x00000138ab931830
R15=0x00000138ab931830 is a thread


Top of Stack: (sp=0x00000022239feee8)
0x00000022239feee8:   00000138bb05f95d 00000138cd1257c0
0x00000022239feef8:   00000022239ff008 00000138bb05b796
0x00000022239fef08:   00000138bb05f650 0000013800000000
0x00000022239fef18:   000000003f800000 3ff0000000000000
0x00000022239fef28:   00000138ab931830 00000138bb05f5f6
0x00000022239fef38:   00000022239fef38 00000138cd1257b8
0x00000022239fef48:   00000022239fefb8 00000138cd130a80
0x00000022239fef58:   0000000000000000 000000074df97398
0x00000022239fef68:   00000138cd1257c0 0000000000000000
0x00000022239fef78:   00000022239fefa0 00000022239ff008
0x00000022239fef88:   00000138bb05b796 000000074df97398
0x00000022239fef98:   00000138bb05d197 000000223f800000
0x00000022239fefa8:   0000002200000000 0000013800000000
0x00000022239fefb8:   0000013800000000 00000022239fefc0
0x00000022239fefc8:   00000138cd0e6fbc 00000022239ff030
0x00000022239fefd8:   00000138cd1115d0 0000000000000000 

Instructions: (pc=0x00007ffc9fcbc5b9)
0x00007ffc9fcbc4b9:   cc cc cc cc cc cc cc 48 8b 01 49 8b c8 48 8b 50
0x00007ffc9fcbc4c9:   18 48 ff a2 60 0a 00 00 cc cc cc cc cc cc cc cc
0x00007ffc9fcbc4d9:   cc cc cc cc cc cc cc 48 8b 01 49 8b c8 48 8b 50
0x00007ffc9fcbc4e9:   18 48 ff a2 68 0a 00 00 cc cc cc cc cc cc cc cc
0x00007ffc9fcbc4f9:   cc cc cc cc cc cc cc 40 53 48 8b 01 41 8b d8 44
0x00007ffc9fcbc509:   8b 44 24 30 41 8b d1 4c 8b 4c 24 38 8b cb 4c 8b
0x00007ffc9fcbc519:   50 18 5b 49 ff a2 70 0a 00 00 cc cc cc cc cc cc
0x00007ffc9fcbc529:   cc cc cc cc cc cc cc 48 8b 01 41 8b c8 48 8b 50
0x00007ffc9fcbc539:   18 48 ff 22 cc cc cc 48 8b 01 41 8b c8 48 8b 50
0x00007ffc9fcbc549:   18 48 ff 62 08 cc cc 48 8b 01 41 8b d1 41 8b c8
0x00007ffc9fcbc559:   4c 8b 50 18 49 ff 62 38 cc cc cc cc cc cc cc cc
0x00007ffc9fcbc569:   cc cc cc cc cc cc cc 48 8b 01 41 8b d1 41 8b c8
0x00007ffc9fcbc579:   4c 8b 50 18 49 ff 62 48 cc cc cc cc cc cc cc cc
0x00007ffc9fcbc589:   cc cc cc cc cc cc cc 48 8b 01 41 8b c8 48 8b 50
0x00007ffc9fcbc599:   18 48 ff 62 60 cc cc 48 8b 01 0f 28 cb f3 0f 10
0x00007ffc9fcbc5a9:   5c 24 30 0f 28 c2 f3 0f 10 54 24 28 48 8b 48 18
0x00007ffc9fcbc5b9:   48 ff 61 70 cc cc cc 48 8b 01 0f 28 c2 48 8b 48
0x00007ffc9fcbc5c9:   18 48 ff 61 78 cc cc 48 8b 01 41 8b c8 48 8b 50
0x00007ffc9fcbc5d9:   18 48 ff a2 88 00 00 00 cc cc cc cc cc cc cc cc
0x00007ffc9fcbc5e9:   cc cc cc cc cc cc cc 40 53 48 8b 01 41 0f b6 d8
0x00007ffc9fcbc5f9:   44 0f b6 44 24 30 41 0f b6 d1 44 0f b6 4c 24 38
0x00007ffc9fcbc609:   0f b6 cb 4c 8b 50 18 5b 49 ff a2 98 01 00 00 cc
0x00007ffc9fcbc619:   cc cc cc cc cc cc cc 48 8b 01 41 8b c8 48 8b 50
0x00007ffc9fcbc629:   18 48 ff a2 b8 01 00 00 cc cc cc cc cc cc cc cc
0x00007ffc9fcbc639:   cc cc cc cc cc cc cc 48 8b 01 41 8b c8 48 8b 50
0x00007ffc9fcbc649:   18 48 ff a2 c8 01 00 00 cc cc cc cc cc cc cc cc
0x00007ffc9fcbc659:   cc cc cc cc cc cc cc 48 8b 01 41 0f b6 c8 48 8b
0x00007ffc9fcbc669:   50 18 48 ff a2 d0 01 00 00 cc cc cc cc cc cc cc
0x00007ffc9fcbc679:   cc cc cc cc cc cc cc 48 8b 01 0f 28 cb 0f 28 c2
0x00007ffc9fcbc689:   48 8b 48 18 48 ff a1 d8 01 00 00 cc cc cc cc cc
0x00007ffc9fcbc699:   cc cc cc cc cc cc cc 48 8b 01 45 8b d8 44 8b 44
0x00007ffc9fcbc6a9:   24 28 41 8b d1 41 8b cb 4c 8b 50 18 49 ff a2 e8 


Stack slot to memory mapping:
stack at sp + 0 slots: 0x00000138bb05f95d is at code_begin+1053 in an Interpreter codelet
method entry point (kind = native)  [0x00000138bb05f540, 0x00000138bb060050]  2832 bytes
stack at sp + 1 slots: {method} {0x00000138cd1257c8} 'glClearColor' '(FFFF)V' in 'org/lwjgl/opengl/GL11C'
stack at sp + 2 slots: 0x00000022239ff008 is pointing into the stack for thread: 0x00000138ab931830
stack at sp + 3 slots: 0x00000138bb05b796 is at code_begin+1110 in an Interpreter codelet
return entry points  [0x00000138bb05b340, 0x00000138bb05be20]  2784 bytes
stack at sp + 4 slots: 0x00000138bb05f650 is at code_begin+272 in an Interpreter codelet
method entry point (kind = native)  [0x00000138bb05f540, 0x00000138bb060050]  2832 bytes
stack at sp + 5 slots: 0x0000013800000000 is an unknown value
stack at sp + 6 slots: 0x000000003f800000 is an unknown value
stack at sp + 7 slots: 0x3ff0000000000000 is an unknown value


---------------  P R O C E S S  ---------------

Threads class SMR info:
_java_thread_list=0x00000138d0dbf850, length=13, elements={
0x00000138ab931830, 0x00000138cc8dba90, 0x00000138cc8dc880, 0x00000138cc8dfde0,
0x00000138cc8e5840, 0x00000138cc8e6170, 0x00000138cc8e8ab0, 0x00000138cc8ed730,
0x00000138cc8fa0d0, 0x00000138cc908720, 0x00000138cc8b3800, 0x00000138d0f0b240,
0x00000138d0f49cc0
}

Java Threads: ( => current thread )
=>0x00000138ab931830 JavaThread "main" [_thread_in_native, id=12108, stack(0x0000002223900000,0x0000002223a00000)]
  0x00000138cc8dba90 JavaThread "Reference Handler" daemon [_thread_blocked, id=23320, stack(0x0000002224000000,0x0000002224100000)]
  0x00000138cc8dc880 JavaThread "Finalizer" daemon [_thread_blocked, id=14828, stack(0x0000002224100000,0x0000002224200000)]
  0x00000138cc8dfde0 JavaThread "Signal Dispatcher" daemon [_thread_blocked, id=18964, stack(0x0000002224200000,0x0000002224300000)]
  0x00000138cc8e5840 JavaThread "Attach Listener" daemon [_thread_blocked, id=23988, stack(0x0000002224300000,0x0000002224400000)]
  0x00000138cc8e6170 JavaThread "Service Thread" daemon [_thread_blocked, id=17220, stack(0x0000002224400000,0x0000002224500000)]
  0x00000138cc8e8ab0 JavaThread "Monitor Deflation Thread" daemon [_thread_blocked, id=10348, stack(0x0000002224500000,0x0000002224600000)]
  0x00000138cc8ed730 JavaThread "C2 CompilerThread0" daemon [_thread_blocked, id=32248, stack(0x0000002224600000,0x0000002224700000)]
  0x00000138cc8fa0d0 JavaThread "C1 CompilerThread0" daemon [_thread_blocked, id=12256, stack(0x0000002224700000,0x0000002224800000)]
  0x00000138cc908720 JavaThread "Sweeper thread" daemon [_thread_blocked, id=24364, stack(0x0000002224800000,0x0000002224900000)]
  0x00000138cc8b3800 JavaThread "Common-Cleaner" daemon [_thread_blocked, id=3520, stack(0x0000002224900000,0x0000002224a00000)]
  0x00000138d0f0b240 JavaThread "Monitor Ctrl-Break" daemon [_thread_in_native, id=31608, stack(0x0000002224a00000,0x0000002224b00000)]
  0x00000138d0f49cc0 JavaThread "Notification Thread" daemon [_thread_blocked, id=27688, stack(0x0000002224b00000,0x0000002224c00000)]

Other Threads:
  0x00000138cc8c47b0 VMThread "VM Thread" [stack: 0x0000002223f00000,0x0000002224000000] [id=21408]
  0x00000138d0f0cfb0 WatcherThread "VM Periodic Task Thread" [stack: 0x0000002224c00000,0x0000002224d00000] [id=14440]
  0x00000138ab98eaf0 WorkerThread "GC Thread#0" [stack: 0x0000002223a00000,0x0000002223b00000] [id=22136]
  0x00000138ab99b970 ConcurrentGCThread "G1 Main Marker" [stack: 0x0000002223b00000,0x0000002223c00000] [id=32448]
  0x00000138ab99cbe0 WorkerThread "G1 Conc#0" [stack: 0x0000002223c00000,0x0000002223d00000] [id=2804]
  0x00000138cc77c110 ConcurrentGCThread "G1 Refine#0" [stack: 0x0000002223d00000,0x0000002223e00000] [id=22964]
  0x00000138cc77d910 ConcurrentGCThread "G1 Service" [stack: 0x0000002223e00000,0x0000002223f00000] [id=2948]

Threads with active compile tasks:

VM state: not at safepoint (normal execution)

VM Mutex/Monitor currently owned by a thread: None

Heap address: 0x0000000742800000, size: 3032 MB, Compressed Oops mode: Zero based, Oop shift amount: 3

CDS archive(s) mapped at: [0x0000000800000000-0x0000000800c40000-0x0000000800c40000), size 12845056, SharedBaseAddress: 0x0000000800000000, ArchiveRelocationMode: 0.
Compressed class space mapped at: 0x0000000801000000-0x0000000841000000, reserved size: 1073741824
Narrow klass base: 0x0000000800000000, Narrow klass shift: 0, Narrow klass range: 0x100000000

GC Precious Log:
 CardTable entry size: 512
 Card Set container configuration: InlinePtr #cards 4 size 8 Array Of Cards #cards 16 size 48 Howl #buckets 8 coarsen threshold 3686 Howl Bitmap #cards 512 size 80 coarsen threshold 460 Card regions per heap region 1 cards per card region 4096
 CPUs: 8 total, 8 available
 Memory: 12122M
 Large Page Support: Disabled
 NUMA Support: Disabled
 Compressed Oops: Enabled (Zero based)
 Heap Region Size: 2M
 Heap Min Capacity: 8M
 Heap Initial Capacity: 190M
 Heap Max Capacity: 3032M
 Pre-touch: Disabled
 Parallel Workers: 8
 Concurrent Workers: 2
 Concurrent Refinement Workers: 8
 Periodic GC: Disabled

Heap:
 garbage-first heap   total 194560K, used 6144K [0x0000000742800000, 0x0000000800000000)
  region size 2048K, 4 young (8192K), 0 survivors (0K)
 Metaspace       used 3333K, committed 3520K, reserved 1114112K
  class space    used 226K, committed 320K, reserved 1048576K

Heap Regions: E=young(eden), S=young(survivor), O=old, HS=humongous(starts), HC=humongous(continues), CS=collection set, F=free, OA=open archive, CA=closed archive, TAMS=top-at-mark-start (previous, next)
|   0|0x0000000742800000, 0x0000000742800000, 0x0000000742a00000|  0%| F|  |TAMS 0x0000000742800000, 0x0000000742800000| Untracked 
|   1|0x0000000742a00000, 0x0000000742a00000, 0x0000000742c00000|  0%| F|  |TAMS 0x0000000742a00000, 0x0000000742a00000| Untracked 
|   2|0x0000000742c00000, 0x0000000742c00000, 0x0000000742e00000|  0%| F|  |TAMS 0x0000000742c00000, 0x0000000742c00000| Untracked 
|   3|0x0000000742e00000, 0x0000000742e00000, 0x0000000743000000|  0%| F|  |TAMS 0x0000000742e00000, 0x0000000742e00000| Untracked 
|   4|0x0000000743000000, 0x0000000743000000, 0x0000000743200000|  0%| F|  |TAMS 0x0000000743000000, 0x0000000743000000| Untracked 
|   5|0x0000000743200000, 0x0000000743200000, 0x0000000743400000|  0%| F|  |TAMS 0x0000000743200000, 0x0000000743200000| Untracked 
|   6|0x0000000743400000, 0x0000000743400000, 0x0000000743600000|  0%| F|  |TAMS 0x0000000743400000, 0x0000000743400000| Untracked 
|   7|0x0000000743600000, 0x0000000743600000, 0x0000000743800000|  0%| F|  |TAMS 0x0000000743600000, 0x0000000743600000| Untracked 
|   8|0x0000000743800000, 0x0000000743800000, 0x0000000743a00000|  0%| F|  |TAMS 0x0000000743800000, 0x0000000743800000| Untracked 
|   9|0x0000000743a00000, 0x0000000743a00000, 0x0000000743c00000|  0%| F|  |TAMS 0x0000000743a00000, 0x0000000743a00000| Untracked 
|  10|0x0000000743c00000, 0x0000000743c00000, 0x0000000743e00000|  0%| F|  |TAMS 0x0000000743c00000, 0x0000000743c00000| Untracked 
|  11|0x0000000743e00000, 0x0000000743e00000, 0x0000000744000000|  0%| F|  |TAMS 0x0000000743e00000, 0x0000000743e00000| Untracked 
|  12|0x0000000744000000, 0x0000000744000000, 0x0000000744200000|  0%| F|  |TAMS 0x0000000744000000, 0x0000000744000000| Untracked 
|  13|0x0000000744200000, 0x0000000744200000, 0x0000000744400000|  0%| F|  |TAMS 0x0000000744200000, 0x0000000744200000| Untracked 
|  14|0x0000000744400000, 0x0000000744400000, 0x0000000744600000|  0%| F|  |TAMS 0x0000000744400000, 0x0000000744400000| Untracked 
|  15|0x0000000744600000, 0x0000000744600000, 0x0000000744800000|  0%| F|  |TAMS 0x0000000744600000, 0x0000000744600000| Untracked 
|  16|0x0000000744800000, 0x0000000744800000, 0x0000000744a00000|  0%| F|  |TAMS 0x0000000744800000, 0x0000000744800000| Untracked 
|  17|0x0000000744a00000, 0x0000000744a00000, 0x0000000744c00000|  0%| F|  |TAMS 0x0000000744a00000, 0x0000000744a00000| Untracked 
|  18|0x0000000744c00000, 0x0000000744c00000, 0x0000000744e00000|  0%| F|  |TAMS 0x0000000744c00000, 0x0000000744c00000| Untracked 
|  19|0x0000000744e00000, 0x0000000744e00000, 0x0000000745000000|  0%| F|  |TAMS 0x0000000744e00000, 0x0000000744e00000| Untracked 
|  20|0x0000000745000000, 0x0000000745000000, 0x0000000745200000|  0%| F|  |TAMS 0x0000000745000000, 0x0000000745000000| Untracked 
|  21|0x0000000745200000, 0x0000000745200000, 0x0000000745400000|  0%| F|  |TAMS 0x0000000745200000, 0x0000000745200000| Untracked 
|  22|0x0000000745400000, 0x0000000745400000, 0x0000000745600000|  0%| F|  |TAMS 0x0000000745400000, 0x0000000745400000| Untracked 
|  23|0x0000000745600000, 0x0000000745600000, 0x0000000745800000|  0%| F|  |TAMS 0x0000000745600000, 0x0000000745600000| Untracked 
|  24|0x0000000745800000, 0x0000000745800000, 0x0000000745a00000|  0%| F|  |TAMS 0x0000000745800000, 0x0000000745800000| Untracked 
|  25|0x0000000745a00000, 0x0000000745a00000, 0x0000000745c00000|  0%| F|  |TAMS 0x0000000745a00000, 0x0000000745a00000| Untracked 
|  26|0x0000000745c00000, 0x0000000745c00000, 0x0000000745e00000|  0%| F|  |TAMS 0x0000000745c00000, 0x0000000745c00000| Untracked 
|  27|0x0000000745e00000, 0x0000000745e00000, 0x0000000746000000|  0%| F|  |TAMS 0x0000000745e00000, 0x0000000745e00000| Untracked 
|  28|0x0000000746000000, 0x0000000746000000, 0x0000000746200000|  0%| F|  |TAMS 0x0000000746000000, 0x0000000746000000| Untracked 
|  29|0x0000000746200000, 0x0000000746200000, 0x0000000746400000|  0%| F|  |TAMS 0x0000000746200000, 0x0000000746200000| Untracked 
|  30|0x0000000746400000, 0x0000000746400000, 0x0000000746600000|  0%| F|  |TAMS 0x0000000746400000, 0x0000000746400000| Untracked 
|  31|0x0000000746600000, 0x0000000746600000, 0x0000000746800000|  0%| F|  |TAMS 0x0000000746600000, 0x0000000746600000| Untracked 
|  32|0x0000000746800000, 0x0000000746800000, 0x0000000746a00000|  0%| F|  |TAMS 0x0000000746800000, 0x0000000746800000| Untracked 
|  33|0x0000000746a00000, 0x0000000746a00000, 0x0000000746c00000|  0%| F|  |TAMS 0x0000000746a00000, 0x0000000746a00000| Untracked 
|  34|0x0000000746c00000, 0x0000000746c00000, 0x0000000746e00000|  0%| F|  |TAMS 0x0000000746c00000, 0x0000000746c00000| Untracked 
|  35|0x0000000746e00000, 0x0000000746e00000, 0x0000000747000000|  0%| F|  |TAMS 0x0000000746e00000, 0x0000000746e00000| Untracked 
|  36|0x0000000747000000, 0x0000000747000000, 0x0000000747200000|  0%| F|  |TAMS 0x0000000747000000, 0x0000000747000000| Untracked 
|  37|0x0000000747200000, 0x0000000747200000, 0x0000000747400000|  0%| F|  |TAMS 0x0000000747200000, 0x0000000747200000| Untracked 
|  38|0x0000000747400000, 0x0000000747400000, 0x0000000747600000|  0%| F|  |TAMS 0x0000000747400000, 0x0000000747400000| Untracked 
|  39|0x0000000747600000, 0x0000000747600000, 0x0000000747800000|  0%| F|  |TAMS 0x0000000747600000, 0x0000000747600000| Untracked 
|  40|0x0000000747800000, 0x0000000747800000, 0x0000000747a00000|  0%| F|  |TAMS 0x0000000747800000, 0x0000000747800000| Untracked 
|  41|0x0000000747a00000, 0x0000000747a00000, 0x0000000747c00000|  0%| F|  |TAMS 0x0000000747a00000, 0x0000000747a00000| Untracked 
|  42|0x0000000747c00000, 0x0000000747c00000, 0x0000000747e00000|  0%| F|  |TAMS 0x0000000747c00000, 0x0000000747c00000| Untracked 
|  43|0x0000000747e00000, 0x0000000747e00000, 0x0000000748000000|  0%| F|  |TAMS 0x0000000747e00000, 0x0000000747e00000| Untracked 
|  44|0x0000000748000000, 0x0000000748000000, 0x0000000748200000|  0%| F|  |TAMS 0x0000000748000000, 0x0000000748000000| Untracked 
|  45|0x0000000748200000, 0x0000000748200000, 0x0000000748400000|  0%| F|  |TAMS 0x0000000748200000, 0x0000000748200000| Untracked 
|  46|0x0000000748400000, 0x0000000748400000, 0x0000000748600000|  0%| F|  |TAMS 0x0000000748400000, 0x0000000748400000| Untracked 
|  47|0x0000000748600000, 0x0000000748600000, 0x0000000748800000|  0%| F|  |TAMS 0x0000000748600000, 0x0000000748600000| Untracked 
|  48|0x0000000748800000, 0x0000000748800000, 0x0000000748a00000|  0%| F|  |TAMS 0x0000000748800000, 0x0000000748800000| Untracked 
|  49|0x0000000748a00000, 0x0000000748a00000, 0x0000000748c00000|  0%| F|  |TAMS 0x0000000748a00000, 0x0000000748a00000| Untracked 
|  50|0x0000000748c00000, 0x0000000748c00000, 0x0000000748e00000|  0%| F|  |TAMS 0x0000000748c00000, 0x0000000748c00000| Untracked 
|  51|0x0000000748e00000, 0x0000000748e00000, 0x0000000749000000|  0%| F|  |TAMS 0x0000000748e00000, 0x0000000748e00000| Untracked 
|  52|0x0000000749000000, 0x0000000749000000, 0x0000000749200000|  0%| F|  |TAMS 0x0000000749000000, 0x0000000749000000| Untracked 
|  53|0x0000000749200000, 0x0000000749200000, 0x0000000749400000|  0%| F|  |TAMS 0x0000000749200000, 0x0000000749200000| Untracked 
|  54|0x0000000749400000, 0x0000000749400000, 0x0000000749600000|  0%| F|  |TAMS 0x0000000749400000, 0x0000000749400000| Untracked 
|  55|0x0000000749600000, 0x0000000749600000, 0x0000000749800000|  0%| F|  |TAMS 0x0000000749600000, 0x0000000749600000| Untracked 
|  56|0x0000000749800000, 0x0000000749800000, 0x0000000749a00000|  0%| F|  |TAMS 0x0000000749800000, 0x0000000749800000| Untracked 
|  57|0x0000000749a00000, 0x0000000749a00000, 0x0000000749c00000|  0%| F|  |TAMS 0x0000000749a00000, 0x0000000749a00000| Untracked 
|  58|0x0000000749c00000, 0x0000000749c00000, 0x0000000749e00000|  0%| F|  |TAMS 0x0000000749c00000, 0x0000000749c00000| Untracked 
|  59|0x0000000749e00000, 0x0000000749e00000, 0x000000074a000000|  0%| F|  |TAMS 0x0000000749e00000, 0x0000000749e00000| Untracked 
|  60|0x000000074a000000, 0x000000074a000000, 0x000000074a200000|  0%| F|  |TAMS 0x000000074a000000, 0x000000074a000000| Untracked 
|  61|0x000000074a200000, 0x000000074a200000, 0x000000074a400000|  0%| F|  |TAMS 0x000000074a200000, 0x000000074a200000| Untracked 
|  62|0x000000074a400000, 0x000000074a400000, 0x000000074a600000|  0%| F|  |TAMS 0x000000074a400000, 0x000000074a400000| Untracked 
|  63|0x000000074a600000, 0x000000074a600000, 0x000000074a800000|  0%| F|  |TAMS 0x000000074a600000, 0x000000074a600000| Untracked 
|  64|0x000000074a800000, 0x000000074a800000, 0x000000074aa00000|  0%| F|  |TAMS 0x000000074a800000, 0x000000074a800000| Untracked 
|  65|0x000000074aa00000, 0x000000074aa00000, 0x000000074ac00000|  0%| F|  |TAMS 0x000000074aa00000, 0x000000074aa00000| Untracked 
|  66|0x000000074ac00000, 0x000000074ac00000, 0x000000074ae00000|  0%| F|  |TAMS 0x000000074ac00000, 0x000000074ac00000| Untracked 
|  67|0x000000074ae00000, 0x000000074ae00000, 0x000000074b000000|  0%| F|  |TAMS 0x000000074ae00000, 0x000000074ae00000| Untracked 
|  68|0x000000074b000000, 0x000000074b000000, 0x000000074b200000|  0%| F|  |TAMS 0x000000074b000000, 0x000000074b000000| Untracked 
|  69|0x000000074b200000, 0x000000074b200000, 0x000000074b400000|  0%| F|  |TAMS 0x000000074b200000, 0x000000074b200000| Untracked 
|  70|0x000000074b400000, 0x000000074b400000, 0x000000074b600000|  0%| F|  |TAMS 0x000000074b400000, 0x000000074b400000| Untracked 
|  71|0x000000074b600000, 0x000000074b600000, 0x000000074b800000|  0%| F|  |TAMS 0x000000074b600000, 0x000000074b600000| Untracked 
|  72|0x000000074b800000, 0x000000074b800000, 0x000000074ba00000|  0%| F|  |TAMS 0x000000074b800000, 0x000000074b800000| Untracked 
|  73|0x000000074ba00000, 0x000000074ba00000, 0x000000074bc00000|  0%| F|  |TAMS 0x000000074ba00000, 0x000000074ba00000| Untracked 
|  74|0x000000074bc00000, 0x000000074bc00000, 0x000000074be00000|  0%| F|  |TAMS 0x000000074bc00000, 0x000000074bc00000| Untracked 
|  75|0x000000074be00000, 0x000000074be00000, 0x000000074c000000|  0%| F|  |TAMS 0x000000074be00000, 0x000000074be00000| Untracked 
|  76|0x000000074c000000, 0x000000074c000000, 0x000000074c200000|  0%| F|  |TAMS 0x000000074c000000, 0x000000074c000000| Untracked 
|  77|0x000000074c200000, 0x000000074c200000, 0x000000074c400000|  0%| F|  |TAMS 0x000000074c200000, 0x000000074c200000| Untracked 
|  78|0x000000074c400000, 0x000000074c400000, 0x000000074c600000|  0%| F|  |TAMS 0x000000074c400000, 0x000000074c400000| Untracked 
|  79|0x000000074c600000, 0x000000074c600000, 0x000000074c800000|  0%| F|  |TAMS 0x000000074c600000, 0x000000074c600000| Untracked 
|  80|0x000000074c800000, 0x000000074c800000, 0x000000074ca00000|  0%| F|  |TAMS 0x000000074c800000, 0x000000074c800000| Untracked 
|  81|0x000000074ca00000, 0x000000074ca00000, 0x000000074cc00000|  0%| F|  |TAMS 0x000000074ca00000, 0x000000074ca00000| Untracked 
|  82|0x000000074cc00000, 0x000000074cc00000, 0x000000074ce00000|  0%| F|  |TAMS 0x000000074cc00000, 0x000000074cc00000| Untracked 
|  83|0x000000074ce00000, 0x000000074ce00000, 0x000000074d000000|  0%| F|  |TAMS 0x000000074ce00000, 0x000000074ce00000| Untracked 
|  84|0x000000074d000000, 0x000000074d000000, 0x000000074d200000|  0%| F|  |TAMS 0x000000074d000000, 0x000000074d000000| Untracked 
|  85|0x000000074d200000, 0x000000074d200000, 0x000000074d400000|  0%| F|  |TAMS 0x000000074d200000, 0x000000074d200000| Untracked 
|  86|0x000000074d400000, 0x000000074d400000, 0x000000074d600000|  0%| F|  |TAMS 0x000000074d400000, 0x000000074d400000| Untracked 
|  87|0x000000074d600000, 0x000000074d600000, 0x000000074d800000|  0%| F|  |TAMS 0x000000074d600000, 0x000000074d600000| Untracked 
|  88|0x000000074d800000, 0x000000074d800000, 0x000000074da00000|  0%| F|  |TAMS 0x000000074d800000, 0x000000074d800000| Untracked 
|  89|0x000000074da00000, 0x000000074da00000, 0x000000074dc00000|  0%| F|  |TAMS 0x000000074da00000, 0x000000074da00000| Untracked 
|  90|0x000000074dc00000, 0x000000074dc00000, 0x000000074de00000|  0%| F|  |TAMS 0x000000074dc00000, 0x000000074dc00000| Untracked 
|  91|0x000000074de00000, 0x000000074dfa2d00, 0x000000074e000000| 81%| E|  |TAMS 0x000000074de00000, 0x000000074de00000| Complete 
|  92|0x000000074e000000, 0x000000074e200000, 0x000000074e200000|100%| E|CS|TAMS 0x000000074e000000, 0x000000074e000000| Complete 
|  93|0x000000074e200000, 0x000000074e400000, 0x000000074e400000|100%| E|CS|TAMS 0x000000074e200000, 0x000000074e200000| Complete 
|  94|0x000000074e400000, 0x000000074e600000, 0x000000074e600000|100%| E|CS|TAMS 0x000000074e400000, 0x000000074e400000| Complete 

Card table byte_map: [0x00000138c3430000,0x00000138c3a20000] _byte_map_base: 0x00000138bfa1c000

Marking Bits (Prev, Next): (CMBitMap*) 0x00000138ab98f120, (CMBitMap*) 0x00000138ab98f160
 Prev Bits: [0x00000138c4010000, 0x00000138c6f70000)
 Next Bits: [0x00000138c6f70000, 0x00000138c9ed0000)

Polling page: 0x00000138a98f0000

Metaspace:

Usage:
  Non-class:      3.03 MB used.
      Class:    226.55 KB used.
       Both:      3.26 MB used.

Virtual space:
  Non-class space:       64.00 MB reserved,       3.13 MB (  5%) committed,  1 nodes.
      Class space:        1.00 GB reserved,     320.00 KB ( <1%) committed,  1 nodes.
             Both:        1.06 GB reserved,       3.44 MB ( <1%) committed. 

Chunk freelists:
   Non-Class:  2.80 MB
       Class:  3.66 MB
        Both:  6.46 MB

MaxMetaspaceSize: unlimited
CompressedClassSpaceSize: 1.00 GB
Initial GC threshold: 21.00 MB
Current GC threshold: 21.00 MB
CDS: on
MetaspaceReclaimPolicy: balanced
 - commit_granule_bytes: 65536.
 - commit_granule_words: 8192.
 - virtual_space_node_default_size: 8388608.
 - enlarge_chunks_in_place: 1.
 - new_chunks_are_fully_committed: 0.
 - uncommit_free_chunks: 1.
 - use_allocation_guard: 0.


Internal statistics:

num_allocs_failed_limit: 0.
num_arena_births: 78.
num_arena_deaths: 0.
num_vsnodes_births: 2.
num_vsnodes_deaths: 0.
num_space_committed: 55.
num_space_uncommitted: 0.
num_chunks_returned_to_freelist: 0.
num_chunks_taken_from_freelist: 144.
num_chunk_merges: 0.
num_chunk_splits: 94.
num_chunks_enlarged: 62.
num_inconsistent_stats: 0.

CodeHeap 'non-profiled nmethods': size=120000Kb used=198Kb max_used=198Kb free=119802Kb
 bounds [0x00000138bb5e0000, 0x00000138bb850000, 0x00000138c2b10000]
CodeHeap 'profiled nmethods': size=120000Kb used=926Kb max_used=926Kb free=119073Kb
 bounds [0x00000138b3b10000, 0x00000138b3d80000, 0x00000138bb040000]
CodeHeap 'non-nmethods': size=5760Kb used=1684Kb max_used=1702Kb free=4075Kb
 bounds [0x00000138bb040000, 0x00000138bb2b0000, 0x00000138bb5e0000]
 total_blobs=1652 nmethods=619 adapters=944
 compilation: enabled
              stopped_count=0, restarted_count=0
 full_count=0

Compilation events (20 events):
Event: 0.505 Thread 0x00000138cc8fa0d0  605       3       java.util.regex.Pattern::peek (26 bytes)
Event: 0.505 Thread 0x00000138cc8fa0d0 nmethod 605 0x00000138b3bf0d10 code [0x00000138b3bf0ec0, 0x00000138b3bf1128]
Event: 0.505 Thread 0x00000138cc8fa0d0  606       3       sun.invoke.util.Wrapper::forPrimitiveType (122 bytes)
Event: 0.506 Thread 0x00000138cc8fa0d0 nmethod 606 0x00000138b3bf1290 code [0x00000138b3bf1560, 0x00000138b3bf2098]
Event: 0.506 Thread 0x00000138cc8fa0d0  608       3       sun.invoke.util.VerifyAccess::isClassAccessible (230 bytes)
Event: 0.507 Thread 0x00000138cc8fa0d0 nmethod 608 0x00000138b3bf2390 code [0x00000138b3bf26a0, 0x00000138b3bf3538]
Event: 0.508 Thread 0x00000138cc8fa0d0  610       3       java.lang.invoke.MethodTypeForm::canonicalize (59 bytes)
Event: 0.508 Thread 0x00000138cc8fa0d0 nmethod 610 0x00000138b3bf3910 code [0x00000138b3bf3ae0, 0x00000138b3bf3e08]
Event: 0.508 Thread 0x00000138cc8fa0d0  611       3       java.lang.invoke.MethodType$ConcurrentWeakInternSet::add (66 bytes)
Event: 0.509 Thread 0x00000138cc8fa0d0 nmethod 611 0x00000138b3bf3f10 code [0x00000138b3bf4160, 0x00000138b3bf4de8]
Event: 0.511 Thread 0x00000138cc8fa0d0  614       1       jdk.internal.loader.URLClassPath$Loader::getBaseURL (5 bytes)
Event: 0.512 Thread 0x00000138cc8fa0d0 nmethod 614 0x00000138bb60f610 code [0x00000138bb60f7a0, 0x00000138bb60f878]
Event: 0.513 Thread 0x00000138cc8fa0d0  616       3       sun.misc.Unsafe::putLong (11 bytes)
Event: 0.513 Thread 0x00000138cc8fa0d0 nmethod 616 0x00000138b3bf5190 code [0x00000138b3bf5320, 0x00000138b3bf5438]
Event: 0.513 Thread 0x00000138cc8fa0d0  617       3       org.lwjgl.system.MemoryUtil::memPutAddress (29 bytes)
Event: 0.513 Thread 0x00000138cc8fa0d0 nmethod 617 0x00000138b3bf5510 code [0x00000138b3bf56c0, 0x00000138b3bf58b8]
Event: 0.513 Thread 0x00000138cc8fa0d0  618       3       java.lang.StringConcatHelper::initialCoder (14 bytes)
Event: 0.513 Thread 0x00000138cc8fa0d0 nmethod 618 0x00000138b3bf5990 code [0x00000138b3bf5b20, 0x00000138b3bf5c38]
Event: 0.513 Thread 0x00000138cc8fa0d0  619       3       java.lang.String::concat (15 bytes)
Event: 0.515 Thread 0x00000138cc8fa0d0 nmethod 619 0x00000138b3bf5c90 code [0x00000138b3bf5fc0, 0x00000138b3bf7278]

GC Heap History (0 events):
No events

Dll operation events (12 events):
Event: 0.029 Loaded shared library C:\Users\Owner\.jdks\corretto-19.0.2\bin\java.dll
Event: 0.039 Loaded shared library C:\Users\Owner\.jdks\corretto-19.0.2\bin\jsvml.dll
Event: 0.122 Loaded shared library C:\Users\Owner\.jdks\corretto-19.0.2\bin\zip.dll
Event: 0.124 Loaded shared library C:\Users\Owner\.jdks\corretto-19.0.2\bin\instrument.dll
Event: 0.130 Loaded shared library C:\Users\Owner\.jdks\corretto-19.0.2\bin\net.dll
Event: 0.134 Loaded shared library C:\Users\Owner\.jdks\corretto-19.0.2\bin\nio.dll
Event: 0.137 Loaded shared library C:\Users\Owner\.jdks\corretto-19.0.2\bin\zip.dll
Event: 0.169 Loaded shared library C:\Program Files\JetBrains\IntelliJ IDEA 2024.2.1\bin\breakgen64.dll
Event: 0.181 Loaded shared library C:\Users\Owner\.jdks\corretto-19.0.2\bin\extnet.dll
Event: 0.202 Loaded shared library C:\Users\Owner\.jdks\corretto-19.0.2\bin\jimage.dll
Event: 0.227 Loaded shared library C:\Users\Owner\AppData\Local\Temp\lwjgl_Owner\3.3.3+5\x64\lwjgl.dll
Event: 0.491 Loaded shared library C:\Users\Owner\AppData\Local\Temp\lwjgl_Owner\3.3.3+5\x64\lwjgl_opengl.dll

Deoptimization events (20 events):
Event: 0.499 Thread 0x00000138ab931830 DEOPT PACKING pc=0x00000138b3bb490f sp=0x00000022239fd330
Event: 0.499 Thread 0x00000138ab931830 DEOPT UNPACKING pc=0x00000138bb0a7543 sp=0x00000022239fc7a8 mode 0
Event: 0.499 Thread 0x00000138ab931830 DEOPT PACKING pc=0x00000138b3bb490f sp=0x00000022239fd330
Event: 0.499 Thread 0x00000138ab931830 DEOPT UNPACKING pc=0x00000138bb0a7543 sp=0x00000022239fc7a8 mode 0
Event: 0.499 Thread 0x00000138ab931830 DEOPT PACKING pc=0x00000138b3bb4872 sp=0x00000022239fd330
Event: 0.499 Thread 0x00000138ab931830 DEOPT UNPACKING pc=0x00000138bb0a7543 sp=0x00000022239fc7a8 mode 0
Event: 0.499 Thread 0x00000138ab931830 DEOPT PACKING pc=0x00000138b3bb4872 sp=0x00000022239fd330
Event: 0.499 Thread 0x00000138ab931830 DEOPT UNPACKING pc=0x00000138bb0a7543 sp=0x00000022239fc7a8 mode 0
Event: 0.499 Thread 0x00000138ab931830 DEOPT PACKING pc=0x00000138b3bb4872 sp=0x00000022239fd330
Event: 0.499 Thread 0x00000138ab931830 DEOPT UNPACKING pc=0x00000138bb0a7543 sp=0x00000022239fc7a8 mode 0
Event: 0.499 Thread 0x00000138ab931830 DEOPT PACKING pc=0x00000138b3bb490f sp=0x00000022239fd330
Event: 0.499 Thread 0x00000138ab931830 DEOPT UNPACKING pc=0x00000138bb0a7543 sp=0x00000022239fc7a8 mode 0
Event: 0.499 Thread 0x00000138ab931830 DEOPT PACKING pc=0x00000138b3bb4872 sp=0x00000022239fd330
Event: 0.499 Thread 0x00000138ab931830 DEOPT UNPACKING pc=0x00000138bb0a7543 sp=0x00000022239fc7a8 mode 0
Event: 0.500 Thread 0x00000138ab931830 DEOPT PACKING pc=0x00000138b3bb4872 sp=0x00000022239fd330
Event: 0.500 Thread 0x00000138ab931830 DEOPT UNPACKING pc=0x00000138bb0a7543 sp=0x00000022239fc7a8 mode 0
Event: 0.500 Thread 0x00000138ab931830 DEOPT PACKING pc=0x00000138b3bb4872 sp=0x00000022239fd330
Event: 0.500 Thread 0x00000138ab931830 DEOPT UNPACKING pc=0x00000138bb0a7543 sp=0x00000022239fc7a8 mode 0
Event: 0.500 Thread 0x00000138ab931830 DEOPT PACKING pc=0x00000138b3bb4872 sp=0x00000022239fd330
Event: 0.500 Thread 0x00000138ab931830 DEOPT UNPACKING pc=0x00000138bb0a7543 sp=0x00000022239fc7a8 mode 0

Classes loaded (20 events):
Event: 0.283 Loading class java/util/function/LongPredicate
Event: 0.283 Loading class java/util/function/LongPredicate done
Event: 0.284 Loading class java/lang/foreign/MemorySegment
Event: 0.284 Loading class java/lang/foreign/Addressable
Event: 0.284 Loading class java/lang/foreign/Addressable done
Event: 0.284 Loading class java/lang/foreign/MemorySegment done
Event: 0.288 Loading class java/nio/InvalidMarkException
Event: 0.288 Loading class java/nio/InvalidMarkException done
Event: 0.288 Loading class java/nio/BufferUnderflowException
Event: 0.288 Loading class java/nio/BufferUnderflowException done
Event: 0.291 Loading class java/lang/IndexOutOfBoundsException
Event: 0.291 Loading class java/lang/IndexOutOfBoundsException done
Event: 0.495 Loading class jdk/internal/foreign/MemorySessionImpl
Event: 0.496 Loading class java/lang/foreign/MemorySession
Event: 0.496 Loading class java/lang/foreign/SegmentAllocator
Event: 0.496 Loading class java/lang/foreign/SegmentAllocator done
Event: 0.496 Loading class java/lang/foreign/MemorySession done
Event: 0.496 Loading class jdk/internal/foreign/MemorySessionImpl done
Event: 0.506 Loading class java/util/Formatter$FixedString
Event: 0.506 Loading class java/util/Formatter$FixedString done

Classes unloaded (0 events):
No events

Classes redefined (0 events):
No events

Internal exceptions (20 events):
Event: 0.197 Thread 0x00000138ab931830 Exception <a 'java/lang/NoSuchMethodError'{0x000000074e11e878}: 'void java.lang.invoke.DelegatingMethodHandle$Holder.delegate(java.lang.Object, java.lang.Object, int, java.lang.Object)'> (0x000000074e11e878) 
thrown [s\src\hotspot\share\interpreter\linkResolver.cpp, line 774]
Event: 0.198 Thread 0x00000138ab931830 Exception <a 'java/lang/NoSuchMethodError'{0x000000074e1228c8}: 'int java.lang.invoke.DirectMethodHandle$Holder.invokeSpecial(java.lang.Object, java.lang.Object, java.lang.Object)'> (0x000000074e1228c8) 
thrown [s\src\hotspot\share\interpreter\linkResolver.cpp, line 774]
Event: 0.200 Thread 0x00000138ab931830 Exception <a 'java/lang/NoSuchMethodError'{0x000000074e13d278}: 'void java.lang.System.loadLibrary(java.lang.String, java.lang.Class)'> (0x000000074e13d278) 
thrown [s\src\hotspot\share\interpreter\linkResolver.cpp, line 774]
Event: 0.222 Thread 0x00000138ab931830 Exception <a 'sun/nio/fs/WindowsException'{0x000000074e173640}> (0x000000074e173640) 
thrown [s\src\hotspot\share\prims\jni.cpp, line 517]
Event: 0.223 Thread 0x00000138ab931830 Exception <a 'sun/nio/fs/WindowsException'{0x000000074e173b90}> (0x000000074e173b90) 
thrown [s\src\hotspot\share\prims\jni.cpp, line 517]
Event: 0.273 Thread 0x00000138ab931830 Exception <a 'sun/nio/fs/WindowsException'{0x000000074e1f19b8}> (0x000000074e1f19b8) 
thrown [s\src\hotspot\share\prims\jni.cpp, line 517]
Event: 0.273 Thread 0x00000138ab931830 Exception <a 'sun/nio/fs/WindowsException'{0x000000074e1f1d18}> (0x000000074e1f1d18) 
thrown [s\src\hotspot\share\prims\jni.cpp, line 517]
Event: 0.278 Thread 0x00000138ab931830 Exception <a 'java/lang/NoSuchMethodError'{0x000000074de279b8}: 'java.lang.Object java.lang.invoke.DirectMethodHandle$Holder.invokeStaticInit(java.lang.Object)'> (0x000000074de279b8) 
thrown [s\src\hotspot\share\interpreter\linkResolver.cpp, line 774]
Event: 0.283 Thread 0x00000138ab931830 Exception <a 'java/lang/NoSuchMethodError'{0x000000074de49530}: 'int java.lang.invoke.DirectMethodHandle$Holder.invokeStaticInit(java.lang.Object, java.lang.Object, int, long)'> (0x000000074de49530) 
thrown [s\src\hotspot\share\interpreter\linkResolver.cpp, line 774]
Event: 0.284 Thread 0x00000138ab931830 Exception <a 'java/lang/NoSuchMethodError'{0x000000074de4ee00}: 'java.lang.Object java.lang.invoke.DirectMethodHandle$Holder.newInvokeSpecial(java.lang.Object, java.lang.Object, int)'> (0x000000074de4ee00) 
thrown [s\src\hotspot\share\interpreter\linkResolver.cpp, line 774]
Event: 0.286 Thread 0x00000138ab931830 Exception <a 'java/lang/NoSuchMethodError'{0x000000074de5ec00}: 'int java.lang.invoke.DirectMethodHandle$Holder.invokeStaticInit(java.lang.Object, java.lang.Object, long, long)'> (0x000000074de5ec00) 
thrown [s\src\hotspot\share\interpreter\linkResolver.cpp, line 774]
Event: 0.287 Thread 0x00000138ab931830 Exception <a 'java/lang/NoSuchMethodError'{0x000000074de64d18}: 'java.lang.Object java.lang.invoke.DirectMethodHandle$Holder.newInvokeSpecial(java.lang.Object, java.lang.Object, long)'> (0x000000074de64d18) 
thrown [s\src\hotspot\share\interpreter\linkResolver.cpp, line 774]
Event: 0.287 Thread 0x00000138ab931830 Exception <a 'java/lang/NoSuchMethodError'{0x000000074de69028}: 'java.lang.Object java.lang.invoke.Invokers$Holder.linkToTargetMethod(java.lang.Object, long, java.lang.Object)'> (0x000000074de69028) 
thrown [s\src\hotspot\share\interpreter\linkResolver.cpp, line 774]
Event: 0.288 Thread 0x00000138ab931830 Exception <a 'java/lang/NoSuchMethodError'{0x000000074de705b0}: 'int java.lang.invoke.DirectMethodHandle$Holder.invokeStaticInit(java.lang.Object, java.lang.Object, java.lang.Object, long)'> (0x000000074de705b0) 
thrown [s\src\hotspot\share\interpreter\linkResolver.cpp, line 774]
Event: 0.480 Thread 0x00000138ab931830 Exception <a 'java/lang/NoSuchMethodError'{0x000000074df3a098}: 'void java.lang.System.load(java.lang.String, java.lang.Class)'> (0x000000074df3a098) 
thrown [s\src\hotspot\share\interpreter\linkResolver.cpp, line 774]
Event: 0.481 Thread 0x00000138ab931830 Exception <a 'java/lang/NoSuchMethodError'{0x000000074df3cea0}: 'void java.lang.System.loadLibrary(java.lang.String, java.lang.Class)'> (0x000000074df3cea0) 
thrown [s\src\hotspot\share\interpreter\linkResolver.cpp, line 774]
Event: 0.485 Thread 0x00000138ab931830 Exception <a 'sun/nio/fs/WindowsException'{0x000000074df4de78}> (0x000000074df4de78) 
thrown [s\src\hotspot\share\prims\jni.cpp, line 517]
Event: 0.485 Thread 0x00000138ab931830 Exception <a 'sun/nio/fs/WindowsException'{0x000000074df4e218}> (0x000000074df4e218) 
thrown [s\src\hotspot\share\prims\jni.cpp, line 517]
Event: 0.502 Thread 0x00000138ab931830 Exception <a 'sun/nio/fs/WindowsException'{0x000000074df58b68}> (0x000000074df58b68) 
thrown [s\src\hotspot\share\prims\jni.cpp, line 517]
Event: 0.502 Thread 0x00000138ab931830 Exception <a 'sun/nio/fs/WindowsException'{0x000000074df58e38}> (0x000000074df58e38) 
thrown [s\src\hotspot\share\prims\jni.cpp, line 517]

VM Operations (6 events):
Event: 0.106 Executing VM operation: HandshakeAllThreads
Event: 0.106 Executing VM operation: HandshakeAllThreads done
Event: 0.172 Executing VM operation: HandshakeAllThreads
Event: 0.172 Executing VM operation: HandshakeAllThreads done
Event: 0.215 Executing VM operation: HandshakeAllThreads
Event: 0.215 Executing VM operation: HandshakeAllThreads done

Events (13 events):
Event: 0.039 Thread 0x00000138ab931830 Thread added: 0x00000138ab931830
Event: 0.056 Thread 0x00000138cc8dba90 Thread added: 0x00000138cc8dba90
Event: 0.056 Thread 0x00000138cc8dc880 Thread added: 0x00000138cc8dc880
Event: 0.056 Thread 0x00000138cc8dfde0 Thread added: 0x00000138cc8dfde0
Event: 0.056 Thread 0x00000138cc8e5840 Thread added: 0x00000138cc8e5840
Event: 0.056 Thread 0x00000138cc8e6170 Thread added: 0x00000138cc8e6170
Event: 0.056 Thread 0x00000138cc8e8ab0 Thread added: 0x00000138cc8e8ab0
Event: 0.057 Thread 0x00000138cc8ed730 Thread added: 0x00000138cc8ed730
Event: 0.057 Thread 0x00000138cc8fa0d0 Thread added: 0x00000138cc8fa0d0
Event: 0.057 Thread 0x00000138cc908720 Thread added: 0x00000138cc908720
Event: 0.099 Thread 0x00000138cc8b3800 Thread added: 0x00000138cc8b3800
Event: 0.170 Thread 0x00000138d0f0b240 Thread added: 0x00000138d0f0b240
Event: 0.170 Thread 0x00000138d0f49cc0 Thread added: 0x00000138d0f49cc0


Dynamic libraries:
0x00007ff614540000 - 0x00007ff61454d000 	C:\Users\Owner\.jdks\corretto-19.0.2\bin\java.exe
0x00007ffcd04b0000 - 0x00007ffcd06c7000 	C:\WINDOWS\SYSTEM32\ntdll.dll
0x00007ffccf8d0000 - 0x00007ffccf994000 	C:\WINDOWS\System32\KERNEL32.DLL
0x00007ffccda40000 - 0x00007ffccdded000 	C:\WINDOWS\System32\KERNELBASE.dll
0x00007ffccd7d0000 - 0x00007ffccd8e1000 	C:\WINDOWS\System32\ucrtbase.dll
0x00007ffcc8000000 - 0x00007ffcc8017000 	C:\Users\Owner\.jdks\corretto-19.0.2\bin\jli.dll
0x00007ffcc67c0000 - 0x00007ffcc67d5000 	C:\Users\Owner\.jdks\corretto-19.0.2\bin\VCRUNTIME140.dll
0x00007ffcd0220000 - 0x00007ffcd03ce000 	C:\WINDOWS\System32\USER32.dll
0x00007ffccdee0000 - 0x00007ffccdf06000 	C:\WINDOWS\System32\win32u.dll
0x00007ffcceed0000 - 0x00007ffcceef9000 	C:\WINDOWS\System32\GDI32.dll
0x00007ffccd920000 - 0x00007ffccda39000 	C:\WINDOWS\System32\gdi32full.dll
0x00007ffccdf10000 - 0x00007ffccdfaa000 	C:\WINDOWS\System32\msvcp_win.dll
0x00007ffcaeb70000 - 0x00007ffcaee03000 	C:\WINDOWS\WinSxS\amd64_microsoft.windows.common-controls_6595b64144ccf1df_6.0.22621.3672_none_2713b9d173822955\COMCTL32.dll
0x00007ffcced20000 - 0x00007ffccedc7000 	C:\WINDOWS\System32\msvcrt.dll
0x00007ffcd0430000 - 0x00007ffcd0461000 	C:\WINDOWS\System32\IMM32.DLL
0x00007ffca0f00000 - 0x00007ffca0f9b000 	C:\Users\Owner\.jdks\corretto-19.0.2\bin\msvcp140.dll
0x00007ffc50d30000 - 0x00007ffc51a09000 	C:\Users\Owner\.jdks\corretto-19.0.2\bin\server\jvm.dll
0x00007ffccf9a0000 - 0x00007ffccfa52000 	C:\WINDOWS\System32\ADVAPI32.dll
0x00007ffcd0160000 - 0x00007ffcd0209000 	C:\WINDOWS\System32\sechost.dll
0x00007ffccd8f0000 - 0x00007ffccd918000 	C:\WINDOWS\System32\bcrypt.dll
0x00007ffccf490000 - 0x00007ffccf5a4000 	C:\WINDOWS\System32\RPCRT4.dll
0x00007ffcc59e0000 - 0x00007ffcc5a14000 	C:\WINDOWS\SYSTEM32\WINMM.dll
0x00007ffcb5490000 - 0x00007ffcb5499000 	C:\WINDOWS\SYSTEM32\WSOCK32.dll
0x00007ffcc5830000 - 0x00007ffcc583a000 	C:\WINDOWS\SYSTEM32\VERSION.dll
0x00007ffccfff0000 - 0x00007ffcd0061000 	C:\WINDOWS\System32\WS2_32.dll
0x00007ffccc780000 - 0x00007ffccc798000 	C:\WINDOWS\SYSTEM32\kernel.appcore.dll
0x00007ffcc7fa0000 - 0x00007ffcc7faa000 	C:\Users\Owner\.jdks\corretto-19.0.2\bin\jimage.dll
0x00007ffccb130000 - 0x00007ffccb362000 	C:\WINDOWS\SYSTEM32\DBGHELP.DLL
0x00007ffccf0e0000 - 0x00007ffccf46e000 	C:\WINDOWS\System32\combase.dll
0x00007ffcce1f0000 - 0x00007ffcce2c7000 	C:\WINDOWS\System32\OLEAUT32.dll
0x00007ffcb6610000 - 0x00007ffcb6642000 	C:\WINDOWS\SYSTEM32\dbgcore.DLL
0x00007ffccde60000 - 0x00007ffccdedb000 	C:\WINDOWS\System32\bcryptPrimitives.dll
0x00007ffcc67b0000 - 0x00007ffcc67be000 	C:\Users\Owner\.jdks\corretto-19.0.2\bin\instrument.dll
0x00007ffcb8130000 - 0x00007ffcb8156000 	C:\Users\Owner\.jdks\corretto-19.0.2\bin\java.dll
0x00007ffc9ff90000 - 0x00007ffca0066000 	C:\Users\Owner\.jdks\corretto-19.0.2\bin\jsvml.dll
0x00007ffcce4b0000 - 0x00007ffcced17000 	C:\WINDOWS\System32\SHELL32.dll
0x00007ffccb700000 - 0x00007ffccbfff000 	C:\WINDOWS\SYSTEM32\windows.storage.dll
0x00007ffccb5c0000 - 0x00007ffccb6ff000 	C:\WINDOWS\SYSTEM32\wintypes.dll
0x00007ffccedd0000 - 0x00007ffcceec9000 	C:\WINDOWS\System32\SHCORE.dll
0x00007ffccf860000 - 0x00007ffccf8be000 	C:\WINDOWS\System32\shlwapi.dll
0x00007ffccd700000 - 0x00007ffccd727000 	C:\WINDOWS\SYSTEM32\profapi.dll
0x00007ffcb7de0000 - 0x00007ffcb7df8000 	C:\Users\Owner\.jdks\corretto-19.0.2\bin\zip.dll
0x00007ffcc6290000 - 0x00007ffcc62a3000 	C:\Users\Owner\.jdks\corretto-19.0.2\bin\net.dll
0x00007ffcc81e0000 - 0x00007ffcc8316000 	C:\WINDOWS\SYSTEM32\WINHTTP.dll
0x00007ffcccc40000 - 0x00007ffcccca9000 	C:\WINDOWS\system32\mswsock.dll
0x00007ffcb8110000 - 0x00007ffcb8125000 	C:\Users\Owner\.jdks\corretto-19.0.2\bin\nio.dll
0x00007ffcb6480000 - 0x00007ffcb649a000 	C:\Program Files\JetBrains\IntelliJ IDEA 2024.2.1\bin\breakgen64.dll
0x00007ffcb8100000 - 0x00007ffcb8108000 	C:\Users\Owner\.jdks\corretto-19.0.2\bin\extnet.dll
0x00007ffc9fb10000 - 0x00007ffc9fb8b000 	C:\Users\Owner\AppData\Local\Temp\lwjgl_Owner\3.3.3+5\x64\lwjgl.dll
0x00007ffc9a190000 - 0x00007ffc9a212000 	C:\Users\Owner\AppData\Local\Temp\lwjgl_Owner\3.3.3+5\x64\glfw.dll
0x00007ffca5980000 - 0x00007ffca59c6000 	C:\WINDOWS\SYSTEM32\dinput8.dll
0x00007ffcaee20000 - 0x00007ffcaee31000 	C:\WINDOWS\SYSTEM32\xinput1_4.dll
0x00007ffccd3c0000 - 0x00007ffccd3ec000 	C:\WINDOWS\SYSTEM32\DEVOBJ.dll
0x00007ffccd3f0000 - 0x00007ffccd43e000 	C:\WINDOWS\SYSTEM32\cfgmgr32.dll
0x00007ffccaf10000 - 0x00007ffccaf3b000 	C:\WINDOWS\SYSTEM32\dwmapi.dll
0x00007ffcacb10000 - 0x00007ffcacd23000 	C:\WINDOWS\SYSTEM32\inputhost.dll
0x00007ffcc9f80000 - 0x00007ffcca0b3000 	C:\WINDOWS\SYSTEM32\CoreMessaging.dll
0x00007ffccacd0000 - 0x00007ffccad81000 	C:\WINDOWS\system32\uxtheme.dll
0x00007ffcce350000 - 0x00007ffcce4ae000 	C:\WINDOWS\System32\MSCTF.dll
0x00007ffccce40000 - 0x00007ffccce4c000 	C:\WINDOWS\SYSTEM32\CRYPTBASE.DLL
0x00007ffc8ad50000 - 0x00007ffc8ae50000 	C:\WINDOWS\SYSTEM32\opengl32.dll
0x00007ffc9cfb0000 - 0x00007ffc9cfdd000 	C:\WINDOWS\SYSTEM32\GLU32.dll
0x00007ffccadc0000 - 0x00007ffccadf7000 	C:\WINDOWS\SYSTEM32\dxcore.dll
0x00007ffcabbe0000 - 0x00007ffcabc29000 	C:\WINDOWS\SYSTEM32\directxdatabasehelper.dll
0x00007ffccf7b0000 - 0x00007ffccf860000 	C:\WINDOWS\System32\clbcatq.dll
0x00007ffc4e8b0000 - 0x00007ffc4f71e000 	C:\WINDOWS\System32\DriverStore\FileRepository\iigd_dch_base.inf_amd64_5cd48d8408c0e5b5\ig9icd64.dll
0x00007ffccae00000 - 0x00007ffccaef7000 	C:\WINDOWS\SYSTEM32\dxgi.dll
0x00007ffc7e220000 - 0x00007ffc7e301000 	C:\WINDOWS\System32\DriverStore\FileRepository\iigd_dch_base.inf_amd64_5cd48d8408c0e5b5\igdgmm64.dll
0x00007ffc9ad80000 - 0x00007ffc9ccb9000 	C:\WINDOWS\System32\DriverStore\FileRepository\iigd_dch_base.inf_amd64_5cd48d8408c0e5b5\igc64.dll
0x00007ffccd6b0000 - 0x00007ffccd6fd000 	C:\WINDOWS\SYSTEM32\powrprof.dll
0x00007ffccd690000 - 0x00007ffccd6a3000 	C:\WINDOWS\SYSTEM32\UMPDC.dll
0x00007ffcb68c0000 - 0x00007ffcb6a03000 	C:\WINDOWS\SYSTEM32\textinputframework.dll
0x00007ffcad010000 - 0x00007ffcad37d000 	C:\WINDOWS\SYSTEM32\CoreUIComponents.dll
0x00007ffcb3920000 - 0x00007ffcb3989000 	C:\WINDOWS\system32\Oleacc.dll
0x00007ffc9fcb0000 - 0x00007ffc9fd0e000 	C:\Users\Owner\AppData\Local\Temp\lwjgl_Owner\3.3.3+5\x64\lwjgl_opengl.dll

dbghelp: loaded successfully - version: 4.0.5 - missing functions: none
symbol engine: initialized successfully - sym options: 0x614 - pdb path: .;C:\Users\Owner\.jdks\corretto-19.0.2\bin;C:\WINDOWS\SYSTEM32;C:\WINDOWS\WinSxS\amd64_microsoft.windows.common-controls_6595b64144ccf1df_6.0.22621.3672_none_2713b9d173822955;C:\Users\Owner\.jdks\corretto-19.0.2\bin\server;C:\Program Files\JetBrains\IntelliJ IDEA 2024.2.1\bin;C:\Users\Owner\AppData\Local\Temp\lwjgl_Owner\3.3.3+5\x64;C:\WINDOWS\System32\DriverStore\FileRepository\iigd_dch_base.inf_amd64_5cd48d8408c0e5b5

VM Arguments:
jvm_args: -javaagent:C:\Program Files\JetBrains\IntelliJ IDEA 2024.2.1\lib\idea_rt.jar=60921:C:\Program Files\JetBrains\IntelliJ IDEA 2024.2.1\bin -Dfile.encoding=UTF-8 -Dsun.stdout.encoding=UTF-8 -Dsun.stderr.encoding=UTF-8 
java_command: pkgDriver.csc133Driver
java_class_path (initial): C:\Users\Owner\IdeaProjects\Circles\out\production\classes;C:\Users\Owner\.gradle\caches\modules-2\files-2.1\org.lwjgl\lwjgl-assimp\3.3.3\c2c34011cbda30ed8cf98bc5cbf97b49afe5279a\lwjgl-assimp-3.3.3.jar;C:\Users\Owner\.gradle\caches\modules-2\files-2.1\org.lwjgl\lwjgl-cuda\3.3.3\e2de3beeba3e4c826317e31519a40f0585160acf\lwjgl-cuda-3.3.3.jar;C:\Users\Owner\.gradle\caches\modules-2\files-2.1\org.lwjgl\lwjgl-freetype\3.3.3\a0db6c84a8becc8ca05f9dbfa985edc348a824c7\lwjgl-freetype-3.3.3.jar;C:\Users\Owner\.gradle\caches\modules-2\files-2.1\org.lwjgl\lwjgl-glfw\3.3.3\efa1eb78c5ccd840e9f329717109b5e892d72f8e\lwjgl-glfw-3.3.3.jar;C:\Users\Owner\.gradle\caches\modules-2\files-2.1\org.lwjgl\lwjgl-hwloc\3.3.3\68333a022d5842b7bff95c70e4c3e1b2f126e783\lwjgl-hwloc-3.3.3.jar;C:\Users\Owner\.gradle\caches\modules-2\files-2.1\org.lwjgl\lwjgl-jawt\3.3.3\15479071013804d88cc810856fcc2548b457376c\lwjgl-jawt-3.3.3.jar;C:\Users\Owner\.gradle\caches\modules-2\files-2.1\org.lwjgl\lwjgl-nanovg\3.3.3\37f0b9fc142948c3b2c6cd563db7233b14b9640c\lwjgl-nanovg-3.3.3.jar;C:\Users\Owner\.gradle\caches\modules-2\files-2.1\org.lwjgl\lwjgl-nfd\3.3.3\f1b41d3a0a2f5cd2a55a6a59a618c87d0348681c\lwjgl-nfd-3.3.3.jar;C:\Users\Owner\.gradle\caches\modules-2\files-2.1\org.lwjgl\lwjgl-nuklear\3.3.3\d120a8ab01987e285f83f43f862bef728011d97d\lwjgl-nuklear-3.3.3.jar;C:\Users\Owner\.gradle\caches\modules-2\files-2.1\org.lwjgl\lwjgl-odbc\3.3.3\1719d4813fba2b4272afddcf30db98ec32e8bd37\lwjgl-odbc-3.3.3.jar;C:\Users\Owner\.gradle\caches\modules-2\files-2.1\org.lwjgl\lwjgl-openal\3.3.3\daada81ceb5fc0c291fbfdd4433cb8d9423577f2\lwjgl-openal-3.3.3.jar;C:\Users\Owner\.gradle\caches\modules-2\files-2.1\org.lwjgl\lwjgl-opencl\3.3.3\fdf4a5cce0b7499914ac96a87d75fa895a4e0699\lwjgl-opencl-3.3.3.jar;C:\Users\Owner\.gradle\caches\modules-2\files-2.1\org.lwjgl\lwjgl-opengl\3.3.3\2f6b0147078396a58979125a4c947664e98293a\lwjgl-opengl-3.3.3.jar;C:\Users\Owner\.gradle\caches\modules-2\files-2.1\org.lwjgl\lwjgl-shaderc\3.3.3\ae740d58fdc809c4350358a872b076bacbec27c1\lwjgl-shaderc-3.3.3.jar;C:\Users\Owner\.gradle\caches\modules-2\files-2.1\org.lwjgl\lwjgl-stb\3.3.3\25dd6161988d7e65f71d5065c99902402ee32746\lwjgl-stb-3.3.3.jar;C:\Users\Owner\.gradle\caches\modules-2\files-2.1\org.lwjgl\lwjgl-tootle\3.3.3\c6989921add57a1f59936bc4544431df4b837c8b\lwjgl-tootle-3.3.3.jar;C:\Users\Owner\.gradle\caches\modules-2\files-2.1\org.lwjgl\lwjgl\3.3.3\29589b5f87ed335a6c7e7ee6a5775f81f97ecb84\lwjgl-3.3.3.jar;C:\Users\Owner\.gradle\caches\modules-2\files-2.1\org.joml\joml\1.10.5\22566d58af70ad3d72308bab63b8339906deb649\joml-1.10.5.jar;C:\Users\Owner\.gradle\caches\modules-2\files-2.1\org.lwjgl\lwjgl-assimp\3.3.3\d90ccdade594716062975cffd1431d387f770ac4\lwjgl-assimp-3.3.3-natives-windows.jar;C:\Users\Owner\.gradle\caches\modules-2\files-2.1\org.lwjgl\lwjgl-freetype\3.3.3\81091b006dbb43fab04c8c638e9ac87c51b4096d\lwjgl-freetype-3.3.3-natives-windows.jar;C:\Users\Owner\.gradle\caches\modules-2\files-2.1\org.lwjgl\lwjgl-glfw\3.3.3\e449e28b4891fc423c54c85fbc5bb0b9efece67a\lwjgl-glfw-3.3.3-natives-windows.jar;C:\Users\Owner\.gradle\caches\modules-2\files-2.1\org.lwjgl\lwjgl-hwloc\3.3.3\ea032ea737568d700f43cc9f052d51384ce20ebe\lwjgl-hwloc-3.3.3-natives-windows.jar;C:\Users\Owner\.gradle\caches\modules-2\files-2.1\org.lwjgl\lwjgl-nanovg\3.3.3\ccfbc346c4ce0737b7fe758d6337a3741af2f256\lwjgl-nanovg-3.3.3-natives-windows.jar;C:\Users\Owner\.gradle\caches\modules-2\files-2.1\org.lwjgl\lwjgl-nfd\3.3.3\3a39132eef695dcb7631adc1d02e493527940d10\lwjgl-nfd-3.3.3-natives-windows.jar;C:\Users\Owner\.gradle\caches\modules-2\files-2.1\org.lwjgl\lwjgl-nuklear\3.3.3\3132690c8cbbdd7c948eb233610151b6a6c62b9a\lwjgl-nuklear-3.3.3-natives-windows.jar;C:\Users\Owner\.gradle\caches\modules-2\files-2.1\org.lwjgl\lwjgl-openal\3.3.3\cf83862ae95d98496b26915024c7e666d8ab1c8f\lwjgl-openal-3.3.3-natives-windows.jar;C:\Users\Owner\.gradle\caches\modules-2\files-2.1\org.lwjgl\lwjgl-opengl\3.3.3\e6c1eec8be8a71951b830a4d69efc01c6531900c\lwjgl-opengl-3.3.3-natives-windows.jar;C:\Users\Owner\.gradle\caches\modules-2\files-2.1\org.lwjgl\lwjgl-shaderc\3.3.3\2bdcb9d4c1a8debf8c82dcb6968c3f23f126af6b\lwjgl-shaderc-3.3.3-natives-windows.jar;C:\Users\Owner\.gradle\caches\modules-2\files-2.1\org.lwjgl\lwjgl-stb\3.3.3\1d9facdf6541de114b0f963be33505b7679c78cb\lwjgl-stb-3.3.3-natives-windows.jar;C:\Users\Owner\.gradle\caches\modules-2\files-2.1\org.lwjgl\lwjgl-tootle\3.3.3\6de41fb81ea077cb3829b25c6636987f011997fc\lwjgl-tootle-3.3.3-natives-windows.jar;C:\Users\Owner\.gradle\caches\modules-2\files-2.1\org.lwjgl\lwjgl\3.3.3\a5ed18a2b82fc91b81f40d717cb1f64c9dcb0540\lwjgl-3.3.3-natives-windows.jar
Launcher Type: SUN_STANDARD

[Global flags]
     intx CICompilerCount                          = 4                                         {product} {ergonomic}
     uint ConcGCThreads                            = 2                                         {product} {ergonomic}
     uint G1ConcRefinementThreads                  = 8                                         {product} {ergonomic}
   size_t G1HeapRegionSize                         = 2097152                                   {product} {ergonomic}
    uintx GCDrainStackTargetSize                   = 64                                        {product} {ergonomic}
   size_t InitialHeapSize                          = 199229440                                 {product} {ergonomic}
   size_t MarkStackSize                            = 4194304                                   {product} {ergonomic}
   size_t MaxHeapSize                              = 3179282432                                {product} {ergonomic}
   size_t MaxNewSize                               = 1906311168                                {product} {ergonomic}
   size_t MinHeapDeltaBytes                        = 2097152                                   {product} {ergonomic}
   size_t MinHeapSize                              = 8388608                                   {product} {ergonomic}
    uintx NonNMethodCodeHeapSize                   = 5839372                                {pd product} {ergonomic}
    uintx NonProfiledCodeHeapSize                  = 122909434                              {pd product} {ergonomic}
     bool PerfDisableSharedMem                     = true                                      {product} {ergonomic}
    uintx ProfiledCodeHeapSize                     = 122909434                              {pd product} {ergonomic}
    uintx ReservedCodeCacheSize                    = 251658240                              {pd product} {ergonomic}
     bool SegmentedCodeCache                       = true                                      {product} {ergonomic}
   size_t SoftMaxHeapSize                          = 3179282432                             {manageable} {ergonomic}
     bool UseCompressedClassPointers               = true                           {product lp64_product} {ergonomic}
     bool UseCompressedOops                        = true                           {product lp64_product} {ergonomic}
     bool UseG1GC                                  = true                                      {product} {ergonomic}
     bool UseLargePagesIndividualAllocation        = false                                  {pd product} {ergonomic}

Logging:
Log output configuration:
 #0: stdout all=warning uptime,level,tags foldmultilines=false
 #1: stderr all=off uptime,level,tags foldmultilines=false

Environment Variables:
PATH=C:\Program Files (x86)\Common Files\Oracle\Java\javapath;C:\Program Files (x86)\Intel\Intel(R) Management Engine Components\iCLS\;C:\Program Files\Intel\Intel(R) Management Engine Components\iCLS\;C:\windows\system32;C:\windows;C:\windows\System32\Wbem;C:\windows\System32\WindowsPowerShell\v1.0\;C:\windows\System32\OpenSSH\;C:\Program Files (x86)\Intel\Intel(R) Management Engine Components\DAL;C:\Program Files\Intel\Intel(R) Management Engine Components\DAL;C:\Program Files (x86)\Intel\Intel(R) Management Engine Components\IPT;C:\Program Files\Intel\Intel(R) Management Engine Components\IPT;C:\Program Files (x86)\NVIDIA Corporation\PhysX\Common;C:\Program Files\Intel\WiFi\bin\;C:\Program Files\Common Files\Intel\WirelessCommon\;C:\WINDOWS\system32;C:\WINDOWS;C:\WINDOWS\System32\Wbem;C:\WINDOWS\System32\WindowsPowerShell\v1.0\;C:\WINDOWS\System32\OpenSSH\;C:\Program Files\PuTTY\;C:\Program Files\nodejs\;C:\Program Files\Git\cmd;C:\Users\Owner\AppData\Local\Microsoft\WindowsApps;;C:\Users\Owner\Desktop\Microsoft VS Code\bin;C:\Users\Owner\AppData\Roaming\npm
USERNAME=Owner
OS=Windows_NT
PROCESSOR_IDENTIFIER=Intel64 Family 6 Model 142 Stepping 10, GenuineIntel
TMP=C:\Users\Owner\AppData\Local\Temp
TEMP=C:\Users\Owner\AppData\Local\Temp



---------------  S Y S T E M  ---------------

OS:
 Windows 11 , 64 bit Build 22621 (10.0.22621.3958)
OS uptime: 7 days 22:35 hours
Hyper-V role detected

CPU: total 8 (initial active 8) (4 cores per cpu, 2 threads per core) family 6 model 142 stepping 10 microcode 0xe0, cx8, cmov, fxsr, ht, mmx, 3dnowpref, sse, sse2, sse3, ssse3, sse4.1, sse4.2, popcnt, lzcnt, tsc, tscinvbit, avx, avx2, aes, erms, clmul, bmi1, bmi2, adx, fma, vzeroupper, clflush, clflushopt, hv, rdtscp

Memory: 4k page, system-wide physical 12122M (3435M free)
TotalPageFile size 13978M (AvailPageFile size 2264M)
current process WorkingSet (physical memory assigned to process): 97M, peak: 97M
current process commit charge ("private bytes"): 294M, peak: 294M

vm_info: OpenJDK 64-Bit Server VM (19.0.2+7-FR) for windows-amd64 JRE (19.0.2+7-FR), built on Jan 13 2023 22:53:32 by "Administrator" with MS VC++ 15.9 (VS2017)

END.
