#
# A fatal error has been detected by the Java Runtime Environment:
#
#  EXCEPTION_ACCESS_VIOLATION (0xc0000005) at pc=0x00007ffc726fa4c9, pid=6800, tid=26908
#
# JRE version: OpenJDK Runtime Environment Corretto-19.0.2.7.1 (19.0.2+7) (build 19.0.2+7-FR)
# Java VM: OpenJDK 64-Bit Server VM Corretto-19.0.2.7.1 (19.0.2+7-FR, mixed mode, sharing, tiered, compressed oops, compressed class ptrs, g1 gc, windows-amd64)
# Problematic frame:
# C  [lwjgl_opengl.dll+0xa4c9]
#
# No core dump will be written. Minidumps are not enabled by default on client versions of Windows
#
# If you would like to submit a bug report, please visit:
#   https://github.com/corretto/corretto-19/issues/
# The crash happened outside the Java Virtual Machine in native code.
# See problematic frame for where to report the bug.
#

---------------  S U M M A R Y ------------

Command Line: -javaagent:C:\Program Files\JetBrains\IntelliJ IDEA 2024.2.1\lib\idea_rt.jar=53476:C:\Program Files\JetBrains\IntelliJ IDEA 2024.2.1\bin -Dfile.encoding=UTF-8 -Dsun.stdout.encoding=UTF-8 -Dsun.stderr.encoding=UTF-8 pkgDriver.csc133Driver

Host: Intel(R) Core(TM) i7-8550U CPU @ 1.80GHz, 8 cores, 11G,  Windows 11 , 64 bit Build 22621 (10.0.22621.3958)
Time: Mon Oct  7 15:19:34 2024 Pacific Daylight Time elapsed time: 0.720888 seconds (0d 0h 0m 0s)

---------------  T H R E A D  ---------------

Current thread (0x0000028bd8830ab0):  JavaThread "main" [_thread_in_native, id=26908, stack(0x000000938d100000,0x000000938d200000)]

Stack: [0x000000938d100000,0x000000938d200000],  sp=0x000000938d1ff2b8,  free space=1020k
Native frames: (J=compiled Java code, j=interpreted, Vv=VM code, C=native code)
C  [lwjgl_opengl.dll+0xa4c9]

Java frames: (J=compiled Java code, j=interpreted, Vv=VM code)
j  org.lwjgl.opengl.GL11.glColor4f(FFFF)V+0
j  pkgSlRenderer.slRenderEngine.renderCircle([F[F)V+32
j  pkgSlRenderer.slRenderEngine.render()V+29
j  pkgDriver.csc133Driver.main([Ljava/lang/String;)V+30
v  ~StubRoutines::call_stub 0x0000028be7f4100e

siginfo: EXCEPTION_ACCESS_VIOLATION (0xc0000005), reading address 0x0000000000000130


Registers:
RAX=0x0000028bfe0ba990, RBX=0x0000028bfa0e8700, RCX=0x0000000000000000, RDX=0x000000938d1ff358
RSP=0x000000938d1ff2b8, RBP=0x000000938d1ff348, RSI=0x0000000000000000, RDI=0x0000028be7f5b796
R8 =0x0000000000000002, R9 =0x0000000000000002, R10=0x0000028be7f5f92e, R11=0x000000074def53e0
R12=0x0000000000000000, R13=0x0000028bfa0e86f8, R14=0x000000938d1ff380, R15=0x0000028bd8830ab0
RIP=0x00007ffc726fa4c9, EFLAGS=0x0000000000010202


Register to memory mapping:

RIP=0x00007ffc726fa4c9 lwjgl_opengl.dll
RAX=0x0000028bfe0ba990 points into unknown readable memory: 0x0000000000000000 | 00 00 00 00 00 00 00 00
RBX={method} {0x0000028bfa0e8708} 'glColor4f' '(FFFF)V' in 'org/lwjgl/opengl/GL11'
RCX=0x0 is NULL
RDX=0x000000938d1ff358 is pointing into the stack for thread: 0x0000028bd8830ab0
RSP=0x000000938d1ff2b8 is pointing into the stack for thread: 0x0000028bd8830ab0
RBP=0x000000938d1ff348 is pointing into the stack for thread: 0x0000028bd8830ab0
RSI=0x0 is NULL
RDI=0x0000028be7f5b796 is at code_begin+1110 in an Interpreter codelet
return entry points  [0x0000028be7f5b340, 0x0000028be7f5be20]  2784 bytes
R8 =0x0000000000000002 is an unknown value
R9 =0x0000000000000002 is an unknown value
R10=0x0000028be7f5f92e is at code_begin+1006 in an Interpreter codelet
method entry point (kind = native)  [0x0000028be7f5f540, 0x0000028be7f60050]  2832 bytes
R11=0x000000074def53e0 is an oop: java.lang.Class 
{0x000000074def53e0} - klass: 'java/lang/Class'
 - ---- fields (total size 278 words):
 - private volatile transient 'classRedefinedCount' 'I' @12  0
 - abstract internal 'klass' 'J' @16  34376598496 (10143e0 8)
 - abstract internal 'array_klass' 'J' @24  0 (0 0)
 - abstract internal 'oop_size' 'I' @32  278 (116)
 - abstract internal 'static_oop_field_count' 'I' @36  0
 - private volatile transient 'cachedConstructor' 'Ljava/lang/reflect/Constructor;' @40  NULL (0)
 - private transient 'name' 'Ljava/lang/String;' @44  "org.lwjgl.opengl.GL11"{0x000000074def5ca0} (e9bdeb94)
 - private transient 'module' 'Ljava/lang/Module;' @48  a 'java/lang/Module'{0x000000074e554b30} (e9caa966)
 - private final 'classLoader' 'Ljava/lang/ClassLoader;' @52  a 'jdk/internal/loader/ClassLoaders$AppClassLoader'{0x000000074e554970} (e9caa92e)
 - private transient 'classData' 'Ljava/lang/Object;' @56  NULL (0)
 - private transient 'packageName' 'Ljava/lang/String;' @60  "org.lwjgl.opengl"{0x000000074dee1a10} (e9bdc342)
 - private final 'componentType' 'Ljava/lang/Class;' @64  NULL (0)
 - private volatile transient 'reflectionData' 'Ljava/lang/ref/SoftReference;' @68  NULL (0)
 - private volatile transient 'genericInfo' 'Lsun/reflect/generics/repository/ClassRepository;' @72  NULL (0)
 - private volatile transient 'enumConstants' '[Ljava/lang/Object;' @76  NULL (0)
 - private volatile transient 'enumConstantDirectory' 'Ljava/util/Map;' @80  NULL (0)
 - private volatile transient 'annotationData' 'Ljava/lang/Class$AnnotationData;' @84  NULL (0)
 - private volatile transient 'annotationType' 'Lsun/reflect/annotation/AnnotationType;' @88  NULL (0)
 - transient 'classValueMap' 'Ljava/lang/ClassValue$ClassValueMap;' @92  NULL (0)
 - abstract internal 'protection_domain' 'Ljava/lang/Object;' @96  a 'java/security/ProtectionDomain'{0x000000074def5180} (e9bdea30)
 - abstract internal 'signers_name' 'Ljava/lang/Object;' @100  NULL (0)
 - abstract internal 'source_file' 'Ljava/lang/Object;' @104  NULL (0)
 - signature: Lorg/lwjgl/opengl/GL11;
 - ---- static fields (0):
 - public static final 'GL_ACCUM' 'I' @112  256 (100)
 - public static final 'GL_LOAD' 'I' @116  257 (101)
 - public static final 'GL_RETURN' 'I' @120  258 (102)
 - public static final 'GL_MULT' 'I' @124  259 (103)
 - public static final 'GL_ADD' 'I' @128  260 (104)
 - public static final 'GL_NEVER' 'I' @132  512 (200)
 - public static final 'GL_LESS' 'I' @136  513 (201)
 - public static final 'GL_EQUAL' 'I' @140  514 (202)
 - public static final 'GL_LEQUAL' 'I' @144  515 (203)
 - public static final 'GL_GREATER' 'I' @148  516 (204)
 - public static final 'GL_NOTEQUAL' 'I' @152  517 (205)
 - public static final 'GL_GEQUAL' 'I' @156  518 (206)
 - public static final 'GL_ALWAYS' 'I' @160  519 (207)
 - public static final 'GL_CURRENT_BIT' 'I' @164  1
 - public static final 'GL_POINT_BIT' 'I' @168  2
 - public static final 'GL_LINE_BIT' 'I' @172  4
 - public static final 'GL_POLYGON_BIT' 'I' @176  8
 - public static final 'GL_POLYGON_STIPPLE_BIT' 'I' @180  16 (10)
 - public static final 'GL_PIXEL_MODE_BIT' 'I' @184  32 (20)
 - public static final 'GL_LIGHTING_BIT' 'I' @188  64 (40)
 - public static final 'GL_FOG_BIT' 'I' @192  128 (80)
 - public static final 'GL_DEPTH_BUFFER_BIT' 'I' @196  256 (100)
 - public static final 'GL_ACCUM_BUFFER_BIT' 'I' @200  512 (200)
 - public static final 'GL_STENCIL_BUFFER_BIT' 'I' @204  1024 (400)
 - public static final 'GL_VIEWPORT_BIT' 'I' @208  2048 (800)
 - public static final 'GL_TRANSFORM_BIT' 'I' @212  4096 (1000)
 - public static final 'GL_ENABLE_BIT' 'I' @216  8192 (2000)
 - public static final 'GL_COLOR_BUFFER_BIT' 'I' @220  16384 (4000)
 - public static final 'GL_HINT_BIT' 'I' @224  32768 (8000)
 - public static final 'GL_EVAL_BIT' 'I' @228  65536 (10000)
 - public static final 'GL_LIST_BIT' 'I' @232  131072 (20000)
 - public static final 'GL_TEXTURE_BIT' 'I' @236  262144 (40000)
 - public static final 'GL_SCISSOR_BIT' 'I' @240  524288 (80000)
 - public static final 'GL_ALL_ATTRIB_BITS' 'I' @244  1048575 (fffff)
 - public static final 'GL_POINTS' 'I' @248  0
 - public static final 'GL_LINES' 'I' @252  1
 - public static final 'GL_LINE_LOOP' 'I' @256  2
 - public static final 'GL_LINE_STRIP' 'I' @260  3
 - public static final 'GL_TRIANGLES' 'I' @264  4
 - public static final 'GL_TRIANGLE_STRIP' 'I' @268  5
 - public static final 'GL_TRIANGLE_FAN' 'I' @272  6
 - public static final 'GL_QUADS' 'I' @276  7
 - public static final 'GL_QUAD_STRIP' 'I' @280  8
 - public static final 'GL_POLYGON' 'I' @284  9
 - public static final 'GL_ZERO' 'I' @288  0
 - public static final 'GL_ONE' 'I' @292  1
 - public static final 'GL_SRC_COLOR' 'I' @296  768 (300)
 - public static final 'GL_ONE_MINUS_SRC_COLOR' 'I' @300  769 (301)
 - public static final 'GL_SRC_ALPHA' 'I' @304  770 (302)
 - public static final 'GL_ONE_MINUS_SRC_ALPHA' 'I' @308  771 (303)
 - public static final 'GL_DST_ALPHA' 'I' @312  772 (304)
 - public static final 'GL_ONE_MINUS_DST_ALPHA' 'I' @316  773 (305)
 - public static final 'GL_DST_COLOR' 'I' @320  774 (306)
 - public static final 'GL_ONE_MINUS_DST_COLOR' 'I' @324  775 (307)
 - public static final 'GL_SRC_ALPHA_SATURATE' 'I' @328  776 (308)
 - public static final 'GL_TRUE' 'I' @332  1
 - public static final 'GL_FALSE' 'I' @336  0
 - public static final 'GL_CLIP_PLANE0' 'I' @340  12288 (3000)
 - public static final 'GL_CLIP_PLANE1' 'I' @344  12289 (3001)
 - public static final 'GL_CLIP_PLANE2' 'I' @348  12290 (3002)
 - public static final 'GL_CLIP_PLANE3' 'I' @352  12291 (3003)
 - public static final 'GL_CLIP_PLANE4' 'I' @356  12292 (3004)
 - public static final 'GL_CLIP_PLANE5' 'I' @360  12293 (3005)
 - public static final 'GL_BYTE' 'I' @364  5120 (1400)
 - public static final 'GL_UNSIGNED_BYTE' 'I' @368  5121 (1401)
 - public static final 'GL_SHORT' 'I' @372  5122 (1402)
 - public static final 'GL_UNSIGNED_SHORT' 'I' @376  5123 (1403)
 - public static final 'GL_INT' 'I' @380  5124 (1404)
 - public static final 'GL_UNSIGNED_INT' 'I' @384  5125 (1405)
 - public static final 'GL_FLOAT' 'I' @388  5126 (1406)
 - public static final 'GL_2_BYTES' 'I' @392  5127 (1407)
 - public static final 'GL_3_BYTES' 'I' @396  5128 (1408)
 - public static final 'GL_4_BYTES' 'I' @400  5129 (1409)
 - public static final 'GL_DOUBLE' 'I' @404  5130 (140a)
 - public static final 'GL_NONE' 'I' @408  0
 - public static final 'GL_FRONT_LEFT' 'I' @412  1024 (400)
 - public static final 'GL_FRONT_RIGHT' 'I' @416  1025 (401)
 - public static final 'GL_BACK_LEFT' 'I' @420  1026 (402)
 - public static final 'GL_BACK_RIGHT' 'I' @424  1027 (403)
 - public static final 'GL_FRONT' 'I' @428  1028 (404)
 - public static final 'GL_BACK' 'I' @432  1029 (405)
 - public static final 'GL_LEFT' 'I' @436  1030 (406)
 - public static final 'GL_RIGHT' 'I' @440  1031 (407)
 - public static final 'GL_FRONT_AND_BACK' 'I' @444  1032 (408)
 - public static final 'GL_AUX0' 'I' @448  1033 (409)
 - public static final 'GL_AUX1' 'I' @452  1034 (40a)
 - public static final 'GL_AUX2' 'I' @456  1035 (40b)
 - public static final 'GL_AUX3' 'I' @460  1036 (40c)
 - public static final 'GL_NO_ERROR' 'I' @464  0
 - public static final 'GL_INVALID_ENUM' 'I' @468  1280 (500)
 - public static final 'GL_INVALID_VALUE' 'I' @472  1281 (501)
 - public static final 'GL_INVALID_OPERATION' 'I' @476  1282 (502)
 - public static final 'GL_STACK_OVERFLOW' 'I' @480  1283 (503)
 - public static final 'GL_STACK_UNDERFLOW' 'I' @484  1284 (504)
 - public static final 'GL_OUT_OF_MEMORY' 'I' @488  1285 (505)
 - public static final 'GL_2D' 'I' @492  1536 (600)
 - public static final 'GL_3D' 'I' @496  1537 (601)
 - public static final 'GL_3D_COLOR' 'I' @500  1538 (602)
 - public static final 'GL_3D_COLOR_TEXTURE' 'I' @504  1539 (603)
 - public static final 'GL_4D_COLOR_TEXTURE' 'I' @508  1540 (604)
 - public static final 'GL_PASS_THROUGH_TOKEN' 'I' @512  1792 (700)
 - public static final 'GL_POINT_TOKEN' 'I' @516  1793 (701)
 - public static final 'GL_LINE_TOKEN' 'I' @520  1794 (702)
 - public static final 'GL_POLYGON_TOKEN' 'I' @524  1795 (703)
 - public static final 'GL_BITMAP_TOKEN' 'I' @528  1796 (704)
 - public static final 'GL_DRAW_PIXEL_TOKEN' 'I' @532  1797 (705)
 - public static final 'GL_COPY_PIXEL_TOKEN' 'I' @536  1798 (706)
 - public static final 'GL_LINE_RESET_TOKEN' 'I' @540  1799 (707)
 - public static final 'GL_EXP' 'I' @544  2048 (800)
 - public static final 'GL_EXP2' 'I' @548  2049 (801)
 - public static final 'GL_CW' 'I' @552  2304 (900)
 - public static final 'GL_CCW' 'I' @556  2305 (901)
 - public static final 'GL_COEFF' 'I' @560  2560 (a00)
 - public static final 'GL_ORDER' 'I' @564  2561 (a01)
 - public static final 'GL_DOMAIN' 'I' @568  2562 (a02)
 - public static final 'GL_CURRENT_COLOR' 'I' @572  2816 (b00)
 - public static final 'GL_CURRENT_INDEX' 'I' @576  2817 (b01)
 - public static final 'GL_CURRENT_NORMAL' 'I' @580  2818 (b02)
 - public static final 'GL_CURRENT_TEXTURE_COORDS' 'I' @584  2819 (b03)
 - public static final 'GL_CURRENT_RASTER_COLOR' 'I' @588  2820 (b04)
 - public static final 'GL_CURRENT_RASTER_INDEX' 'I' @592  2821 (b05)
 - public static final 'GL_CURRENT_RASTER_TEXTURE_COORDS' 'I' @596  2822 (b06)
 - public static final 'GL_CURRENT_RASTER_POSITION' 'I' @600  2823 (b07)
 - public static final 'GL_CURRENT_RASTER_POSITION_VALID' 'I' @604  2824 (b08)
 - public static final 'GL_CURRENT_RASTER_DISTANCE' 'I' @608  2825 (b09)
 - public static final 'GL_POINT_SMOOTH' 'I' @612  2832 (b10)
 - public static final 'GL_POINT_SIZE' 'I' @616  2833 (b11)
 - public static final 'GL_POINT_SIZE_RANGE' 'I' @620  2834 (b12)
 - public static final 'GL_POINT_SIZE_GRANULARITY' 'I' @624  2835 (b13)
 - public static final 'GL_LINE_SMOOTH' 'I' @628  2848 (b20)
 - public static final 'GL_LINE_WIDTH' 'I' @632  2849 (b21)
 - public static final 'GL_LINE_WIDTH_RANGE' 'I' @636  2850 (b22)
 - public static final 'GL_LINE_WIDTH_GRANULARITY' 'I' @640  2851 (b23)
 - public static final 'GL_LINE_STIPPLE' 'I' @644  2852 (b24)
 - public static final 'GL_LINE_STIPPLE_PATTERN' 'I' @648  2853 (b25)
 - public static final 'GL_LINE_STIPPLE_REPEAT' 'I' @652  2854 (b26)
 - public static final 'GL_LIST_MODE' 'I' @656  2864 (b30)
 - public static final 'GL_MAX_LIST_NESTING' 'I' @660  2865 (b31)
 - public static final 'GL_LIST_BASE' 'I' @664  2866 (b32)
 - public static final 'GL_LIST_INDEX' 'I' @668  2867 (b33)
 - public static final 'GL_POLYGON_MODE' 'I' @672  2880 (b40)
 - public static final 'GL_POLYGON_SMOOTH' 'I' @676  2881 (b41)
 - public static final 'GL_POLYGON_STIPPLE' 'I' @680  2882 (b42)
 - public static final 'GL_EDGE_FLAG' 'I' @684  2883 (b43)
 - public static final 'GL_CULL_FACE' 'I' @688  2884 (b44)
 - public static final 'GL_CULL_FACE_MODE' 'I' @692  2885 (b45)
 - public static final 'GL_FRONT_FACE' 'I' @696  2886 (b46)
 - public static final 'GL_LIGHTING' 'I' @700  2896 (b50)
 - public static final 'GL_LIGHT_MODEL_LOCAL_VIEWER' 'I' @704  2897 (b51)
 - public static final 'GL_LIGHT_MODEL_TWO_SIDE' 'I' @708  2898 (b52)
 - public static final 'GL_LIGHT_MODEL_AMBIENT' 'I' @712  2899 (b53)
 - public static final 'GL_SHADE_MODEL' 'I' @716  2900 (b54)
 - public static final 'GL_COLOR_MATERIAL_FACE' 'I' @720  2901 (b55)
 - public static final 'GL_COLOR_MATERIAL_PARAMETER' 'I' @724  2902 (b56)
 - public static final 'GL_COLOR_MATERIAL' 'I' @728  2903 (b57)
 - public static final 'GL_FOG' 'I' @732  2912 (b60)
 - public static final 'GL_FOG_INDEX' 'I' @736  2913 (b61)
 - public static final 'GL_FOG_DENSITY' 'I' @740  2914 (b62)
 - public static final 'GL_FOG_START' 'I' @744  2915 (b63)
 - public static final 'GL_FOG_END' 'I' @748  2916 (b64)
 - public static final 'GL_FOG_MODE' 'I' @752  2917 (b65)
 - public static final 'GL_FOG_COLOR' 'I' @756  2918 (b66)
 - public static final 'GL_DEPTH_RANGE' 'I' @760  2928 (b70)
 - public static final 'GL_DEPTH_TEST' 'I' @764  2929 (b71)
 - public static final 'GL_DEPTH_WRITEMASK' 'I' @768  2930 (b72)
 - public static final 'GL_DEPTH_CLEAR_VALUE' 'I' @772  2931 (b73)
 - public static final 'GL_DEPTH_FUNC' 'I' @776  2932 (b74)
 - public static final 'GL_ACCUM_CLEAR_VALUE' 'I' @780  2944 (b80)
 - public static final 'GL_STENCIL_TEST' 'I' @784  2960 (b90)
 - public static final 'GL_STENCIL_CLEAR_VALUE' 'I' @788  2961 (b91)
 - public static final 'GL_STENCIL_FUNC' 'I' @792  2962 (b92)
 - public static final 'GL_STENCIL_VALUE_MASK' 'I' @796  2963 (b93)
 - public static final 'GL_STENCIL_FAIL' 'I' @800  2964 (b94)
 - public static final 'GL_STENCIL_PASS_DEPTH_FAIL' 'I' @804  2965 (b95)
 - public static final 'GL_STENCIL_PASS_DEPTH_PASS' 'I' @808  2966 (b96)
 - public static final 'GL_STENCIL_REF' 'I' @812  2967 (b97)
 - public static final 'GL_STENCIL_WRITEMASK' 'I' @816  2968 (b98)
 - public static final 'GL_MATRIX_MODE' 'I' @820  2976 (ba0)
 - public static final 'GL_NORMALIZE' 'I' @824  2977 (ba1)
 - public static final 'GL_VIEWPORT' 'I' @828  2978 (ba2)
 - public static final 'GL_MODELVIEW_STACK_DEPTH' 'I' @832  2979 (ba3)
 - public static final 'GL_PROJECTION_STACK_DEPTH' 'I' @836  2980 (ba4)
 - public static final 'GL_TEXTURE_STACK_DEPTH' 'I' @840  2981 (ba5)
 - public static final 'GL_MODELVIEW_MATRIX' 'I' @844  2982 (ba6)
 - public static final 'GL_PROJECTION_MATRIX' 'I' @848  2983 (ba7)
 - public static final 'GL_TEXTURE_MATRIX' 'I' @852  2984 (ba8)
 - public static final 'GL_ATTRIB_STACK_DEPTH' 'I' @856  2992 (bb0)
 - public static final 'GL_CLIENT_ATTRIB_STACK_DEPTH' 'I' @860  2993 (bb1)
 - public static final 'GL_ALPHA_TEST' 'I' @864  3008 (bc0)
 - public static final 'GL_ALPHA_TEST_FUNC' 'I' @868  3009 (bc1)
 - public static final 'GL_ALPHA_TEST_REF' 'I' @872  3010 (bc2)
 - public static final 'GL_DITHER' 'I' @876  3024 (bd0)
 - public static final 'GL_BLEND_DST' 'I' @880  3040 (be0)
 - public static final 'GL_BLEND_SRC' 'I' @884  3041 (be1)
 - public static final 'GL_BLEND' 'I' @888  3042 (be2)
 - public static final 'GL_LOGIC_OP_MODE' 'I' @892  3056 (bf0)
 - public static final 'GL_INDEX_LOGIC_OP' 'I' @896  3057 (bf1)
 - public static final 'GL_LOGIC_OP' 'I' @900  3057 (bf1)
 - public static final 'GL_COLOR_LOGIC_OP' 'I' @904  3058 (bf2)
 - public static final 'GL_AUX_BUFFERS' 'I' @908  3072 (c00)
 - public static final 'GL_DRAW_BUFFER' 'I' @912  3073 (c01)
 - public static final 'GL_READ_BUFFER' 'I' @916  3074 (c02)
 - public static final 'GL_SCISSOR_BOX' 'I' @920  3088 (c10)
 - public static final 'GL_SCISSOR_TEST' 'I' @924  3089 (c11)
 - public static final 'GL_INDEX_CLEAR_VALUE' 'I' @928  3104 (c20)
 - public static final 'GL_INDEX_WRITEMASK' 'I' @932  3105 (c21)
 - public static final 'GL_COLOR_CLEAR_VALUE' 'I' @936  3106 (c22)
 - public static final 'GL_COLOR_WRITEMASK' 'I' @940  3107 (c23)
 - public static final 'GL_INDEX_MODE' 'I' @944  3120 (c30)
 - public static final 'GL_RGBA_MODE' 'I' @948  3121 (c31)
 - public static final 'GL_DOUBLEBUFFER' 'I' @952  3122 (c32)
 - public static final 'GL_STEREO' 'I' @956  3123 (c33)
 - public static final 'GL_RENDER_MODE' 'I' @960  3136 (c40)
 - public static final 'GL_PERSPECTIVE_CORRECTION_HINT' 'I' @964  3152 (c50)
 - public static final 'GL_POINT_SMOOTH_HINT' 'I' @968  3153 (c51)
 - public static final 'GL_LINE_SMOOTH_HINT' 'I' @972  3154 (c52)
 - public static final 'GL_POLYGON_SMOOTH_HINT' 'I' @976  3155 (c53)
 - public static final 'GL_FOG_HINT' 'I' @980  3156 (c54)
 - public static final 'GL_TEXTURE_GEN_S' 'I' @984  3168 (c60)
 - public static final 'GL_TEXTURE_GEN_T' 'I' @988  3169 (c61)
 - public static final 'GL_TEXTURE_GEN_R' 'I' @992  3170 (c62)
 - public static final 'GL_TEXTURE_GEN_Q' 'I' @996  3171 (c63)
 - public static final 'GL_PIXEL_MAP_I_TO_I' 'I' @1000  3184 (c70)
 - public static final 'GL_PIXEL_MAP_S_TO_S' 'I' @1004  3185 (c71)
 - public static final 'GL_PIXEL_MAP_I_TO_R' 'I' @1008  3186 (c72)
 - public static final 'GL_PIXEL_MAP_I_TO_G' 'I' @1012  3187 (c73)
 - public static final 'GL_PIXEL_MAP_I_TO_B' 'I' @1016  3188 (c74)
 - public static final 'GL_PIXEL_MAP_I_TO_A' 'I' @1020  3189 (c75)
 - public static final 'GL_PIXEL_MAP_R_TO_R' 'I' @1024  3190 (c76)
 - public static final 'GL_PIXEL_MAP_G_TO_G' 'I' @1028  3191 (c77)
 - public static final 'GL_PIXEL_MAP_B_TO_B' 'I' @1032  3192 (c78)
 - public static final 'GL_PIXEL_MAP_A_TO_A' 'I' @1036  3193 (c79)
 - public static final 'GL_PIXEL_MAP_I_TO_I_SIZE' 'I' @1040  3248 (cb0)
 - public static final 'GL_PIXEL_MAP_S_TO_S_SIZE' 'I' @1044  3249 (cb1)
 - public static final 'GL_PIXEL_MAP_I_TO_R_SIZE' 'I' @1048  3250 (cb2)
 - public static final 'GL_PIXEL_MAP_I_TO_G_SIZE' 'I' @1052  3251 (cb3)
 - public static final 'GL_PIXEL_MAP_I_TO_B_SIZE' 'I' @1056  3252 (cb4)
 - public static final 'GL_PIXEL_MAP_I_TO_A_SIZE' 'I' @1060  3253 (cb5)
 - public static final 'GL_PIXEL_MAP_R_TO_R_SIZE' 'I' @1064  3254 (cb6)
 - public static final 'GL_PIXEL_MAP_G_TO_G_SIZE' 'I' @1068  3255 (cb7)
 - public static final 'GL_PIXEL_MAP_B_TO_B_SIZE' 'I' @1072  3256 (cb8)
 - public static final 'GL_PIXEL_MAP_A_TO_A_SIZE' 'I' @1076  3257 (cb9)
 - public static final 'GL_UNPACK_SWAP_BYTES' 'I' @1080  3312 (cf0)
 - public static final 'GL_UNPACK_LSB_FIRST' 'I' @1084  3313 (cf1)
 - public static final 'GL_UNPACK_ROW_LENGTH' 'I' @1088  3314 (cf2)
 - public static final 'GL_UNPACK_SKIP_ROWS' 'I' @1092  3315 (cf3)
 - public static final 'GL_UNPACK_SKIP_PIXELS' 'I' @1096  3316 (cf4)
 - public static final 'GL_UNPACK_ALIGNMENT' 'I' @1100  3317 (cf5)
 - public static final 'GL_PACK_SWAP_BYTES' 'I' @1104  3328 (d00)
 - public static final 'GL_PACK_LSB_FIRST' 'I' @1108  3329 (d01)
 - public static final 'GL_PACK_ROW_LENGTH' 'I' @1112  3330 (d02)
 - public static final 'GL_PACK_SKIP_ROWS' 'I' @1116  3331 (d03)
 - public static final 'GL_PACK_SKIP_PIXELS' 'I' @1120  3332 (d04)
 - public static final 'GL_PACK_ALIGNMENT' 'I' @1124  3333 (d05)
 - public static final 'GL_MAP_COLOR' 'I' @1128  3344 (d10)
 - public static final 'GL_MAP_STENCIL' 'I' @1132  3345 (d11)
 - public static final 'GL_INDEX_SHIFT' 'I' @1136  3346 (d12)
 - public static final 'GL_INDEX_OFFSET' 'I' @1140  3347 (d13)
 - public static final 'GL_RED_SCALE' 'I' @1144  3348 (d14)
 - public static final 'GL_RED_BIAS' 'I' @1148  3349 (d15)
 - public static final 'GL_ZOOM_X' 'I' @1152  3350 (d16)
 - public static final 'GL_ZOOM_Y' 'I' @1156  3351 (d17)
 - public static final 'GL_GREEN_SCALE' 'I' @1160  3352 (d18)
 - public static final 'GL_GREEN_BIAS' 'I' @1164  3353 (d19)
 - public static final 'GL_BLUE_SCALE' 'I' @1168  3354 (d1a)
 - public static final 'GL_BLUE_BIAS' 'I' @1172  3355 (d1b)
 - public static final 'GL_ALPHA_SCALE' 'I' @1176  3356 (d1c)
 - public static final 'GL_ALPHA_BIAS' 'I' @1180  3357 (d1d)
 - public static final 'GL_DEPTH_SCALE' 'I' @1184  3358 (d1e)
 - public static final 'GL_DEPTH_BIAS' 'I' @1188  3359 (d1f)
 - public static final 'GL_MAX_EVAL_ORDER' 'I' @1192  3376 (d30)
 - public static final 'GL_MAX_LIGHTS' 'I' @1196  3377 (d31)
 - public static final 'GL_MAX_CLIP_PLANES' 'I' @1200  3378 (d32)
 - public static final 'GL_MAX_TEXTURE_SIZE' 'I' @1204  3379 (d33)
 - public static final 'GL_MAX_PIXEL_MAP_TABLE' 'I' @1208  3380 (d34)
 - public static final 'GL_MAX_ATTRIB_STACK_DEPTH' 'I' @1212  3381 (d35)
 - public static final 'GL_MAX_MODELVIEW_STACK_DEPTH' 'I' @1216  3382 (d36)
 - public static final 'GL_MAX_NAME_STACK_DEPTH' 'I' @1220  3383 (d37)
 - public static final 'GL_MAX_PROJECTION_STACK_DEPTH' 'I' @1224  3384 (d38)
 - public static final 'GL_MAX_TEXTURE_STACK_DEPTH' 'I' @1228  3385 (d39)
 - public static final 'GL_MAX_VIEWPORT_DIMS' 'I' @1232  3386 (d3a)
 - public static final 'GL_MAX_CLIENT_ATTRIB_STACK_DEPTH' 'I' @1236  3387 (d3b)
 - public static final 'GL_SUBPIXEL_BITS' 'I' @1240  3408 (d50)
 - public static final 'GL_INDEX_BITS' 'I' @1244  3409 (d51)
 - public static final 'GL_RED_BITS' 'I' @1248  3410 (d52)
 - public static final 'GL_GREEN_BITS' 'I' @1252  3411 (d53)
 - public static final 'GL_BLUE_BITS' 'I' @1256  3412 (d54)
 - public static final 'GL_ALPHA_BITS' 'I' @1260  3413 (d55)
 - public static final 'GL_DEPTH_BITS' 'I' @1264  3414 (d56)
 - public static final 'GL_STENCIL_BITS' 'I' @1268  3415 (d57)
 - public static final 'GL_ACCUM_RED_BITS' 'I' @1272  3416 (d58)
 - public static final 'GL_ACCUM_GREEN_BITS' 'I' @1276  3417 (d59)
 - public static final 'GL_ACCUM_BLUE_BITS' 'I' @1280  3418 (d5a)
 - public static final 'GL_ACCUM_ALPHA_BITS' 'I' @1284  3419 (d5b)
 - public static final 'GL_NAME_STACK_DEPTH' 'I' @1288  3440 (d70)
 - public static final 'GL_AUTO_NORMAL' 'I' @1292  3456 (d80)
 - public static final 'GL_MAP1_COLOR_4' 'I' @1296  3472 (d90)
 - public static final 'GL_MAP1_INDEX' 'I' @1300  3473 (d91)
 - public static final 'GL_MAP1_NORMAL' 'I' @1304  3474 (d92)
 - public static final 'GL_MAP1_TEXTURE_COORD_1' 'I' @1308  3475 (d93)
 - public static final 'GL_MAP1_TEXTURE_COORD_2' 'I' @1312  3476 (d94)
 - public static final 'GL_MAP1_TEXTURE_COORD_3' 'I' @1316  3477 (d95)
 - public static final 'GL_MAP1_TEXTURE_COORD_4' 'I' @1320  3478 (d96)
 - public static final 'GL_MAP1_VERTEX_3' 'I' @1324  3479 (d97)
 - public static final 'GL_MAP1_VERTEX_4' 'I' @1328  3480 (d98)
 - public static final 'GL_MAP2_COLOR_4' 'I' @1332  3504 (db0)
 - public static final 'GL_MAP2_INDEX' 'I' @1336  3505 (db1)
 - public static final 'GL_MAP2_NORMAL' 'I' @1340  3506 (db2)
 - public static final 'GL_MAP2_TEXTURE_COORD_1' 'I' @1344  3507 (db3)
 - public static final 'GL_MAP2_TEXTURE_COORD_2' 'I' @1348  3508 (db4)
 - public static final 'GL_MAP2_TEXTURE_COORD_3' 'I' @1352  3509 (db5)
 - public static final 'GL_MAP2_TEXTURE_COORD_4' 'I' @1356  3510 (db6)
 - public static final 'GL_MAP2_VERTEX_3' 'I' @1360  3511 (db7)
 - public static final 'GL_MAP2_VERTEX_4' 'I' @1364  3512 (db8)
 - public static final 'GL_MAP1_GRID_DOMAIN' 'I' @1368  3536 (dd0)
 - public static final 'GL_MAP1_GRID_SEGMENTS' 'I' @1372  3537 (dd1)
 - public static final 'GL_MAP2_GRID_DOMAIN' 'I' @1376  3538 (dd2)
 - public static final 'GL_MAP2_GRID_SEGMENTS' 'I' @1380  3539 (dd3)
 - public static final 'GL_TEXTURE_1D' 'I' @1384  3552 (de0)
 - public static final 'GL_TEXTURE_2D' 'I' @1388  3553 (de1)
 - public static final 'GL_FEEDBACK_BUFFER_POINTER' 'I' @1392  3568 (df0)
 - public static final 'GL_FEEDBACK_BUFFER_SIZE' 'I' @1396  3569 (df1)
 - public static final 'GL_FEEDBACK_BUFFER_TYPE' 'I' @1400  3570 (df2)
 - public static final 'GL_SELECTION_BUFFER_POINTER' 'I' @1404  3571 (df3)
 - public static final 'GL_SELECTION_BUFFER_SIZE' 'I' @1408  3572 (df4)
 - public static final 'GL_TEXTURE_WIDTH' 'I' @1412  4096 (1000)
 - public static final 'GL_TEXTURE_HEIGHT' 'I' @1416  4097 (1001)
 - public static final 'GL_TEXTURE_INTERNAL_FORMAT' 'I' @1420  4099 (1003)
 - public static final 'GL_TEXTURE_COMPONENTS' 'I' @1424  4099 (1003)
 - public static final 'GL_TEXTURE_BORDER_COLOR' 'I' @1428  4100 (1004)
 - public static final 'GL_TEXTURE_BORDER' 'I' @1432  4101 (1005)
 - public static final 'GL_DONT_CARE' 'I' @1436  4352 (1100)
 - public static final 'GL_FASTEST' 'I' @1440  4353 (1101)
 - public static final 'GL_NICEST' 'I' @1444  4354 (1102)
 - public static final 'GL_LIGHT0' 'I' @1448  16384 (4000)
 - public static final 'GL_LIGHT1' 'I' @1452  16385 (4001)
 - public static final 'GL_LIGHT2' 'I' @1456  16386 (4002)
 - public static final 'GL_LIGHT3' 'I' @1460  16387 (4003)
 - public static final 'GL_LIGHT4' 'I' @1464  16388 (4004)
 - public static final 'GL_LIGHT5' 'I' @1468  16389 (4005)
 - public static final 'GL_LIGHT6' 'I' @1472  16390 (4006)
 - public static final 'GL_LIGHT7' 'I' @1476  16391 (4007)
 - public static final 'GL_AMBIENT' 'I' @1480  4608 (1200)
 - public static final 'GL_DIFFUSE' 'I' @1484  4609 (1201)
 - public static final 'GL_SPECULAR' 'I' @1488  4610 (1202)
 - public static final 'GL_POSITION' 'I' @1492  4611 (1203)
 - public static final 'GL_SPOT_DIRECTION' 'I' @1496  4612 (1204)
 - public static final 'GL_SPOT_EXPONENT' 'I' @1500  4613 (1205)
 - public static final 'GL_SPOT_CUTOFF' 'I' @1504  4614 (1206)
 - public static final 'GL_CONSTANT_ATTENUATION' 'I' @1508  4615 (1207)
 - public static final 'GL_LINEAR_ATTENUATION' 'I' @1512  4616 (1208)
 - public static final 'GL_QUADRATIC_ATTENUATION' 'I' @1516  4617 (1209)
 - public static final 'GL_COMPILE' 'I' @1520  4864 (1300)
 - public static final 'GL_COMPILE_AND_EXECUTE' 'I' @1524  4865 (1301)
 - public static final 'GL_CLEAR' 'I' @1528  5376 (1500)
 - public static final 'GL_AND' 'I' @1532  5377 (1501)
 - public static final 'GL_AND_REVERSE' 'I' @1536  5378 (1502)
 - public static final 'GL_COPY' 'I' @1540  5379 (1503)
 - public static final 'GL_AND_INVERTED' 'I' @1544  5380 (1504)
 - public static final 'GL_NOOP' 'I' @1548  5381 (1505)
 - public static final 'GL_XOR' 'I' @1552  5382 (1506)
 - public static final 'GL_OR' 'I' @1556  5383 (1507)
 - public static final 'GL_NOR' 'I' @1560  5384 (1508)
 - public static final 'GL_EQUIV' 'I' @1564  5385 (1509)
 - public static final 'GL_INVERT' 'I' @1568  5386 (150a)
 - public static final 'GL_OR_REVERSE' 'I' @1572  5387 (150b)
 - public static final 'GL_COPY_INVERTED' 'I' @1576  5388 (150c)
 - public static final 'GL_OR_INVERTED' 'I' @1580  5389 (150d)
 - public static final 'GL_NAND' 'I' @1584  5390 (150e)
 - public static final 'GL_SET' 'I' @1588  5391 (150f)
 - public static final 'GL_EMISSION' 'I' @1592  5632 (1600)
 - public static final 'GL_SHININESS' 'I' @1596  5633 (1601)
 - public static final 'GL_AMBIENT_AND_DIFFUSE' 'I' @1600  5634 (1602)
 - public static final 'GL_COLOR_INDEXES' 'I' @1604  5635 (1603)
 - public static final 'GL_MODELVIEW' 'I' @1608  5888 (1700)
 - public static final 'GL_PROJECTION' 'I' @1612  5889 (1701)
 - public static final 'GL_TEXTURE' 'I' @1616  5890 (1702)
 - public static final 'GL_COLOR' 'I' @1620  6144 (1800)
 - public static final 'GL_DEPTH' 'I' @1624  6145 (1801)
 - public static final 'GL_STENCIL' 'I' @1628  6146 (1802)
 - public static final 'GL_COLOR_INDEX' 'I' @1632  6400 (1900)
 - public static final 'GL_STENCIL_INDEX' 'I' @1636  6401 (1901)
 - public static final 'GL_DEPTH_COMPONENT' 'I' @1640  6402 (1902)
 - public static final 'GL_RED' 'I' @1644  6403 (1903)
 - public static final 'GL_GREEN' 'I' @1648  6404 (1904)
 - public static final 'GL_BLUE' 'I' @1652  6405 (1905)
 - public static final 'GL_ALPHA' 'I' @1656  6406 (1906)
 - public static final 'GL_RGB' 'I' @1660  6407 (1907)
 - public static final 'GL_RGBA' 'I' @1664  6408 (1908)
 - public static final 'GL_LUMINANCE' 'I' @1668  6409 (1909)
 - public static final 'GL_LUMINANCE_ALPHA' 'I' @1672  6410 (190a)
 - public static final 'GL_BITMAP' 'I' @1676  6656 (1a00)
 - public static final 'GL_POINT' 'I' @1680  6912 (1b00)
 - public static final 'GL_LINE' 'I' @1684  6913 (1b01)
 - public static final 'GL_FILL' 'I' @1688  6914 (1b02)
 - public static final 'GL_RENDER' 'I' @1692  7168 (1c00)
 - public static final 'GL_FEEDBACK' 'I' @1696  7169 (1c01)
 - public static final 'GL_SELECT' 'I' @1700  7170 (1c02)
 - public static final 'GL_FLAT' 'I' @1704  7424 (1d00)
 - public static final 'GL_SMOOTH' 'I' @1708  7425 (1d01)
 - public static final 'GL_KEEP' 'I' @1712  7680 (1e00)
 - public static final 'GL_REPLACE' 'I' @1716  7681 (1e01)
 - public static final 'GL_INCR' 'I' @1720  7682 (1e02)
 - public static final 'GL_DECR' 'I' @1724  7683 (1e03)
 - public static final 'GL_VENDOR' 'I' @1728  7936 (1f00)
 - public static final 'GL_RENDERER' 'I' @1732  7937 (1f01)
 - public static final 'GL_VERSION' 'I' @1736  7938 (1f02)
 - public static final 'GL_EXTENSIONS' 'I' @1740  7939 (1f03)
 - public static final 'GL_S' 'I' @1744  8192 (2000)
 - public static final 'GL_T' 'I' @1748  8193 (2001)
 - public static final 'GL_R' 'I' @1752  8194 (2002)
 - public static final 'GL_Q' 'I' @1756  8195 (2003)
 - public static final 'GL_MODULATE' 'I' @1760  8448 (2100)
 - public static final 'GL_DECAL' 'I' @1764  8449 (2101)
 - public static final 'GL_TEXTURE_ENV_MODE' 'I' @1768  8704 (2200)
 - public static final 'GL_TEXTURE_ENV_COLOR' 'I' @1772  8705 (2201)
 - public static final 'GL_TEXTURE_ENV' 'I' @1776  8960 (2300)
 - public static final 'GL_EYE_LINEAR' 'I' @1780  9216 (2400)
 - public static final 'GL_OBJECT_LINEAR' 'I' @1784  9217 (2401)
 - public static final 'GL_SPHERE_MAP' 'I' @1788  9218 (2402)
 - public static final 'GL_TEXTURE_GEN_MODE' 'I' @1792  9472 (2500)
 - public static final 'GL_OBJECT_PLANE' 'I' @1796  9473 (2501)
 - public static final 'GL_EYE_PLANE' 'I' @1800  9474 (2502)
 - public static final 'GL_NEAREST' 'I' @1804  9728 (2600)
 - public static final 'GL_LINEAR' 'I' @1808  9729 (2601)
 - public static final 'GL_NEAREST_MIPMAP_NEAREST' 'I' @1812  9984 (2700)
 - public static final 'GL_LINEAR_MIPMAP_NEAREST' 'I' @1816  9985 (2701)
 - public static final 'GL_NEAREST_MIPMAP_LINEAR' 'I' @1820  9986 (2702)
 - public static final 'GL_LINEAR_MIPMAP_LINEAR' 'I' @1824  9987 (2703)
 - public static final 'GL_TEXTURE_MAG_FILTER' 'I' @1828  10240 (2800)
 - public static final 'GL_TEXTURE_MIN_FILTER' 'I' @1832  10241 (2801)
 - public static final 'GL_TEXTURE_WRAP_S' 'I' @1836  10242 (2802)
 - public static final 'GL_TEXTURE_WRAP_T' 'I' @1840  10243 (2803)
 - public static final 'GL_CLAMP' 'I' @1844  10496 (2900)
 - public static final 'GL_REPEAT' 'I' @1848  10497 (2901)
 - public static final 'GL_CLIENT_PIXEL_STORE_BIT' 'I' @1852  1
 - public static final 'GL_CLIENT_VERTEX_ARRAY_BIT' 'I' @1856  2
 - public static final 'GL_CLIENT_ALL_ATTRIB_BITS' 'I' @1860  -1 (ffffffff)
 - public static final 'GL_POLYGON_OFFSET_FACTOR' 'I' @1864  32824 (8038)
 - public static final 'GL_POLYGON_OFFSET_UNITS' 'I' @1868  10752 (2a00)
 - public static final 'GL_POLYGON_OFFSET_POINT' 'I' @1872  10753 (2a01)
 - public static final 'GL_POLYGON_OFFSET_LINE' 'I' @1876  10754 (2a02)
 - public static final 'GL_POLYGON_OFFSET_FILL' 'I' @1880  32823 (8037)
 - public static final 'GL_ALPHA4' 'I' @1884  32827 (803b)
 - public static final 'GL_ALPHA8' 'I' @1888  32828 (803c)
 - public static final 'GL_ALPHA12' 'I' @1892  32829 (803d)
 - public static final 'GL_ALPHA16' 'I' @1896  32830 (803e)
 - public static final 'GL_LUMINANCE4' 'I' @1900  32831 (803f)
 - public static final 'GL_LUMINANCE8' 'I' @1904  32832 (8040)
 - public static final 'GL_LUMINANCE12' 'I' @1908  32833 (8041)
 - public static final 'GL_LUMINANCE16' 'I' @1912  32834 (8042)
 - public static final 'GL_LUMINANCE4_ALPHA4' 'I' @1916  32835 (8043)
 - public static final 'GL_LUMINANCE6_ALPHA2' 'I' @1920  32836 (8044)
 - public static final 'GL_LUMINANCE8_ALPHA8' 'I' @1924  32837 (8045)
 - public static final 'GL_LUMINANCE12_ALPHA4' 'I' @1928  32838 (8046)
 - public static final 'GL_LUMINANCE12_ALPHA12' 'I' @1932  32839 (8047)
 - public static final 'GL_LUMINANCE16_ALPHA16' 'I' @1936  32840 (8048)
 - public static final 'GL_INTENSITY' 'I' @1940  32841 (8049)
 - public static final 'GL_INTENSITY4' 'I' @1944  32842 (804a)
 - public static final 'GL_INTENSITY8' 'I' @1948  32843 (804b)
 - public static final 'GL_INTENSITY12' 'I' @1952  32844 (804c)
 - public static final 'GL_INTENSITY16' 'I' @1956  32845 (804d)
 - public static final 'GL_R3_G3_B2' 'I' @1960  10768 (2a10)
 - public static final 'GL_RGB4' 'I' @1964  32847 (804f)
 - public static final 'GL_RGB5' 'I' @1968  32848 (8050)
 - public static final 'GL_RGB8' 'I' @1972  32849 (8051)
 - public static final 'GL_RGB10' 'I' @1976  32850 (8052)
 - public static final 'GL_RGB12' 'I' @1980  32851 (8053)
 - public static final 'GL_RGB16' 'I' @1984  32852 (8054)
 - public static final 'GL_RGBA2' 'I' @1988  32853 (8055)
 - public static final 'GL_RGBA4' 'I' @1992  32854 (8056)
 - public static final 'GL_RGB5_A1' 'I' @1996  32855 (8057)
 - public static final 'GL_RGBA8' 'I' @2000  32856 (8058)
 - public static final 'GL_RGB10_A2' 'I' @2004  32857 (8059)
 - public static final 'GL_RGBA12' 'I' @2008  32858 (805a)
 - public static final 'GL_RGBA16' 'I' @2012  32859 (805b)
 - public static final 'GL_TEXTURE_RED_SIZE' 'I' @2016  32860 (805c)
 - public static final 'GL_TEXTURE_GREEN_SIZE' 'I' @2020  32861 (805d)
 - public static final 'GL_TEXTURE_BLUE_SIZE' 'I' @2024  32862 (805e)
 - public static final 'GL_TEXTURE_ALPHA_SIZE' 'I' @2028  32863 (805f)
 - public static final 'GL_TEXTURE_LUMINANCE_SIZE' 'I' @2032  32864 (8060)
 - public static final 'GL_TEXTURE_INTENSITY_SIZE' 'I' @2036  32865 (8061)
 - public static final 'GL_PROXY_TEXTURE_1D' 'I' @2040  32867 (8063)
 - public static final 'GL_PROXY_TEXTURE_2D' 'I' @2044  32868 (8064)
 - public static final 'GL_TEXTURE_PRIORITY' 'I' @2048  32870 (8066)
 - public static final 'GL_TEXTURE_RESIDENT' 'I' @2052  32871 (8067)
 - public static final 'GL_TEXTURE_BINDING_1D' 'I' @2056  32872 (8068)
 - public static final 'GL_TEXTURE_BINDING_2D' 'I' @2060  32873 (8069)
 - public static final 'GL_VERTEX_ARRAY' 'I' @2064  32884 (8074)
 - public static final 'GL_NORMAL_ARRAY' 'I' @2068  32885 (8075)
 - public static final 'GL_COLOR_ARRAY' 'I' @2072  32886 (8076)
 - public static final 'GL_INDEX_ARRAY' 'I' @2076  32887 (8077)
 - public static final 'GL_TEXTURE_COORD_ARRAY' 'I' @2080  32888 (8078)
 - public static final 'GL_EDGE_FLAG_ARRAY' 'I' @2084  32889 (8079)
 - public static final 'GL_VERTEX_ARRAY_SIZE' 'I' @2088  32890 (807a)
 - public static final 'GL_VERTEX_ARRAY_TYPE' 'I' @2092  32891 (807b)
 - public static final 'GL_VERTEX_ARRAY_STRIDE' 'I' @2096  32892 (807c)
 - public static final 'GL_NORMAL_ARRAY_TYPE' 'I' @2100  32894 (807e)
 - public static final 'GL_NORMAL_ARRAY_STRIDE' 'I' @2104  32895 (807f)
 - public static final 'GL_COLOR_ARRAY_SIZE' 'I' @2108  32897 (8081)
 - public static final 'GL_COLOR_ARRAY_TYPE' 'I' @2112  32898 (8082)
 - public static final 'GL_COLOR_ARRAY_STRIDE' 'I' @2116  32899 (8083)
 - public static final 'GL_INDEX_ARRAY_TYPE' 'I' @2120  32901 (8085)
 - public static final 'GL_INDEX_ARRAY_STRIDE' 'I' @2124  32902 (8086)
 - public static final 'GL_TEXTURE_COORD_ARRAY_SIZE' 'I' @2128  32904 (8088)
 - public static final 'GL_TEXTURE_COORD_ARRAY_TYPE' 'I' @2132  32905 (8089)
 - public static final 'GL_TEXTURE_COORD_ARRAY_STRIDE' 'I' @2136  32906 (808a)
 - public static final 'GL_EDGE_FLAG_ARRAY_STRIDE' 'I' @2140  32908 (808c)
 - public static final 'GL_VERTEX_ARRAY_POINTER' 'I' @2144  32910 (808e)
 - public static final 'GL_NORMAL_ARRAY_POINTER' 'I' @2148  32911 (808f)
 - public static final 'GL_COLOR_ARRAY_POINTER' 'I' @2152  32912 (8090)
 - public static final 'GL_INDEX_ARRAY_POINTER' 'I' @2156  32913 (8091)
 - public static final 'GL_TEXTURE_COORD_ARRAY_POINTER' 'I' @2160  32914 (8092)
 - public static final 'GL_EDGE_FLAG_ARRAY_POINTER' 'I' @2164  32915 (8093)
 - public static final 'GL_V2F' 'I' @2168  10784 (2a20)
 - public static final 'GL_V3F' 'I' @2172  10785 (2a21)
 - public static final 'GL_C4UB_V2F' 'I' @2176  10786 (2a22)
 - public static final 'GL_C4UB_V3F' 'I' @2180  10787 (2a23)
 - public static final 'GL_C3F_V3F' 'I' @2184  10788 (2a24)
 - public static final 'GL_N3F_V3F' 'I' @2188  10789 (2a25)
 - public static final 'GL_C4F_N3F_V3F' 'I' @2192  10790 (2a26)
 - public static final 'GL_T2F_V3F' 'I' @2196  10791 (2a27)
 - public static final 'GL_T4F_V4F' 'I' @2200  10792 (2a28)
 - public static final 'GL_T2F_C4UB_V3F' 'I' @2204  10793 (2a29)
 - public static final 'GL_T2F_C3F_V3F' 'I' @2208  10794 (2a2a)
 - public static final 'GL_T2F_N3F_V3F' 'I' @2212  10795 (2a2b)
 - public static final 'GL_T2F_C4F_N3F_V3F' 'I' @2216  10796 (2a2c)
 - public static final 'GL_T4F_C4F_N3F_V4F' 'I' @2220  10797 (2a2d)
R12=0x0 is NULL
R13=0x0000028bfa0e86f8 is pointing into metadata
R14=0x000000938d1ff380 is pointing into the stack for thread: 0x0000028bd8830ab0
R15=0x0000028bd8830ab0 is a thread


Top of Stack: (sp=0x000000938d1ff2b8)
0x000000938d1ff2b8:   0000028be7f5f95d 0000028be7f5b796
0x000000938d1ff2c8:   0000028be7f5f63a 0000028bfa0e8700
0x000000938d1ff2d8:   0000000000000000 0000028b00000000
0x000000938d1ff2e8:   00007ffc00000000 3ff0000000000000
0x000000938d1ff2f8:   0000028be7f5f5f6 000000938d1ff300
0x000000938d1ff308:   0000028bfa0e86f8 000000938d1ff380
0x000000938d1ff318:   0000028bfa1111f0 0000000000000000
0x000000938d1ff328:   000000074def53e0 0000028bfa0e8700
0x000000938d1ff338:   0000000000000000 000000938d1ff368
0x000000938d1ff348:   000000938d1ff3d0 0000028be7f5b796
0x000000938d1ff358:   000000074def53e0 0000028be7f5d197
0x000000938d1ff368:   0000000700000000 0000000700000000
0x000000938d1ff378:   0000000700000000 0000000700000000
0x000000938d1ff388:   000000938d1ff388 0000028bfa009840
0x000000938d1ff398:   000000938d1ff440 0000028bfa0099e8
0x000000938d1ff3a8:   0000000000000000 000000074e3d87c8 

Instructions: (pc=0x00007ffc726fa4c9)
0x00007ffc726fa3c9:   18 48 ff a2 00 01 00 00 cc cc cc cc cc cc cc cc
0x00007ffc726fa3d9:   cc cc cc cc cc cc cc 48 8b 01 49 8b c8 48 8b 50
0x00007ffc726fa3e9:   18 48 ff a2 08 01 00 00 cc cc cc cc cc cc cc cc
0x00007ffc726fa3f9:   cc cc cc cc cc cc cc 48 8b 01 49 8b c8 48 8b 50
0x00007ffc726fa409:   18 48 ff a2 10 01 00 00 cc cc cc cc cc cc cc cc
0x00007ffc726fa419:   cc cc cc cc cc cc cc 40 53 48 8b 01 41 0f b6 d8
0x00007ffc726fa429:   44 0f b6 44 24 30 41 0f b6 d1 44 0f b6 4c 24 38
0x00007ffc726fa439:   0f b6 cb 4c 8b 50 18 5b 49 ff a2 18 01 00 00 cc
0x00007ffc726fa449:   cc cc cc cc cc cc cc 40 53 48 8b 01 41 0f b7 d8
0x00007ffc726fa459:   44 0f b7 44 24 30 41 0f b7 d1 44 0f b7 4c 24 38
0x00007ffc726fa469:   0f b7 cb 4c 8b 50 18 5b 49 ff a2 20 01 00 00 cc
0x00007ffc726fa479:   cc cc cc cc cc cc cc 40 53 48 8b 01 41 8b d8 44
0x00007ffc726fa489:   8b 44 24 30 41 8b d1 44 8b 4c 24 38 8b cb 4c 8b
0x00007ffc726fa499:   50 18 5b 49 ff a2 28 01 00 00 cc cc cc cc cc cc
0x00007ffc726fa4a9:   cc cc cc cc cc cc cc 48 8b 01 0f 28 cb f3 0f 10
0x00007ffc726fa4b9:   5c 24 30 0f 28 c2 f3 0f 10 54 24 28 48 8b 48 18
0x00007ffc726fa4c9:   48 ff a1 30 01 00 00 48 8b 01 0f 28 cb f2 0f 10
0x00007ffc726fa4d9:   5c 24 30 0f 28 c2 f2 0f 10 54 24 28 48 8b 48 18
0x00007ffc726fa4e9:   48 ff a1 38 01 00 00 40 53 48 8b 01 41 0f b6 d8
0x00007ffc726fa4f9:   44 0f b6 44 24 30 41 0f b6 d1 44 0f b6 4c 24 38
0x00007ffc726fa509:   0f b6 cb 4c 8b 50 18 5b 49 ff a2 40 01 00 00 cc
0x00007ffc726fa519:   cc cc cc cc cc cc cc 40 53 48 8b 01 41 0f b7 d8
0x00007ffc726fa529:   44 0f b7 44 24 30 41 0f b7 d1 44 0f b7 4c 24 38
0x00007ffc726fa539:   0f b7 cb 4c 8b 50 18 5b 49 ff a2 48 01 00 00 cc
0x00007ffc726fa549:   cc cc cc cc cc cc cc 40 53 48 8b 01 41 8b d8 44
0x00007ffc726fa559:   8b 44 24 30 41 8b d1 44 8b 4c 24 38 8b cb 4c 8b
0x00007ffc726fa569:   50 18 5b 49 ff a2 50 01 00 00 cc cc cc cc cc cc
0x00007ffc726fa579:   cc cc cc cc cc cc cc 48 8b 01 49 8b c8 48 8b 50
0x00007ffc726fa589:   18 48 ff a2 58 01 00 00 cc cc cc cc cc cc cc cc
0x00007ffc726fa599:   cc cc cc cc cc cc cc 48 8b 01 49 8b c8 48 8b 50
0x00007ffc726fa5a9:   18 48 ff a2 60 01 00 00 cc cc cc cc cc cc cc cc
0x00007ffc726fa5b9:   cc cc cc cc cc cc cc 48 8b 01 49 8b c8 48 8b 50 


Stack slot to memory mapping:
stack at sp + 0 slots: 0x0000028be7f5f95d is at code_begin+1053 in an Interpreter codelet
method entry point (kind = native)  [0x0000028be7f5f540, 0x0000028be7f60050]  2832 bytes
stack at sp + 1 slots: 0x0000028be7f5b796 is at code_begin+1110 in an Interpreter codelet
return entry points  [0x0000028be7f5b340, 0x0000028be7f5be20]  2784 bytes
stack at sp + 2 slots: 0x0000028be7f5f63a is at code_begin+250 in an Interpreter codelet
method entry point (kind = native)  [0x0000028be7f5f540, 0x0000028be7f60050]  2832 bytes
stack at sp + 3 slots: {method} {0x0000028bfa0e8708} 'glColor4f' '(FFFF)V' in 'org/lwjgl/opengl/GL11'
stack at sp + 4 slots: 0x0 is NULL
stack at sp + 5 slots: 0x0000028b00000000 is an unknown value
stack at sp + 6 slots: 0x00007ffc00000000 is an unknown value
stack at sp + 7 slots: 0x3ff0000000000000 is an unknown value


---------------  P R O C E S S  ---------------

Threads class SMR info:
_java_thread_list=0x0000028bfdf28530, length=14, elements={
0x0000028bd8830ab0, 0x0000028bf97db2c0, 0x0000028bf97dbfb0, 0x0000028bf97de040,
0x0000028bf97dfb80, 0x0000028bf97e4c70, 0x0000028bf97ed5a0, 0x0000028bf97f4590,
0x0000028bf97f72c0, 0x0000028bf97edaf0, 0x0000028bf97ecb00, 0x0000028bf97ee040,
0x0000028bf97ee590, 0x0000028bfe0dde10
}

Java Threads: ( => current thread )
=>0x0000028bd8830ab0 JavaThread "main" [_thread_in_native, id=26908, stack(0x000000938d100000,0x000000938d200000)]
  0x0000028bf97db2c0 JavaThread "Reference Handler" daemon [_thread_blocked, id=1296, stack(0x000000938d800000,0x000000938d900000)]
  0x0000028bf97dbfb0 JavaThread "Finalizer" daemon [_thread_blocked, id=7688, stack(0x000000938d900000,0x000000938da00000)]
  0x0000028bf97de040 JavaThread "Signal Dispatcher" daemon [_thread_blocked, id=13268, stack(0x000000938da00000,0x000000938db00000)]
  0x0000028bf97dfb80 JavaThread "Attach Listener" daemon [_thread_blocked, id=18344, stack(0x000000938db00000,0x000000938dc00000)]
  0x0000028bf97e4c70 JavaThread "Service Thread" daemon [_thread_blocked, id=22240, stack(0x000000938dc00000,0x000000938dd00000)]
  0x0000028bf97ed5a0 JavaThread "Monitor Deflation Thread" daemon [_thread_blocked, id=24572, stack(0x000000938dd00000,0x000000938de00000)]
  0x0000028bf97f4590 JavaThread "C2 CompilerThread0" daemon [_thread_blocked, id=28076, stack(0x000000938de00000,0x000000938df00000)]
  0x0000028bf97f72c0 JavaThread "C1 CompilerThread0" daemon [_thread_blocked, id=25216, stack(0x000000938df00000,0x000000938e000000)]
  0x0000028bf97edaf0 JavaThread "Sweeper thread" daemon [_thread_blocked, id=10956, stack(0x000000938e000000,0x000000938e100000)]
  0x0000028bf97ecb00 JavaThread "Common-Cleaner" daemon [_thread_blocked, id=29956, stack(0x000000938e100000,0x000000938e200000)]
  0x0000028bf97ee040 JavaThread "Monitor Ctrl-Break" daemon [_thread_in_native, id=28600, stack(0x000000938e200000,0x000000938e300000)]
  0x0000028bf97ee590 JavaThread "Notification Thread" daemon [_thread_blocked, id=21260, stack(0x000000938e300000,0x000000938e400000)]
  0x0000028bfe0dde10 JavaThread "C2 CompilerThread1" daemon [_thread_blocked, id=12100, stack(0x000000938e500000,0x000000938e600000)]

Other Threads:
  0x0000028bf97c3440 VMThread "VM Thread" [stack: 0x000000938d700000,0x000000938d800000] [id=13776]
  0x0000028bfdf41e70 WatcherThread "VM Periodic Task Thread" [stack: 0x000000938e400000,0x000000938e500000] [id=32148]
  0x0000028bd888e490 WorkerThread "GC Thread#0" [stack: 0x000000938d200000,0x000000938d300000] [id=24696]
  0x0000028bd889b310 ConcurrentGCThread "G1 Main Marker" [stack: 0x000000938d300000,0x000000938d400000] [id=28232]
  0x0000028bd889c580 WorkerThread "G1 Conc#0" [stack: 0x000000938d400000,0x000000938d500000] [id=27856]
  0x0000028bf967b500 ConcurrentGCThread "G1 Refine#0" [stack: 0x000000938d500000,0x000000938d600000] [id=9296]
  0x0000028bf967bf50 ConcurrentGCThread "G1 Service" [stack: 0x000000938d600000,0x000000938d700000] [id=20488]

Threads with active compile tasks:

VM state: not at safepoint (normal execution)

VM Mutex/Monitor currently owned by a thread: None

Heap address: 0x0000000742800000, size: 3032 MB, Compressed Oops mode: Zero based, Oop shift amount: 3

CDS archive(s) mapped at: [0x0000000800000000-0x0000000800c40000-0x0000000800c40000), size 12845056, SharedBaseAddress: 0x0000000800000000, ArchiveRelocationMode: 0.
Compressed class space mapped at: 0x0000000801000000-0x0000000841000000, reserved size: 1073741824
Narrow klass base: 0x0000000800000000, Narrow klass shift: 0, Narrow klass range: 0x100000000

GC Precious Log:
 CardTable entry size: 512
 Card Set container configuration: InlinePtr #cards 4 size 8 Array Of Cards #cards 16 size 48 Howl #buckets 8 coarsen threshold 3686 Howl Bitmap #cards 512 size 80 coarsen threshold 460 Card regions per heap region 1 cards per card region 4096
 CPUs: 8 total, 8 available
 Memory: 12122M
 Large Page Support: Disabled
 NUMA Support: Disabled
 Compressed Oops: Enabled (Zero based)
 Heap Region Size: 2M
 Heap Min Capacity: 8M
 Heap Initial Capacity: 190M
 Heap Max Capacity: 3032M
 Pre-touch: Disabled
 Parallel Workers: 8
 Concurrent Workers: 2
 Concurrent Refinement Workers: 8
 Periodic GC: Disabled

Heap:
 garbage-first heap   total 194560K, used 6144K [0x0000000742800000, 0x0000000800000000)
  region size 2048K, 4 young (8192K), 0 survivors (0K)
 Metaspace       used 3261K, committed 3456K, reserved 1114112K
  class space    used 226K, committed 320K, reserved 1048576K

Heap Regions: E=young(eden), S=young(survivor), O=old, HS=humongous(starts), HC=humongous(continues), CS=collection set, F=free, OA=open archive, CA=closed archive, TAMS=top-at-mark-start (previous, next)
|   0|0x0000000742800000, 0x0000000742800000, 0x0000000742a00000|  0%| F|  |TAMS 0x0000000742800000, 0x0000000742800000| Untracked 
|   1|0x0000000742a00000, 0x0000000742a00000, 0x0000000742c00000|  0%| F|  |TAMS 0x0000000742a00000, 0x0000000742a00000| Untracked 
|   2|0x0000000742c00000, 0x0000000742c00000, 0x0000000742e00000|  0%| F|  |TAMS 0x0000000742c00000, 0x0000000742c00000| Untracked 
|   3|0x0000000742e00000, 0x0000000742e00000, 0x0000000743000000|  0%| F|  |TAMS 0x0000000742e00000, 0x0000000742e00000| Untracked 
|   4|0x0000000743000000, 0x0000000743000000, 0x0000000743200000|  0%| F|  |TAMS 0x0000000743000000, 0x0000000743000000| Untracked 
|   5|0x0000000743200000, 0x0000000743200000, 0x0000000743400000|  0%| F|  |TAMS 0x0000000743200000, 0x0000000743200000| Untracked 
|   6|0x0000000743400000, 0x0000000743400000, 0x0000000743600000|  0%| F|  |TAMS 0x0000000743400000, 0x0000000743400000| Untracked 
|   7|0x0000000743600000, 0x0000000743600000, 0x0000000743800000|  0%| F|  |TAMS 0x0000000743600000, 0x0000000743600000| Untracked 
|   8|0x0000000743800000, 0x0000000743800000, 0x0000000743a00000|  0%| F|  |TAMS 0x0000000743800000, 0x0000000743800000| Untracked 
|   9|0x0000000743a00000, 0x0000000743a00000, 0x0000000743c00000|  0%| F|  |TAMS 0x0000000743a00000, 0x0000000743a00000| Untracked 
|  10|0x0000000743c00000, 0x0000000743c00000, 0x0000000743e00000|  0%| F|  |TAMS 0x0000000743c00000, 0x0000000743c00000| Untracked 
|  11|0x0000000743e00000, 0x0000000743e00000, 0x0000000744000000|  0%| F|  |TAMS 0x0000000743e00000, 0x0000000743e00000| Untracked 
|  12|0x0000000744000000, 0x0000000744000000, 0x0000000744200000|  0%| F|  |TAMS 0x0000000744000000, 0x0000000744000000| Untracked 
|  13|0x0000000744200000, 0x0000000744200000, 0x0000000744400000|  0%| F|  |TAMS 0x0000000744200000, 0x0000000744200000| Untracked 
|  14|0x0000000744400000, 0x0000000744400000, 0x0000000744600000|  0%| F|  |TAMS 0x0000000744400000, 0x0000000744400000| Untracked 
|  15|0x0000000744600000, 0x0000000744600000, 0x0000000744800000|  0%| F|  |TAMS 0x0000000744600000, 0x0000000744600000| Untracked 
|  16|0x0000000744800000, 0x0000000744800000, 0x0000000744a00000|  0%| F|  |TAMS 0x0000000744800000, 0x0000000744800000| Untracked 
|  17|0x0000000744a00000, 0x0000000744a00000, 0x0000000744c00000|  0%| F|  |TAMS 0x0000000744a00000, 0x0000000744a00000| Untracked 
|  18|0x0000000744c00000, 0x0000000744c00000, 0x0000000744e00000|  0%| F|  |TAMS 0x0000000744c00000, 0x0000000744c00000| Untracked 
|  19|0x0000000744e00000, 0x0000000744e00000, 0x0000000745000000|  0%| F|  |TAMS 0x0000000744e00000, 0x0000000744e00000| Untracked 
|  20|0x0000000745000000, 0x0000000745000000, 0x0000000745200000|  0%| F|  |TAMS 0x0000000745000000, 0x0000000745000000| Untracked 
|  21|0x0000000745200000, 0x0000000745200000, 0x0000000745400000|  0%| F|  |TAMS 0x0000000745200000, 0x0000000745200000| Untracked 
|  22|0x0000000745400000, 0x0000000745400000, 0x0000000745600000|  0%| F|  |TAMS 0x0000000745400000, 0x0000000745400000| Untracked 
|  23|0x0000000745600000, 0x0000000745600000, 0x0000000745800000|  0%| F|  |TAMS 0x0000000745600000, 0x0000000745600000| Untracked 
|  24|0x0000000745800000, 0x0000000745800000, 0x0000000745a00000|  0%| F|  |TAMS 0x0000000745800000, 0x0000000745800000| Untracked 
|  25|0x0000000745a00000, 0x0000000745a00000, 0x0000000745c00000|  0%| F|  |TAMS 0x0000000745a00000, 0x0000000745a00000| Untracked 
|  26|0x0000000745c00000, 0x0000000745c00000, 0x0000000745e00000|  0%| F|  |TAMS 0x0000000745c00000, 0x0000000745c00000| Untracked 
|  27|0x0000000745e00000, 0x0000000745e00000, 0x0000000746000000|  0%| F|  |TAMS 0x0000000745e00000, 0x0000000745e00000| Untracked 
|  28|0x0000000746000000, 0x0000000746000000, 0x0000000746200000|  0%| F|  |TAMS 0x0000000746000000, 0x0000000746000000| Untracked 
|  29|0x0000000746200000, 0x0000000746200000, 0x0000000746400000|  0%| F|  |TAMS 0x0000000746200000, 0x0000000746200000| Untracked 
|  30|0x0000000746400000, 0x0000000746400000, 0x0000000746600000|  0%| F|  |TAMS 0x0000000746400000, 0x0000000746400000| Untracked 
|  31|0x0000000746600000, 0x0000000746600000, 0x0000000746800000|  0%| F|  |TAMS 0x0000000746600000, 0x0000000746600000| Untracked 
|  32|0x0000000746800000, 0x0000000746800000, 0x0000000746a00000|  0%| F|  |TAMS 0x0000000746800000, 0x0000000746800000| Untracked 
|  33|0x0000000746a00000, 0x0000000746a00000, 0x0000000746c00000|  0%| F|  |TAMS 0x0000000746a00000, 0x0000000746a00000| Untracked 
|  34|0x0000000746c00000, 0x0000000746c00000, 0x0000000746e00000|  0%| F|  |TAMS 0x0000000746c00000, 0x0000000746c00000| Untracked 
|  35|0x0000000746e00000, 0x0000000746e00000, 0x0000000747000000|  0%| F|  |TAMS 0x0000000746e00000, 0x0000000746e00000| Untracked 
|  36|0x0000000747000000, 0x0000000747000000, 0x0000000747200000|  0%| F|  |TAMS 0x0000000747000000, 0x0000000747000000| Untracked 
|  37|0x0000000747200000, 0x0000000747200000, 0x0000000747400000|  0%| F|  |TAMS 0x0000000747200000, 0x0000000747200000| Untracked 
|  38|0x0000000747400000, 0x0000000747400000, 0x0000000747600000|  0%| F|  |TAMS 0x0000000747400000, 0x0000000747400000| Untracked 
|  39|0x0000000747600000, 0x0000000747600000, 0x0000000747800000|  0%| F|  |TAMS 0x0000000747600000, 0x0000000747600000| Untracked 
|  40|0x0000000747800000, 0x0000000747800000, 0x0000000747a00000|  0%| F|  |TAMS 0x0000000747800000, 0x0000000747800000| Untracked 
|  41|0x0000000747a00000, 0x0000000747a00000, 0x0000000747c00000|  0%| F|  |TAMS 0x0000000747a00000, 0x0000000747a00000| Untracked 
|  42|0x0000000747c00000, 0x0000000747c00000, 0x0000000747e00000|  0%| F|  |TAMS 0x0000000747c00000, 0x0000000747c00000| Untracked 
|  43|0x0000000747e00000, 0x0000000747e00000, 0x0000000748000000|  0%| F|  |TAMS 0x0000000747e00000, 0x0000000747e00000| Untracked 
|  44|0x0000000748000000, 0x0000000748000000, 0x0000000748200000|  0%| F|  |TAMS 0x0000000748000000, 0x0000000748000000| Untracked 
|  45|0x0000000748200000, 0x0000000748200000, 0x0000000748400000|  0%| F|  |TAMS 0x0000000748200000, 0x0000000748200000| Untracked 
|  46|0x0000000748400000, 0x0000000748400000, 0x0000000748600000|  0%| F|  |TAMS 0x0000000748400000, 0x0000000748400000| Untracked 
|  47|0x0000000748600000, 0x0000000748600000, 0x0000000748800000|  0%| F|  |TAMS 0x0000000748600000, 0x0000000748600000| Untracked 
|  48|0x0000000748800000, 0x0000000748800000, 0x0000000748a00000|  0%| F|  |TAMS 0x0000000748800000, 0x0000000748800000| Untracked 
|  49|0x0000000748a00000, 0x0000000748a00000, 0x0000000748c00000|  0%| F|  |TAMS 0x0000000748a00000, 0x0000000748a00000| Untracked 
|  50|0x0000000748c00000, 0x0000000748c00000, 0x0000000748e00000|  0%| F|  |TAMS 0x0000000748c00000, 0x0000000748c00000| Untracked 
|  51|0x0000000748e00000, 0x0000000748e00000, 0x0000000749000000|  0%| F|  |TAMS 0x0000000748e00000, 0x0000000748e00000| Untracked 
|  52|0x0000000749000000, 0x0000000749000000, 0x0000000749200000|  0%| F|  |TAMS 0x0000000749000000, 0x0000000749000000| Untracked 
|  53|0x0000000749200000, 0x0000000749200000, 0x0000000749400000|  0%| F|  |TAMS 0x0000000749200000, 0x0000000749200000| Untracked 
|  54|0x0000000749400000, 0x0000000749400000, 0x0000000749600000|  0%| F|  |TAMS 0x0000000749400000, 0x0000000749400000| Untracked 
|  55|0x0000000749600000, 0x0000000749600000, 0x0000000749800000|  0%| F|  |TAMS 0x0000000749600000, 0x0000000749600000| Untracked 
|  56|0x0000000749800000, 0x0000000749800000, 0x0000000749a00000|  0%| F|  |TAMS 0x0000000749800000, 0x0000000749800000| Untracked 
|  57|0x0000000749a00000, 0x0000000749a00000, 0x0000000749c00000|  0%| F|  |TAMS 0x0000000749a00000, 0x0000000749a00000| Untracked 
|  58|0x0000000749c00000, 0x0000000749c00000, 0x0000000749e00000|  0%| F|  |TAMS 0x0000000749c00000, 0x0000000749c00000| Untracked 
|  59|0x0000000749e00000, 0x0000000749e00000, 0x000000074a000000|  0%| F|  |TAMS 0x0000000749e00000, 0x0000000749e00000| Untracked 
|  60|0x000000074a000000, 0x000000074a000000, 0x000000074a200000|  0%| F|  |TAMS 0x000000074a000000, 0x000000074a000000| Untracked 
|  61|0x000000074a200000, 0x000000074a200000, 0x000000074a400000|  0%| F|  |TAMS 0x000000074a200000, 0x000000074a200000| Untracked 
|  62|0x000000074a400000, 0x000000074a400000, 0x000000074a600000|  0%| F|  |TAMS 0x000000074a400000, 0x000000074a400000| Untracked 
|  63|0x000000074a600000, 0x000000074a600000, 0x000000074a800000|  0%| F|  |TAMS 0x000000074a600000, 0x000000074a600000| Untracked 
|  64|0x000000074a800000, 0x000000074a800000, 0x000000074aa00000|  0%| F|  |TAMS 0x000000074a800000, 0x000000074a800000| Untracked 
|  65|0x000000074aa00000, 0x000000074aa00000, 0x000000074ac00000|  0%| F|  |TAMS 0x000000074aa00000, 0x000000074aa00000| Untracked 
|  66|0x000000074ac00000, 0x000000074ac00000, 0x000000074ae00000|  0%| F|  |TAMS 0x000000074ac00000, 0x000000074ac00000| Untracked 
|  67|0x000000074ae00000, 0x000000074ae00000, 0x000000074b000000|  0%| F|  |TAMS 0x000000074ae00000, 0x000000074ae00000| Untracked 
|  68|0x000000074b000000, 0x000000074b000000, 0x000000074b200000|  0%| F|  |TAMS 0x000000074b000000, 0x000000074b000000| Untracked 
|  69|0x000000074b200000, 0x000000074b200000, 0x000000074b400000|  0%| F|  |TAMS 0x000000074b200000, 0x000000074b200000| Untracked 
|  70|0x000000074b400000, 0x000000074b400000, 0x000000074b600000|  0%| F|  |TAMS 0x000000074b400000, 0x000000074b400000| Untracked 
|  71|0x000000074b600000, 0x000000074b600000, 0x000000074b800000|  0%| F|  |TAMS 0x000000074b600000, 0x000000074b600000| Untracked 
|  72|0x000000074b800000, 0x000000074b800000, 0x000000074ba00000|  0%| F|  |TAMS 0x000000074b800000, 0x000000074b800000| Untracked 
|  73|0x000000074ba00000, 0x000000074ba00000, 0x000000074bc00000|  0%| F|  |TAMS 0x000000074ba00000, 0x000000074ba00000| Untracked 
|  74|0x000000074bc00000, 0x000000074bc00000, 0x000000074be00000|  0%| F|  |TAMS 0x000000074bc00000, 0x000000074bc00000| Untracked 
|  75|0x000000074be00000, 0x000000074be00000, 0x000000074c000000|  0%| F|  |TAMS 0x000000074be00000, 0x000000074be00000| Untracked 
|  76|0x000000074c000000, 0x000000074c000000, 0x000000074c200000|  0%| F|  |TAMS 0x000000074c000000, 0x000000074c000000| Untracked 
|  77|0x000000074c200000, 0x000000074c200000, 0x000000074c400000|  0%| F|  |TAMS 0x000000074c200000, 0x000000074c200000| Untracked 
|  78|0x000000074c400000, 0x000000074c400000, 0x000000074c600000|  0%| F|  |TAMS 0x000000074c400000, 0x000000074c400000| Untracked 
|  79|0x000000074c600000, 0x000000074c600000, 0x000000074c800000|  0%| F|  |TAMS 0x000000074c600000, 0x000000074c600000| Untracked 
|  80|0x000000074c800000, 0x000000074c800000, 0x000000074ca00000|  0%| F|  |TAMS 0x000000074c800000, 0x000000074c800000| Untracked 
|  81|0x000000074ca00000, 0x000000074ca00000, 0x000000074cc00000|  0%| F|  |TAMS 0x000000074ca00000, 0x000000074ca00000| Untracked 
|  82|0x000000074cc00000, 0x000000074cc00000, 0x000000074ce00000|  0%| F|  |TAMS 0x000000074cc00000, 0x000000074cc00000| Untracked 
|  83|0x000000074ce00000, 0x000000074ce00000, 0x000000074d000000|  0%| F|  |TAMS 0x000000074ce00000, 0x000000074ce00000| Untracked 
|  84|0x000000074d000000, 0x000000074d000000, 0x000000074d200000|  0%| F|  |TAMS 0x000000074d000000, 0x000000074d000000| Untracked 
|  85|0x000000074d200000, 0x000000074d200000, 0x000000074d400000|  0%| F|  |TAMS 0x000000074d200000, 0x000000074d200000| Untracked 
|  86|0x000000074d400000, 0x000000074d400000, 0x000000074d600000|  0%| F|  |TAMS 0x000000074d400000, 0x000000074d400000| Untracked 
|  87|0x000000074d600000, 0x000000074d600000, 0x000000074d800000|  0%| F|  |TAMS 0x000000074d600000, 0x000000074d600000| Untracked 
|  88|0x000000074d800000, 0x000000074d800000, 0x000000074da00000|  0%| F|  |TAMS 0x000000074d800000, 0x000000074d800000| Untracked 
|  89|0x000000074da00000, 0x000000074da00000, 0x000000074dc00000|  0%| F|  |TAMS 0x000000074da00000, 0x000000074da00000| Untracked 
|  90|0x000000074dc00000, 0x000000074dc00000, 0x000000074de00000|  0%| F|  |TAMS 0x000000074dc00000, 0x000000074dc00000| Untracked 
|  91|0x000000074de00000, 0x000000074df99670, 0x000000074e000000| 79%| E|  |TAMS 0x000000074de00000, 0x000000074de00000| Complete 
|  92|0x000000074e000000, 0x000000074e200000, 0x000000074e200000|100%| E|CS|TAMS 0x000000074e000000, 0x000000074e000000| Complete 
|  93|0x000000074e200000, 0x000000074e400000, 0x000000074e400000|100%| E|CS|TAMS 0x000000074e200000, 0x000000074e200000| Complete 
|  94|0x000000074e400000, 0x000000074e600000, 0x000000074e600000|100%| E|CS|TAMS 0x000000074e400000, 0x000000074e400000| Complete 

Card table byte_map: [0x0000028bf0330000,0x0000028bf0920000] _byte_map_base: 0x0000028bec91c000

Marking Bits (Prev, Next): (CMBitMap*) 0x0000028bd888eac0, (CMBitMap*) 0x0000028bd888eb00
 Prev Bits: [0x0000028bf0f10000, 0x0000028bf3e70000)
 Next Bits: [0x0000028bf3e70000, 0x0000028bf6dd0000)

Polling page: 0x0000028bd7ff0000

Metaspace:

Usage:
  Non-class:      2.96 MB used.
      Class:    226.06 KB used.
       Both:      3.19 MB used.

Virtual space:
  Non-class space:       64.00 MB reserved,       3.06 MB (  5%) committed,  1 nodes.
      Class space:        1.00 GB reserved,     320.00 KB ( <1%) committed,  1 nodes.
             Both:        1.06 GB reserved,       3.38 MB ( <1%) committed. 

Chunk freelists:
   Non-Class:  2.86 MB
       Class:  3.66 MB
        Both:  6.52 MB

MaxMetaspaceSize: unlimited
CompressedClassSpaceSize: 1.00 GB
Initial GC threshold: 21.00 MB
Current GC threshold: 21.00 MB
CDS: on
MetaspaceReclaimPolicy: balanced
 - commit_granule_bytes: 65536.
 - commit_granule_words: 8192.
 - virtual_space_node_default_size: 8388608.
 - enlarge_chunks_in_place: 1.
 - new_chunks_are_fully_committed: 0.
 - uncommit_free_chunks: 1.
 - use_allocation_guard: 0.


Internal statistics:

num_allocs_failed_limit: 0.
num_arena_births: 78.
num_arena_deaths: 0.
num_vsnodes_births: 2.
num_vsnodes_deaths: 0.
num_space_committed: 54.
num_space_uncommitted: 0.
num_chunks_returned_to_freelist: 0.
num_chunks_taken_from_freelist: 145.
num_chunk_merges: 0.
num_chunk_splits: 92.
num_chunks_enlarged: 58.
num_inconsistent_stats: 0.

CodeHeap 'non-profiled nmethods': size=120000Kb used=204Kb max_used=204Kb free=119796Kb
 bounds [0x0000028be84e0000, 0x0000028be8750000, 0x0000028befa10000]
CodeHeap 'profiled nmethods': size=120000Kb used=885Kb max_used=885Kb free=119114Kb
 bounds [0x0000028be0a10000, 0x0000028be0c80000, 0x0000028be7f40000]
CodeHeap 'non-nmethods': size=5760Kb used=1683Kb max_used=1693Kb free=4076Kb
 bounds [0x0000028be7f40000, 0x0000028be81b0000, 0x0000028be84e0000]
 total_blobs=1652 nmethods=620 adapters=943
 compilation: enabled
              stopped_count=0, restarted_count=0
 full_count=0

Compilation events (20 events):
Event: 0.690 Thread 0x0000028bf97f72c0  606       1       java.net.URL::getUserInfo (5 bytes)
Event: 0.690 Thread 0x0000028bf97f72c0 nmethod 606 0x0000028be8511490 code [0x0000028be8511620, 0x0000028be85116f8]
Event: 0.690 Thread 0x0000028bf97f72c0  607       3       java.lang.ClassLoader::checkName (37 bytes)
Event: 0.691 Thread 0x0000028bf97f72c0 nmethod 607 0x0000028be0ae7890 code [0x0000028be0ae7ae0, 0x0000028be0ae84f8]
Event: 0.692 Thread 0x0000028bf97f72c0  608       3       java.util.regex.Pattern::peek (26 bytes)
Event: 0.693 Thread 0x0000028bf97f72c0 nmethod 608 0x0000028be0ae8890 code [0x0000028be0ae8a40, 0x0000028be0ae8ca8]
Event: 0.693 Thread 0x0000028bf97f72c0  609       3       sun.invoke.util.Wrapper::forPrimitiveType (122 bytes)
Event: 0.693 Thread 0x0000028bf97f4590 nmethod 605 0x0000028be8511d90 code [0x0000028be8511f20, 0x0000028be85120e8]
Event: 0.693 Thread 0x0000028bf97f72c0 nmethod 609 0x0000028be0ae8e10 code [0x0000028be0ae90e0, 0x0000028be0ae9c18]
Event: 0.693 Thread 0x0000028bf97f72c0  612       3       java.lang.invoke.MethodTypeForm::canonicalize (59 bytes)
Event: 0.694 Thread 0x0000028bf97f72c0 nmethod 612 0x0000028be0ae9f10 code [0x0000028be0aea0e0, 0x0000028be0aea408]
Event: 0.694 Thread 0x0000028bf97f72c0  613       3       java.lang.invoke.MethodType$ConcurrentWeakInternSet::add (66 bytes)
Event: 0.695 Thread 0x0000028bf97f72c0 nmethod 613 0x0000028be0aea510 code [0x0000028be0aea760, 0x0000028be0aeb3e8]
Event: 0.695 Thread 0x0000028bf97f72c0  611       3       sun.invoke.util.VerifyAccess::isClassAccessible (230 bytes)
Event: 0.696 Thread 0x0000028bf97f72c0 nmethod 611 0x0000028be0aeb790 code [0x0000028be0aebaa0, 0x0000028be0aec938]
Event: 0.697 Thread 0x0000028bf97f72c0  617       1       jdk.internal.loader.URLClassPath$Loader::getBaseURL (5 bytes)
Event: 0.697 Thread 0x0000028bf97f72c0 nmethod 617 0x0000028be8512910 code [0x0000028be8512aa0, 0x0000028be8512b78]
Event: 0.698 Thread 0x0000028bf97f72c0  619       3       sun.misc.Unsafe::putLong (11 bytes)
Event: 0.699 Thread 0x0000028bf97f72c0 nmethod 619 0x0000028be0aecd10 code [0x0000028be0aecea0, 0x0000028be0aecfb8]
Event: 0.699 Thread 0x0000028bf97f72c0  620       3       org.lwjgl.system.MemoryUtil::memPutAddress (29 bytes)

GC Heap History (0 events):
No events

Dll operation events (12 events):
Event: 0.033 Loaded shared library C:\Users\Owner\.jdks\corretto-19.0.2\bin\java.dll
Event: 0.058 Loaded shared library C:\Users\Owner\.jdks\corretto-19.0.2\bin\jsvml.dll
Event: 0.171 Loaded shared library C:\Users\Owner\.jdks\corretto-19.0.2\bin\zip.dll
Event: 0.174 Loaded shared library C:\Users\Owner\.jdks\corretto-19.0.2\bin\instrument.dll
Event: 0.183 Loaded shared library C:\Users\Owner\.jdks\corretto-19.0.2\bin\net.dll
Event: 0.188 Loaded shared library C:\Users\Owner\.jdks\corretto-19.0.2\bin\nio.dll
Event: 0.192 Loaded shared library C:\Users\Owner\.jdks\corretto-19.0.2\bin\zip.dll
Event: 0.238 Loaded shared library C:\Program Files\JetBrains\IntelliJ IDEA 2024.2.1\bin\breakgen64.dll
Event: 0.252 Loaded shared library C:\Users\Owner\.jdks\corretto-19.0.2\bin\extnet.dll
Event: 0.290 Loaded shared library C:\Users\Owner\.jdks\corretto-19.0.2\bin\jimage.dll
Event: 0.326 Loaded shared library C:\Users\Owner\AppData\Local\Temp\lwjgl_Owner\3.3.3+5\x64\lwjgl.dll
Event: 0.681 Loaded shared library C:\Users\Owner\AppData\Local\Temp\lwjgl_Owner\3.3.3+5\x64\lwjgl_opengl.dll

Deoptimization events (20 events):
Event: 0.427 Thread 0x0000028bd8830ab0 DEOPT PACKING pc=0x0000028be0aabaf2 sp=0x000000938d1fe240
Event: 0.427 Thread 0x0000028bd8830ab0 DEOPT UNPACKING pc=0x0000028be7fa7543 sp=0x000000938d1fd6b8 mode 0
Event: 0.427 Thread 0x0000028bd8830ab0 DEOPT PACKING pc=0x0000028be0aabaf2 sp=0x000000938d1fe240
Event: 0.427 Thread 0x0000028bd8830ab0 DEOPT UNPACKING pc=0x0000028be7fa7543 sp=0x000000938d1fd6b8 mode 0
Event: 0.427 Thread 0x0000028bd8830ab0 DEOPT PACKING pc=0x0000028be0aabaf2 sp=0x000000938d1fe240
Event: 0.427 Thread 0x0000028bd8830ab0 DEOPT UNPACKING pc=0x0000028be7fa7543 sp=0x000000938d1fd6b8 mode 0
Event: 0.427 Thread 0x0000028bd8830ab0 DEOPT PACKING pc=0x0000028be0aabaf2 sp=0x000000938d1fe240
Event: 0.427 Thread 0x0000028bd8830ab0 DEOPT UNPACKING pc=0x0000028be7fa7543 sp=0x000000938d1fd6b8 mode 0
Event: 0.428 Thread 0x0000028bd8830ab0 DEOPT PACKING pc=0x0000028be0aabaf2 sp=0x000000938d1fe240
Event: 0.428 Thread 0x0000028bd8830ab0 DEOPT UNPACKING pc=0x0000028be7fa7543 sp=0x000000938d1fd6b8 mode 0
Event: 0.428 Thread 0x0000028bd8830ab0 DEOPT PACKING pc=0x0000028be0aabaf2 sp=0x000000938d1fe240
Event: 0.428 Thread 0x0000028bd8830ab0 DEOPT UNPACKING pc=0x0000028be7fa7543 sp=0x000000938d1fd6b8 mode 0
Event: 0.428 Thread 0x0000028bd8830ab0 DEOPT PACKING pc=0x0000028be0aabaf2 sp=0x000000938d1fe240
Event: 0.428 Thread 0x0000028bd8830ab0 DEOPT UNPACKING pc=0x0000028be7fa7543 sp=0x000000938d1fd6b8 mode 0
Event: 0.428 Thread 0x0000028bd8830ab0 DEOPT PACKING pc=0x0000028be0aabaf2 sp=0x000000938d1fe240
Event: 0.428 Thread 0x0000028bd8830ab0 DEOPT UNPACKING pc=0x0000028be7fa7543 sp=0x000000938d1fd6b8 mode 0
Event: 0.428 Thread 0x0000028bd8830ab0 DEOPT PACKING pc=0x0000028be0aabc01 sp=0x000000938d1fe240
Event: 0.428 Thread 0x0000028bd8830ab0 DEOPT UNPACKING pc=0x0000028be7fa7543 sp=0x000000938d1fd6b8 mode 0
Event: 0.428 Thread 0x0000028bd8830ab0 DEOPT PACKING pc=0x0000028be0aabaf2 sp=0x000000938d1fe240
Event: 0.428 Thread 0x0000028bd8830ab0 DEOPT UNPACKING pc=0x0000028be7fa7543 sp=0x000000938d1fd6b8 mode 0

Classes loaded (20 events):
Event: 0.393 Loading class java/util/function/LongPredicate
Event: 0.393 Loading class java/util/function/LongPredicate done
Event: 0.395 Loading class java/lang/foreign/MemorySegment
Event: 0.395 Loading class java/lang/foreign/Addressable
Event: 0.396 Loading class java/lang/foreign/Addressable done
Event: 0.396 Loading class java/lang/foreign/MemorySegment done
Event: 0.402 Loading class java/nio/InvalidMarkException
Event: 0.402 Loading class java/nio/InvalidMarkException done
Event: 0.402 Loading class java/nio/BufferUnderflowException
Event: 0.402 Loading class java/nio/BufferUnderflowException done
Event: 0.407 Loading class java/lang/IndexOutOfBoundsException
Event: 0.407 Loading class java/lang/IndexOutOfBoundsException done
Event: 0.685 Loading class jdk/internal/foreign/MemorySessionImpl
Event: 0.685 Loading class java/lang/foreign/MemorySession
Event: 0.685 Loading class java/lang/foreign/SegmentAllocator
Event: 0.685 Loading class java/lang/foreign/SegmentAllocator done
Event: 0.685 Loading class java/lang/foreign/MemorySession done
Event: 0.685 Loading class jdk/internal/foreign/MemorySessionImpl done
Event: 0.693 Loading class java/util/Formatter$FixedString
Event: 0.693 Loading class java/util/Formatter$FixedString done

Classes unloaded (0 events):
No events

Classes redefined (0 events):
No events

Internal exceptions (20 events):
Event: 0.279 Thread 0x0000028bd8830ab0 Exception <a 'java/lang/NoSuchMethodError'{0x000000074e11e428}: 'void java.lang.invoke.DelegatingMethodHandle$Holder.delegate(java.lang.Object, java.lang.Object, int, java.lang.Object)'> (0x000000074e11e428) 
thrown [s\src\hotspot\share\interpreter\linkResolver.cpp, line 774]
Event: 0.279 Thread 0x0000028bd8830ab0 Exception <a 'java/lang/NoSuchMethodError'{0x000000074e122478}: 'int java.lang.invoke.DirectMethodHandle$Holder.invokeSpecial(java.lang.Object, java.lang.Object, java.lang.Object)'> (0x000000074e122478) 
thrown [s\src\hotspot\share\interpreter\linkResolver.cpp, line 774]
Event: 0.285 Thread 0x0000028bd8830ab0 Exception <a 'java/lang/NoSuchMethodError'{0x000000074e13ce28}: 'void java.lang.System.loadLibrary(java.lang.String, java.lang.Class)'> (0x000000074e13ce28) 
thrown [s\src\hotspot\share\interpreter\linkResolver.cpp, line 774]
Event: 0.319 Thread 0x0000028bd8830ab0 Exception <a 'sun/nio/fs/WindowsException'{0x000000074e173198}> (0x000000074e173198) 
thrown [s\src\hotspot\share\prims\jni.cpp, line 517]
Event: 0.319 Thread 0x0000028bd8830ab0 Exception <a 'sun/nio/fs/WindowsException'{0x000000074e1736e8}> (0x000000074e1736e8) 
thrown [s\src\hotspot\share\prims\jni.cpp, line 517]
Event: 0.380 Thread 0x0000028bd8830ab0 Exception <a 'sun/nio/fs/WindowsException'{0x000000074e1f1790}> (0x000000074e1f1790) 
thrown [s\src\hotspot\share\prims\jni.cpp, line 517]
Event: 0.380 Thread 0x0000028bd8830ab0 Exception <a 'sun/nio/fs/WindowsException'{0x000000074e1f1af0}> (0x000000074e1f1af0) 
thrown [s\src\hotspot\share\prims\jni.cpp, line 517]
Event: 0.386 Thread 0x0000028bd8830ab0 Exception <a 'java/lang/NoSuchMethodError'{0x000000074de279b8}: 'java.lang.Object java.lang.invoke.DirectMethodHandle$Holder.invokeStaticInit(java.lang.Object)'> (0x000000074de279b8) 
thrown [s\src\hotspot\share\interpreter\linkResolver.cpp, line 774]
Event: 0.394 Thread 0x0000028bd8830ab0 Exception <a 'java/lang/NoSuchMethodError'{0x000000074de494f8}: 'int java.lang.invoke.DirectMethodHandle$Holder.invokeStaticInit(java.lang.Object, java.lang.Object, int, long)'> (0x000000074de494f8) 
thrown [s\src\hotspot\share\interpreter\linkResolver.cpp, line 774]
Event: 0.394 Thread 0x0000028bd8830ab0 Exception <a 'java/lang/NoSuchMethodError'{0x000000074de4edc8}: 'java.lang.Object java.lang.invoke.DirectMethodHandle$Holder.newInvokeSpecial(java.lang.Object, java.lang.Object, int)'> (0x000000074de4edc8) 
thrown [s\src\hotspot\share\interpreter\linkResolver.cpp, line 774]
Event: 0.398 Thread 0x0000028bd8830ab0 Exception <a 'java/lang/NoSuchMethodError'{0x000000074de5ebc8}: 'int java.lang.invoke.DirectMethodHandle$Holder.invokeStaticInit(java.lang.Object, java.lang.Object, long, long)'> (0x000000074de5ebc8) 
thrown [s\src\hotspot\share\interpreter\linkResolver.cpp, line 774]
Event: 0.398 Thread 0x0000028bd8830ab0 Exception <a 'java/lang/NoSuchMethodError'{0x000000074de64ce0}: 'java.lang.Object java.lang.invoke.DirectMethodHandle$Holder.newInvokeSpecial(java.lang.Object, java.lang.Object, long)'> (0x000000074de64ce0) 
thrown [s\src\hotspot\share\interpreter\linkResolver.cpp, line 774]
Event: 0.399 Thread 0x0000028bd8830ab0 Exception <a 'java/lang/NoSuchMethodError'{0x000000074de68ff0}: 'java.lang.Object java.lang.invoke.Invokers$Holder.linkToTargetMethod(java.lang.Object, long, java.lang.Object)'> (0x000000074de68ff0) 
thrown [s\src\hotspot\share\interpreter\linkResolver.cpp, line 774]
Event: 0.401 Thread 0x0000028bd8830ab0 Exception <a 'java/lang/NoSuchMethodError'{0x000000074de705b0}: 'int java.lang.invoke.DirectMethodHandle$Holder.invokeStaticInit(java.lang.Object, java.lang.Object, java.lang.Object, long)'> (0x000000074de705b0) 
thrown [s\src\hotspot\share\interpreter\linkResolver.cpp, line 774]
Event: 0.657 Thread 0x0000028bd8830ab0 Exception <a 'java/lang/NoSuchMethodError'{0x000000074df3a098}: 'void java.lang.System.load(java.lang.String, java.lang.Class)'> (0x000000074df3a098) 
thrown [s\src\hotspot\share\interpreter\linkResolver.cpp, line 774]
Event: 0.658 Thread 0x0000028bd8830ab0 Exception <a 'java/lang/NoSuchMethodError'{0x000000074df3cea0}: 'void java.lang.System.loadLibrary(java.lang.String, java.lang.Class)'> (0x000000074df3cea0) 
thrown [s\src\hotspot\share\interpreter\linkResolver.cpp, line 774]
Event: 0.668 Thread 0x0000028bd8830ab0 Exception <a 'sun/nio/fs/WindowsException'{0x000000074df4de78}> (0x000000074df4de78) 
thrown [s\src\hotspot\share\prims\jni.cpp, line 517]
Event: 0.668 Thread 0x0000028bd8830ab0 Exception <a 'sun/nio/fs/WindowsException'{0x000000074df4e218}> (0x000000074df4e218) 
thrown [s\src\hotspot\share\prims\jni.cpp, line 517]
Event: 0.689 Thread 0x0000028bd8830ab0 Exception <a 'sun/nio/fs/WindowsException'{0x000000074df58b68}> (0x000000074df58b68) 
thrown [s\src\hotspot\share\prims\jni.cpp, line 517]
Event: 0.689 Thread 0x0000028bd8830ab0 Exception <a 'sun/nio/fs/WindowsException'{0x000000074df58e38}> (0x000000074df58e38) 
thrown [s\src\hotspot\share\prims\jni.cpp, line 517]

VM Operations (6 events):
Event: 0.159 Executing VM operation: HandshakeAllThreads
Event: 0.159 Executing VM operation: HandshakeAllThreads done
Event: 0.242 Executing VM operation: HandshakeAllThreads
Event: 0.242 Executing VM operation: HandshakeAllThreads done
Event: 0.309 Executing VM operation: HandshakeAllThreads
Event: 0.309 Executing VM operation: HandshakeAllThreads done

Events (14 events):
Event: 0.059 Thread 0x0000028bd8830ab0 Thread added: 0x0000028bd8830ab0
Event: 0.081 Thread 0x0000028bf97db2c0 Thread added: 0x0000028bf97db2c0
Event: 0.081 Thread 0x0000028bf97dbfb0 Thread added: 0x0000028bf97dbfb0
Event: 0.082 Thread 0x0000028bf97de040 Thread added: 0x0000028bf97de040
Event: 0.082 Thread 0x0000028bf97dfb80 Thread added: 0x0000028bf97dfb80
Event: 0.082 Thread 0x0000028bf97e4c70 Thread added: 0x0000028bf97e4c70
Event: 0.082 Thread 0x0000028bf97ed5a0 Thread added: 0x0000028bf97ed5a0
Event: 0.082 Thread 0x0000028bf97f4590 Thread added: 0x0000028bf97f4590
Event: 0.082 Thread 0x0000028bf97f72c0 Thread added: 0x0000028bf97f72c0
Event: 0.083 Thread 0x0000028bf97edaf0 Thread added: 0x0000028bf97edaf0
Event: 0.152 Thread 0x0000028bf97ecb00 Thread added: 0x0000028bf97ecb00
Event: 0.238 Thread 0x0000028bf97ee040 Thread added: 0x0000028bf97ee040
Event: 0.239 Thread 0x0000028bf97ee590 Thread added: 0x0000028bf97ee590
Event: 0.391 Thread 0x0000028bfe0dde10 Thread added: 0x0000028bfe0dde10


Dynamic libraries:
0x00007ff7e5c50000 - 0x00007ff7e5c5d000 	C:\Users\Owner\.jdks\corretto-19.0.2\bin\java.exe
0x00007ffcd04b0000 - 0x00007ffcd06c7000 	C:\WINDOWS\SYSTEM32\ntdll.dll
0x00007ffccf8d0000 - 0x00007ffccf994000 	C:\WINDOWS\System32\KERNEL32.DLL
0x00007ffccda40000 - 0x00007ffccdded000 	C:\WINDOWS\System32\KERNELBASE.dll
0x00007ffccd7d0000 - 0x00007ffccd8e1000 	C:\WINDOWS\System32\ucrtbase.dll
0x00007ffcb7d30000 - 0x00007ffcb7d45000 	C:\Users\Owner\.jdks\corretto-19.0.2\bin\VCRUNTIME140.dll
0x00007ffcb4ca0000 - 0x00007ffcb4cb7000 	C:\Users\Owner\.jdks\corretto-19.0.2\bin\jli.dll
0x00007ffcd0220000 - 0x00007ffcd03ce000 	C:\WINDOWS\System32\USER32.dll
0x00007ffccdee0000 - 0x00007ffccdf06000 	C:\WINDOWS\System32\win32u.dll
0x00007ffcceed0000 - 0x00007ffcceef9000 	C:\WINDOWS\System32\GDI32.dll
0x00007ffccd920000 - 0x00007ffccda39000 	C:\WINDOWS\System32\gdi32full.dll
0x00007ffccdf10000 - 0x00007ffccdfaa000 	C:\WINDOWS\System32\msvcp_win.dll
0x00007ffcaeb70000 - 0x00007ffcaee03000 	C:\WINDOWS\WinSxS\amd64_microsoft.windows.common-controls_6595b64144ccf1df_6.0.22621.3672_none_2713b9d173822955\COMCTL32.dll
0x00007ffcced20000 - 0x00007ffccedc7000 	C:\WINDOWS\System32\msvcrt.dll
0x00007ffcd0430000 - 0x00007ffcd0461000 	C:\WINDOWS\System32\IMM32.DLL
0x00007ffc72750000 - 0x00007ffc727eb000 	C:\Users\Owner\.jdks\corretto-19.0.2\bin\msvcp140.dll
0x00007ffc32330000 - 0x00007ffc33009000 	C:\Users\Owner\.jdks\corretto-19.0.2\bin\server\jvm.dll
0x00007ffccf9a0000 - 0x00007ffccfa52000 	C:\WINDOWS\System32\ADVAPI32.dll
0x00007ffcd0160000 - 0x00007ffcd0209000 	C:\WINDOWS\System32\sechost.dll
0x00007ffccd8f0000 - 0x00007ffccd918000 	C:\WINDOWS\System32\bcrypt.dll
0x00007ffccf490000 - 0x00007ffccf5a4000 	C:\WINDOWS\System32\RPCRT4.dll
0x00007ffcc59e0000 - 0x00007ffcc5a14000 	C:\WINDOWS\SYSTEM32\WINMM.dll
0x00007ffcc5830000 - 0x00007ffcc583a000 	C:\WINDOWS\SYSTEM32\VERSION.dll
0x00007ffcb5490000 - 0x00007ffcb5499000 	C:\WINDOWS\SYSTEM32\WSOCK32.dll
0x00007ffccfff0000 - 0x00007ffcd0061000 	C:\WINDOWS\System32\WS2_32.dll
0x00007ffccc780000 - 0x00007ffccc798000 	C:\WINDOWS\SYSTEM32\kernel.appcore.dll
0x00007ffcc7480000 - 0x00007ffcc748a000 	C:\Users\Owner\.jdks\corretto-19.0.2\bin\jimage.dll
0x00007ffccb130000 - 0x00007ffccb362000 	C:\WINDOWS\SYSTEM32\DBGHELP.DLL
0x00007ffccf0e0000 - 0x00007ffccf46e000 	C:\WINDOWS\System32\combase.dll
0x00007ffcce1f0000 - 0x00007ffcce2c7000 	C:\WINDOWS\System32\OLEAUT32.dll
0x00007ffcb6610000 - 0x00007ffcb6642000 	C:\WINDOWS\SYSTEM32\dbgcore.DLL
0x00007ffccde60000 - 0x00007ffccdedb000 	C:\WINDOWS\System32\bcryptPrimitives.dll
0x00007ffcb4c90000 - 0x00007ffcb4c9e000 	C:\Users\Owner\.jdks\corretto-19.0.2\bin\instrument.dll
0x00007ffcacbc0000 - 0x00007ffcacbe6000 	C:\Users\Owner\.jdks\corretto-19.0.2\bin\java.dll
0x00007ffc668a0000 - 0x00007ffc66976000 	C:\Users\Owner\.jdks\corretto-19.0.2\bin\jsvml.dll
0x00007ffcce4b0000 - 0x00007ffcced17000 	C:\WINDOWS\System32\SHELL32.dll
0x00007ffccb700000 - 0x00007ffccbfff000 	C:\WINDOWS\SYSTEM32\windows.storage.dll
0x00007ffccb5c0000 - 0x00007ffccb6ff000 	C:\WINDOWS\SYSTEM32\wintypes.dll
0x00007ffccedd0000 - 0x00007ffcceec9000 	C:\WINDOWS\System32\SHCORE.dll
0x00007ffccf860000 - 0x00007ffccf8be000 	C:\WINDOWS\System32\shlwapi.dll
0x00007ffccd700000 - 0x00007ffccd727000 	C:\WINDOWS\SYSTEM32\profapi.dll
0x00007ffca08d0000 - 0x00007ffca08e8000 	C:\Users\Owner\.jdks\corretto-19.0.2\bin\zip.dll
0x00007ffcaca20000 - 0x00007ffcaca33000 	C:\Users\Owner\.jdks\corretto-19.0.2\bin\net.dll
0x00007ffcc81e0000 - 0x00007ffcc8316000 	C:\WINDOWS\SYSTEM32\WINHTTP.dll
0x00007ffcccc40000 - 0x00007ffcccca9000 	C:\WINDOWS\system32\mswsock.dll
0x00007ffca79a0000 - 0x00007ffca79b5000 	C:\Users\Owner\.jdks\corretto-19.0.2\bin\nio.dll
0x00007ffc9a190000 - 0x00007ffc9a1aa000 	C:\Program Files\JetBrains\IntelliJ IDEA 2024.2.1\bin\breakgen64.dll
0x00007ffcacbb0000 - 0x00007ffcacbb8000 	C:\Users\Owner\.jdks\corretto-19.0.2\bin\extnet.dll
0x00007ffc66820000 - 0x00007ffc6689b000 	C:\Users\Owner\AppData\Local\Temp\lwjgl_Owner\3.3.3+5\x64\lwjgl.dll
0x00007ffc66790000 - 0x00007ffc66812000 	C:\Users\Owner\AppData\Local\Temp\lwjgl_Owner\3.3.3+5\x64\glfw.dll
0x00007ffc92330000 - 0x00007ffc92376000 	C:\WINDOWS\SYSTEM32\dinput8.dll
0x00007ffc9a150000 - 0x00007ffc9a161000 	C:\WINDOWS\SYSTEM32\xinput1_4.dll
0x00007ffccd3f0000 - 0x00007ffccd43e000 	C:\WINDOWS\SYSTEM32\cfgmgr32.dll
0x00007ffccd3c0000 - 0x00007ffccd3ec000 	C:\WINDOWS\SYSTEM32\DEVOBJ.dll
0x00007ffccaf10000 - 0x00007ffccaf3b000 	C:\WINDOWS\SYSTEM32\dwmapi.dll
0x00007ffcaa670000 - 0x00007ffcaa883000 	C:\WINDOWS\SYSTEM32\inputhost.dll
0x00007ffcc9f80000 - 0x00007ffcca0b3000 	C:\WINDOWS\SYSTEM32\CoreMessaging.dll
0x00007ffccacd0000 - 0x00007ffccad81000 	C:\WINDOWS\system32\uxtheme.dll
0x00007ffcce350000 - 0x00007ffcce4ae000 	C:\WINDOWS\System32\MSCTF.dll
0x00007ffccce40000 - 0x00007ffccce4c000 	C:\WINDOWS\SYSTEM32\CRYPTBASE.DLL
0x00007ffc9fd80000 - 0x00007ffc9fe80000 	C:\WINDOWS\SYSTEM32\opengl32.dll
0x00007ffcb6480000 - 0x00007ffcb64ad000 	C:\WINDOWS\SYSTEM32\GLU32.dll
0x00007ffccadc0000 - 0x00007ffccadf7000 	C:\WINDOWS\SYSTEM32\dxcore.dll
0x00007ffcabbe0000 - 0x00007ffcabc29000 	C:\WINDOWS\SYSTEM32\directxdatabasehelper.dll
0x00007ffccf7b0000 - 0x00007ffccf860000 	C:\WINDOWS\System32\clbcatq.dll
0x00007ffc1d660000 - 0x00007ffc1e4ce000 	C:\WINDOWS\System32\DriverStore\FileRepository\iigd_dch_base.inf_amd64_5cd48d8408c0e5b5\ig9icd64.dll
0x00007ffccae00000 - 0x00007ffccaef7000 	C:\WINDOWS\SYSTEM32\dxgi.dll
0x00007ffc666a0000 - 0x00007ffc66781000 	C:\WINDOWS\System32\DriverStore\FileRepository\iigd_dch_base.inf_amd64_5cd48d8408c0e5b5\igdgmm64.dll
0x00007ffc9ad80000 - 0x00007ffc9ccb9000 	C:\WINDOWS\System32\DriverStore\FileRepository\iigd_dch_base.inf_amd64_5cd48d8408c0e5b5\igc64.dll
0x00007ffccd6b0000 - 0x00007ffccd6fd000 	C:\WINDOWS\SYSTEM32\powrprof.dll
0x00007ffccd690000 - 0x00007ffccd6a3000 	C:\WINDOWS\SYSTEM32\UMPDC.dll
0x00007ffcb80d0000 - 0x00007ffcb8213000 	C:\WINDOWS\SYSTEM32\textinputframework.dll
0x00007ffcad010000 - 0x00007ffcad37d000 	C:\WINDOWS\SYSTEM32\CoreUIComponents.dll
0x00007ffcb3920000 - 0x00007ffcb3989000 	C:\WINDOWS\system32\Oleacc.dll
0x00007ffc726f0000 - 0x00007ffc7274e000 	C:\Users\Owner\AppData\Local\Temp\lwjgl_Owner\3.3.3+5\x64\lwjgl_opengl.dll

dbghelp: loaded successfully - version: 4.0.5 - missing functions: none
symbol engine: initialized successfully - sym options: 0x614 - pdb path: .;C:\Users\Owner\.jdks\corretto-19.0.2\bin;C:\WINDOWS\SYSTEM32;C:\WINDOWS\WinSxS\amd64_microsoft.windows.common-controls_6595b64144ccf1df_6.0.22621.3672_none_2713b9d173822955;C:\Users\Owner\.jdks\corretto-19.0.2\bin\server;C:\Program Files\JetBrains\IntelliJ IDEA 2024.2.1\bin;C:\Users\Owner\AppData\Local\Temp\lwjgl_Owner\3.3.3+5\x64;C:\WINDOWS\System32\DriverStore\FileRepository\iigd_dch_base.inf_amd64_5cd48d8408c0e5b5

VM Arguments:
jvm_args: -javaagent:C:\Program Files\JetBrains\IntelliJ IDEA 2024.2.1\lib\idea_rt.jar=53476:C:\Program Files\JetBrains\IntelliJ IDEA 2024.2.1\bin -Dfile.encoding=UTF-8 -Dsun.stdout.encoding=UTF-8 -Dsun.stderr.encoding=UTF-8 
java_command: pkgDriver.csc133Driver
java_class_path (initial): C:\Users\Owner\IdeaProjects\Circles\out\production\classes;C:\Users\Owner\.gradle\caches\modules-2\files-2.1\org.lwjgl\lwjgl-assimp\3.3.3\c2c34011cbda30ed8cf98bc5cbf97b49afe5279a\lwjgl-assimp-3.3.3.jar;C:\Users\Owner\.gradle\caches\modules-2\files-2.1\org.lwjgl\lwjgl-cuda\3.3.3\e2de3beeba3e4c826317e31519a40f0585160acf\lwjgl-cuda-3.3.3.jar;C:\Users\Owner\.gradle\caches\modules-2\files-2.1\org.lwjgl\lwjgl-freetype\3.3.3\a0db6c84a8becc8ca05f9dbfa985edc348a824c7\lwjgl-freetype-3.3.3.jar;C:\Users\Owner\.gradle\caches\modules-2\files-2.1\org.lwjgl\lwjgl-glfw\3.3.3\efa1eb78c5ccd840e9f329717109b5e892d72f8e\lwjgl-glfw-3.3.3.jar;C:\Users\Owner\.gradle\caches\modules-2\files-2.1\org.lwjgl\lwjgl-hwloc\3.3.3\68333a022d5842b7bff95c70e4c3e1b2f126e783\lwjgl-hwloc-3.3.3.jar;C:\Users\Owner\.gradle\caches\modules-2\files-2.1\org.lwjgl\lwjgl-jawt\3.3.3\15479071013804d88cc810856fcc2548b457376c\lwjgl-jawt-3.3.3.jar;C:\Users\Owner\.gradle\caches\modules-2\files-2.1\org.lwjgl\lwjgl-nanovg\3.3.3\37f0b9fc142948c3b2c6cd563db7233b14b9640c\lwjgl-nanovg-3.3.3.jar;C:\Users\Owner\.gradle\caches\modules-2\files-2.1\org.lwjgl\lwjgl-nfd\3.3.3\f1b41d3a0a2f5cd2a55a6a59a618c87d0348681c\lwjgl-nfd-3.3.3.jar;C:\Users\Owner\.gradle\caches\modules-2\files-2.1\org.lwjgl\lwjgl-nuklear\3.3.3\d120a8ab01987e285f83f43f862bef728011d97d\lwjgl-nuklear-3.3.3.jar;C:\Users\Owner\.gradle\caches\modules-2\files-2.1\org.lwjgl\lwjgl-odbc\3.3.3\1719d4813fba2b4272afddcf30db98ec32e8bd37\lwjgl-odbc-3.3.3.jar;C:\Users\Owner\.gradle\caches\modules-2\files-2.1\org.lwjgl\lwjgl-openal\3.3.3\daada81ceb5fc0c291fbfdd4433cb8d9423577f2\lwjgl-openal-3.3.3.jar;C:\Users\Owner\.gradle\caches\modules-2\files-2.1\org.lwjgl\lwjgl-opencl\3.3.3\fdf4a5cce0b7499914ac96a87d75fa895a4e0699\lwjgl-opencl-3.3.3.jar;C:\Users\Owner\.gradle\caches\modules-2\files-2.1\org.lwjgl\lwjgl-opengl\3.3.3\2f6b0147078396a58979125a4c947664e98293a\lwjgl-opengl-3.3.3.jar;C:\Users\Owner\.gradle\caches\modules-2\files-2.1\org.lwjgl\lwjgl-shaderc\3.3.3\ae740d58fdc809c4350358a872b076bacbec27c1\lwjgl-shaderc-3.3.3.jar;C:\Users\Owner\.gradle\caches\modules-2\files-2.1\org.lwjgl\lwjgl-stb\3.3.3\25dd6161988d7e65f71d5065c99902402ee32746\lwjgl-stb-3.3.3.jar;C:\Users\Owner\.gradle\caches\modules-2\files-2.1\org.lwjgl\lwjgl-tootle\3.3.3\c6989921add57a1f59936bc4544431df4b837c8b\lwjgl-tootle-3.3.3.jar;C:\Users\Owner\.gradle\caches\modules-2\files-2.1\org.lwjgl\lwjgl\3.3.3\29589b5f87ed335a6c7e7ee6a5775f81f97ecb84\lwjgl-3.3.3.jar;C:\Users\Owner\.gradle\caches\modules-2\files-2.1\org.joml\joml\1.10.5\22566d58af70ad3d72308bab63b8339906deb649\joml-1.10.5.jar;C:\Users\Owner\.gradle\caches\modules-2\files-2.1\org.lwjgl\lwjgl-assimp\3.3.3\d90ccdade594716062975cffd1431d387f770ac4\lwjgl-assimp-3.3.3-natives-windows.jar;C:\Users\Owner\.gradle\caches\modules-2\files-2.1\org.lwjgl\lwjgl-freetype\3.3.3\81091b006dbb43fab04c8c638e9ac87c51b4096d\lwjgl-freetype-3.3.3-natives-windows.jar;C:\Users\Owner\.gradle\caches\modules-2\files-2.1\org.lwjgl\lwjgl-glfw\3.3.3\e449e28b4891fc423c54c85fbc5bb0b9efece67a\lwjgl-glfw-3.3.3-natives-windows.jar;C:\Users\Owner\.gradle\caches\modules-2\files-2.1\org.lwjgl\lwjgl-hwloc\3.3.3\ea032ea737568d700f43cc9f052d51384ce20ebe\lwjgl-hwloc-3.3.3-natives-windows.jar;C:\Users\Owner\.gradle\caches\modules-2\files-2.1\org.lwjgl\lwjgl-nanovg\3.3.3\ccfbc346c4ce0737b7fe758d6337a3741af2f256\lwjgl-nanovg-3.3.3-natives-windows.jar;C:\Users\Owner\.gradle\caches\modules-2\files-2.1\org.lwjgl\lwjgl-nfd\3.3.3\3a39132eef695dcb7631adc1d02e493527940d10\lwjgl-nfd-3.3.3-natives-windows.jar;C:\Users\Owner\.gradle\caches\modules-2\files-2.1\org.lwjgl\lwjgl-nuklear\3.3.3\3132690c8cbbdd7c948eb233610151b6a6c62b9a\lwjgl-nuklear-3.3.3-natives-windows.jar;C:\Users\Owner\.gradle\caches\modules-2\files-2.1\org.lwjgl\lwjgl-openal\3.3.3\cf83862ae95d98496b26915024c7e666d8ab1c8f\lwjgl-openal-3.3.3-natives-windows.jar;C:\Users\Owner\.gradle\caches\modules-2\files-2.1\org.lwjgl\lwjgl-opengl\3.3.3\e6c1eec8be8a71951b830a4d69efc01c6531900c\lwjgl-opengl-3.3.3-natives-windows.jar;C:\Users\Owner\.gradle\caches\modules-2\files-2.1\org.lwjgl\lwjgl-shaderc\3.3.3\2bdcb9d4c1a8debf8c82dcb6968c3f23f126af6b\lwjgl-shaderc-3.3.3-natives-windows.jar;C:\Users\Owner\.gradle\caches\modules-2\files-2.1\org.lwjgl\lwjgl-stb\3.3.3\1d9facdf6541de114b0f963be33505b7679c78cb\lwjgl-stb-3.3.3-natives-windows.jar;C:\Users\Owner\.gradle\caches\modules-2\files-2.1\org.lwjgl\lwjgl-tootle\3.3.3\6de41fb81ea077cb3829b25c6636987f011997fc\lwjgl-tootle-3.3.3-natives-windows.jar;C:\Users\Owner\.gradle\caches\modules-2\files-2.1\org.lwjgl\lwjgl\3.3.3\a5ed18a2b82fc91b81f40d717cb1f64c9dcb0540\lwjgl-3.3.3-natives-windows.jar
Launcher Type: SUN_STANDARD

[Global flags]
     intx CICompilerCount                          = 4                                         {product} {ergonomic}
     uint ConcGCThreads                            = 2                                         {product} {ergonomic}
     uint G1ConcRefinementThreads                  = 8                                         {product} {ergonomic}
   size_t G1HeapRegionSize                         = 2097152                                   {product} {ergonomic}
    uintx GCDrainStackTargetSize                   = 64                                        {product} {ergonomic}
   size_t InitialHeapSize                          = 199229440                                 {product} {ergonomic}
   size_t MarkStackSize                            = 4194304                                   {product} {ergonomic}
   size_t MaxHeapSize                              = 3179282432                                {product} {ergonomic}
   size_t MaxNewSize                               = 1906311168                                {product} {ergonomic}
   size_t MinHeapDeltaBytes                        = 2097152                                   {product} {ergonomic}
   size_t MinHeapSize                              = 8388608                                   {product} {ergonomic}
    uintx NonNMethodCodeHeapSize                   = 5839372                                {pd product} {ergonomic}
    uintx NonProfiledCodeHeapSize                  = 122909434                              {pd product} {ergonomic}
     bool PerfDisableSharedMem                     = true                                      {product} {ergonomic}
    uintx ProfiledCodeHeapSize                     = 122909434                              {pd product} {ergonomic}
    uintx ReservedCodeCacheSize                    = 251658240                              {pd product} {ergonomic}
     bool SegmentedCodeCache                       = true                                      {product} {ergonomic}
   size_t SoftMaxHeapSize                          = 3179282432                             {manageable} {ergonomic}
     bool UseCompressedClassPointers               = true                           {product lp64_product} {ergonomic}
     bool UseCompressedOops                        = true                           {product lp64_product} {ergonomic}
     bool UseG1GC                                  = true                                      {product} {ergonomic}
     bool UseLargePagesIndividualAllocation        = false                                  {pd product} {ergonomic}

Logging:
Log output configuration:
 #0: stdout all=warning uptime,level,tags foldmultilines=false
 #1: stderr all=off uptime,level,tags foldmultilines=false

Environment Variables:
PATH=C:\Program Files (x86)\Common Files\Oracle\Java\javapath;C:\Program Files (x86)\Intel\Intel(R) Management Engine Components\iCLS\;C:\Program Files\Intel\Intel(R) Management Engine Components\iCLS\;C:\windows\system32;C:\windows;C:\windows\System32\Wbem;C:\windows\System32\WindowsPowerShell\v1.0\;C:\windows\System32\OpenSSH\;C:\Program Files (x86)\Intel\Intel(R) Management Engine Components\DAL;C:\Program Files\Intel\Intel(R) Management Engine Components\DAL;C:\Program Files (x86)\Intel\Intel(R) Management Engine Components\IPT;C:\Program Files\Intel\Intel(R) Management Engine Components\IPT;C:\Program Files (x86)\NVIDIA Corporation\PhysX\Common;C:\Program Files\Intel\WiFi\bin\;C:\Program Files\Common Files\Intel\WirelessCommon\;C:\WINDOWS\system32;C:\WINDOWS;C:\WINDOWS\System32\Wbem;C:\WINDOWS\System32\WindowsPowerShell\v1.0\;C:\WINDOWS\System32\OpenSSH\;C:\Program Files\PuTTY\;C:\Program Files\nodejs\;C:\Program Files\Git\cmd;C:\Users\Owner\AppData\Local\Microsoft\WindowsApps;;C:\Users\Owner\Desktop\Microsoft VS Code\bin;C:\Users\Owner\AppData\Roaming\npm
USERNAME=Owner
OS=Windows_NT
PROCESSOR_IDENTIFIER=Intel64 Family 6 Model 142 Stepping 10, GenuineIntel
TMP=C:\Users\Owner\AppData\Local\Temp
TEMP=C:\Users\Owner\AppData\Local\Temp



---------------  S Y S T E M  ---------------

OS:
 Windows 11 , 64 bit Build 22621 (10.0.22621.3958)
OS uptime: 6 days 16:24 hours
Hyper-V role detected

CPU: total 8 (initial active 8) (4 cores per cpu, 2 threads per core) family 6 model 142 stepping 10 microcode 0xe0, cx8, cmov, fxsr, ht, mmx, 3dnowpref, sse, sse2, sse3, ssse3, sse4.1, sse4.2, popcnt, lzcnt, tsc, tscinvbit, avx, avx2, aes, erms, clmul, bmi1, bmi2, adx, fma, vzeroupper, clflush, clflushopt, hv, rdtscp

Memory: 4k page, system-wide physical 12122M (3432M free)
TotalPageFile size 13978M (AvailPageFile size 3655M)
current process WorkingSet (physical memory assigned to process): 95M, peak: 95M
current process commit charge ("private bytes"): 292M, peak: 292M

vm_info: OpenJDK 64-Bit Server VM (19.0.2+7-FR) for windows-amd64 JRE (19.0.2+7-FR), built on Jan 13 2023 22:53:32 by "Administrator" with MS VC++ 15.9 (VS2017)

END.
